Added Component: Designator=BR1(EN11-HSM)
Add component. Clean all parameters for all variants
Add component (AddParameter): Name = "Documentation"; Value = "http://belchip.by/sitedocs/18676.pdf"; VariantName = "[No Variations]"
Add component (AddParameter): Name = "Manufacturer"; Value = "TTelectronics"; VariantName = "[No Variations]"
Add component (AddParameter): Name = "Package"; Value = "CWF-3R"; VariantName = "[No Variations]"
Add component (AddParameter): Name = "Part Number"; Value = "EN11 - VSM 1 A F 20"; VariantName = "[No Variations]"
Add component (AddParameter): Name = "Price"; Value = "0.05"; VariantName = "[No Variations]"
Add component (AddParameter): Name = "Quantity"; Value = "3"; VariantName = "[No Variations]"
Add component (AddParameter): Name = "ShoppingPlace"; Value = "http://belchip.by/product/?selected_product=17773"; VariantName = "[No Variations]"
Add component (AddParameter): Name = "Value"; Value = ""; VariantName = "[No Variations]"
Added Component: Designator=C1(CAP1206)
Add component. Clean all parameters for all variants
Add component (AddParameter): Name = "Manufacturer"; Value = "Samsung"; VariantName = "[No Variations]"
Add component (AddParameter): Name = "Package"; Value = "1206"; VariantName = "[No Variations]"
Add component (AddParameter): Name = "Part Number"; Value = "CL31B104KBCNNNC"; VariantName = "[No Variations]"
Add component (AddParameter): Name = "Price"; Value = "0,035"; VariantName = "[No Variations]"
Add component (AddParameter): Name = "Quantity"; Value = "4"; VariantName = "[No Variations]"
Add component (AddParameter): Name = "ShoppingPlace"; Value = "http://belchip.by/product/?selected_product=31093"; VariantName = "[No Variations]"
Add component (AddParameter): Name = "Value"; Value = "100nF"; VariantName = "[No Variations]"
Add component (AddParameter): Name = "Voltage"; Value = "50V"; VariantName = "[No Variations]"
Added Component: Designator=C2(CAP1206)
Add component. Clean all parameters for all variants
Add component (AddParameter): Name = "Manufacturer"; Value = "Samsung"; VariantName = "[No Variations]"
Add component (AddParameter): Name = "Package"; Value = "1206"; VariantName = "[No Variations]"
Add component (AddParameter): Name = "Part Number"; Value = "NPO-50V"; VariantName = "[No Variations]"
Add component (AddParameter): Name = "Price"; Value = "0.025"; VariantName = "[No Variations]"
Add component (AddParameter): Name = "Quantity"; Value = "2"; VariantName = "[No Variations]"
Add component (AddParameter): Name = "ShoppingPlace"; Value = "http://belchip.by/product/?selected_product=00259"; VariantName = "[No Variations]"
Add component (AddParameter): Name = "Value"; Value = "22pF"; VariantName = "[No Variations]"
Add component (AddParameter): Name = "Voltage"; Value = "50V"; VariantName = "[No Variations]"
Added Component: Designator=C3(CAP1206)
Add component. Clean all parameters for all variants
Add component (AddParameter): Name = "Manufacturer"; Value = "Samsung"; VariantName = "[No Variations]"
Add component (AddParameter): Name = "Package"; Value = "1206"; VariantName = "[No Variations]"
Add component (AddParameter): Name = "Part Number"; Value = "NPO-50V"; VariantName = "[No Variations]"
Add component (AddParameter): Name = "Price"; Value = "0.025"; VariantName = "[No Variations]"
Add component (AddParameter): Name = "Quantity"; Value = "2"; VariantName = "[No Variations]"
Add component (AddParameter): Name = "ShoppingPlace"; Value = "http://belchip.by/product/?selected_product=00259"; VariantName = "[No Variations]"
Add component (AddParameter): Name = "Value"; Value = "22pF"; VariantName = "[No Variations]"
Add component (AddParameter): Name = "Voltage"; Value = "50V"; VariantName = "[No Variations]"
Added Component: Designator=C4(CAPAE120103X105MTypeG)
Add component. Clean all parameters for all variants
Add component (AddParameter): Name = "Documentation"; Value = "http://belchip.by/product/?selected_product=32976"; VariantName = "[No Variations]"
Add component (AddParameter): Name = "Manufacturer"; Value = " ËÚ‡È"; VariantName = "[No Variations]"
Add component (AddParameter): Name = "Package"; Value = "10x10"; VariantName = "[No Variations]"
Add component (AddParameter): Name = "Part Number"; Value = "220uF 35V 10x10"; VariantName = "[No Variations]"
Add component (AddParameter): Name = "Power"; Value = "10V"; VariantName = "[No Variations]"
Add component (AddParameter): Name = "Price"; Value = "1"; VariantName = "[No Variations]"
Add component (AddParameter): Name = "Quantity"; Value = "3"; VariantName = "[No Variations]"
Add component (AddParameter): Name = "ShoppingPlace"; Value = "http://belchip.by/product/?selected_product=32976"; VariantName = "[No Variations]"
Add component (AddParameter): Name = "Value"; Value = "220uF"; VariantName = "[No Variations]"
Added Component: Designator=C5(CAPAE120103X105MTypeG)
Add component. Clean all parameters for all variants
Add component (AddParameter): Name = "Documentation"; Value = "https://static.chipdip.ru/lib/051/DOC000051935.pdf"; VariantName = "[No Variations]"
Add component (AddParameter): Name = "Manufacturer"; Value = "EPCOS"; VariantName = "[No Variations]"
Add component (AddParameter): Name = "Package"; Value = "8x10"; VariantName = "[No Variations]"
Add component (AddParameter): Name = "Part Number"; Value = "B41121A3477M000"; VariantName = "[No Variations]"
Add component (AddParameter): Name = "Power"; Value = "25V"; VariantName = "[No Variations]"
Add component (AddParameter): Name = "Price"; Value = "2"; VariantName = "[No Variations]"
Add component (AddParameter): Name = "ShoppingPlace"; Value = "https://www.ru-chipdip.by/product/b41121a3477m000"; VariantName = "[No Variations]"
Add component (AddParameter): Name = "Value"; Value = "470uF"; VariantName = "[No Variations]"
Added Component: Designator=C6(CAPAE120103X105MTypeG)
Add component. Clean all parameters for all variants
Add component (AddParameter): Name = "Documentation"; Value = "https://static.chipdip.ru/lib/051/DOC000051935.pdf"; VariantName = "[No Variations]"
Add component (AddParameter): Name = "Manufacturer"; Value = "EPCOS"; VariantName = "[No Variations]"
Add component (AddParameter): Name = "Package"; Value = "8x10"; VariantName = "[No Variations]"
Add component (AddParameter): Name = "Part Number"; Value = "B41121A3477M000"; VariantName = "[No Variations]"
Add component (AddParameter): Name = "Power"; Value = "25V"; VariantName = "[No Variations]"
Add component (AddParameter): Name = "Price"; Value = "2"; VariantName = "[No Variations]"
Add component (AddParameter): Name = "ShoppingPlace"; Value = "https://www.ru-chipdip.by/product/b41121a3477m000"; VariantName = "[No Variations]"
Add component (AddParameter): Name = "Value"; Value = "470uF"; VariantName = "[No Variations]"
Added Component: Designator=C7(Type D)
Add component. Clean all parameters for all variants
Add component (AddParameter): Name = "Manufacturer"; Value = "Vishay"; VariantName = "[No Variations]"
Add component (AddParameter): Name = "Package"; Value = "TypeD"; VariantName = "[No Variations]"
Add component (AddParameter): Name = "Part Number"; Value = "D 10uF 25V 20"; VariantName = "[No Variations]"
Add component (AddParameter): Name = "Power"; Value = "25V"; VariantName = "[No Variations]"
Add component (AddParameter): Name = "Price"; Value = "0,23"; VariantName = "[No Variations]"
Add component (AddParameter): Name = "ShoppingPlace"; Value = "http://belchip.by/product/?selected_product=00096"; VariantName = "[No Variations]"
Add component (AddParameter): Name = "Value"; Value = "10uF"; VariantName = "[No Variations]"
Added Component: Designator=C8(CAP1206)
Add component. Clean all parameters for all variants
Add component (AddParameter): Name = "Manufacturer"; Value = "Samsung"; VariantName = "[No Variations]"
Add component (AddParameter): Name = "Package"; Value = "1206"; VariantName = "[No Variations]"
Add component (AddParameter): Name = "Part Number"; Value = "CL31B104KBCNNNC"; VariantName = "[No Variations]"
Add component (AddParameter): Name = "Price"; Value = "0,035"; VariantName = "[No Variations]"
Add component (AddParameter): Name = "Quantity"; Value = "4"; VariantName = "[No Variations]"
Add component (AddParameter): Name = "ShoppingPlace"; Value = "http://belchip.by/product/?selected_product=31093"; VariantName = "[No Variations]"
Add component (AddParameter): Name = "Value"; Value = "100nF"; VariantName = "[No Variations]"
Add component (AddParameter): Name = "Voltage"; Value = "50V"; VariantName = "[No Variations]"
Added Component: Designator=C9(CAPAE120103X105MTypeG)
Add component. Clean all parameters for all variants
Add component (AddParameter): Name = "Documentation"; Value = "http://belchip.by/product/?selected_product=32976"; VariantName = "[No Variations]"
Add component (AddParameter): Name = "Manufacturer"; Value = " ËÚ‡È"; VariantName = "[No Variations]"
Add component (AddParameter): Name = "Package"; Value = "10x10"; VariantName = "[No Variations]"
Add component (AddParameter): Name = "Part Number"; Value = "220uF 35V 10x10"; VariantName = "[No Variations]"
Add component (AddParameter): Name = "Power"; Value = "10V"; VariantName = "[No Variations]"
Add component (AddParameter): Name = "Price"; Value = "1"; VariantName = "[No Variations]"
Add component (AddParameter): Name = "Quantity"; Value = "3"; VariantName = "[No Variations]"
Add component (AddParameter): Name = "ShoppingPlace"; Value = "http://belchip.by/product/?selected_product=32976"; VariantName = "[No Variations]"
Add component (AddParameter): Name = "Value"; Value = "220uF"; VariantName = "[No Variations]"
Added Component: Designator=C10(CAP1206)
Add component. Clean all parameters for all variants
Add component (AddParameter): Name = "Manufacturer"; Value = "Samsung"; VariantName = "[No Variations]"
Add component (AddParameter): Name = "Package"; Value = "1206"; VariantName = "[No Variations]"
Add component (AddParameter): Name = "Part Number"; Value = "CL31B104KBCNNNC"; VariantName = "[No Variations]"
Add component (AddParameter): Name = "Price"; Value = "0,035"; VariantName = "[No Variations]"
Add component (AddParameter): Name = "Quantity"; Value = "4"; VariantName = "[No Variations]"
Add component (AddParameter): Name = "ShoppingPlace"; Value = "http://belchip.by/product/?selected_product=31093"; VariantName = "[No Variations]"
Add component (AddParameter): Name = "Value"; Value = "100nF"; VariantName = "[No Variations]"
Add component (AddParameter): Name = "Voltage"; Value = "50V"; VariantName = "[No Variations]"
Added Component: Designator=C11(CAP1206)
Add component. Clean all parameters for all variants
Add component (AddParameter): Name = "Manufacturer"; Value = "Samsung"; VariantName = "[No Variations]"
Add component (AddParameter): Name = "Package"; Value = "1206"; VariantName = "[No Variations]"
Add component (AddParameter): Name = "Part Number"; Value = "CL31B104KBCNNNC"; VariantName = "[No Variations]"
Add component (AddParameter): Name = "Price"; Value = "0,035"; VariantName = "[No Variations]"
Add component (AddParameter): Name = "Quantity"; Value = "4"; VariantName = "[No Variations]"
Add component (AddParameter): Name = "ShoppingPlace"; Value = "http://belchip.by/product/?selected_product=31093"; VariantName = "[No Variations]"
Add component (AddParameter): Name = "Value"; Value = "100nF"; VariantName = "[No Variations]"
Add component (AddParameter): Name = "Voltage"; Value = "50V"; VariantName = "[No Variations]"
Added Component: Designator=C12(CAP1206)
Add component. Clean all parameters for all variants
Add component (AddParameter): Name = "Manufacturer"; Value = "Samsung"; VariantName = "[No Variations]"
Add component (AddParameter): Name = "Package"; Value = "1206"; VariantName = "[No Variations]"
Add component (AddParameter): Name = "Part Number"; Value = "CL31B104KBCNNNC"; VariantName = "[No Variations]"
Add component (AddParameter): Name = "Price"; Value = "0,035"; VariantName = "[No Variations]"
Add component (AddParameter): Name = "Quantity"; Value = "4"; VariantName = "[No Variations]"
Add component (AddParameter): Name = "ShoppingPlace"; Value = "http://belchip.by/product/?selected_product=31093"; VariantName = "[No Variations]"
Add component (AddParameter): Name = "Value"; Value = "100nF"; VariantName = "[No Variations]"
Add component (AddParameter): Name = "Voltage"; Value = "50V"; VariantName = "[No Variations]"
Added Component: Designator=C13(CAP1206)
Add component. Clean all parameters for all variants
Add component (AddParameter): Name = "Manufacturer"; Value = "Samsung"; VariantName = "[No Variations]"
Add component (AddParameter): Name = "Package"; Value = "1206"; VariantName = "[No Variations]"
Add component (AddParameter): Name = "Part Number"; Value = "CL31B104KBCNNNC"; VariantName = "[No Variations]"
Add component (AddParameter): Name = "Price"; Value = "0,035"; VariantName = "[No Variations]"
Add component (AddParameter): Name = "Quantity"; Value = "4"; VariantName = "[No Variations]"
Add component (AddParameter): Name = "ShoppingPlace"; Value = "http://belchip.by/product/?selected_product=31093"; VariantName = "[No Variations]"
Add component (AddParameter): Name = "Value"; Value = "100nF"; VariantName = "[No Variations]"
Add component (AddParameter): Name = "Voltage"; Value = "50V"; VariantName = "[No Variations]"
Added Component: Designator=C14(CAP1206)
Add component. Clean all parameters for all variants
Add component (AddParameter): Name = "Manufacturer"; Value = "Samsung"; VariantName = "[No Variations]"
Add component (AddParameter): Name = "Package"; Value = "1206"; VariantName = "[No Variations]"
Add component (AddParameter): Name = "Part Number"; Value = "CL31B104KBCNNNC"; VariantName = "[No Variations]"
Add component (AddParameter): Name = "Price"; Value = "0,035"; VariantName = "[No Variations]"
Add component (AddParameter): Name = "Quantity"; Value = "4"; VariantName = "[No Variations]"
Add component (AddParameter): Name = "ShoppingPlace"; Value = "http://belchip.by/product/?selected_product=31093"; VariantName = "[No Variations]"
Add component (AddParameter): Name = "Value"; Value = "100nF"; VariantName = "[No Variations]"
Add component (AddParameter): Name = "Voltage"; Value = "50V"; VariantName = "[No Variations]"
Added Component: Designator=C15(CAP1206)
Add component. Clean all parameters for all variants
Add component (AddParameter): Name = "Manufacturer"; Value = "Samsung"; VariantName = "[No Variations]"
Add component (AddParameter): Name = "Package"; Value = "1206"; VariantName = "[No Variations]"
Add component (AddParameter): Name = "Part Number"; Value = "CL31B104KBCNNNC"; VariantName = "[No Variations]"
Add component (AddParameter): Name = "Price"; Value = "0,035"; VariantName = "[No Variations]"
Add component (AddParameter): Name = "Quantity"; Value = "4"; VariantName = "[No Variations]"
Add component (AddParameter): Name = "ShoppingPlace"; Value = "http://belchip.by/product/?selected_product=31093"; VariantName = "[No Variations]"
Add component (AddParameter): Name = "Value"; Value = "100nF"; VariantName = "[No Variations]"
Add component (AddParameter): Name = "Voltage"; Value = "50V"; VariantName = "[No Variations]"
Added Component: Designator=C16(CAP1206)
Add component. Clean all parameters for all variants
Add component (AddParameter): Name = "Manufacturer"; Value = "Samsung"; VariantName = "[No Variations]"
Add component (AddParameter): Name = "Package"; Value = "1206"; VariantName = "[No Variations]"
Add component (AddParameter): Name = "Part Number"; Value = "CL31B104KBCNNNC"; VariantName = "[No Variations]"
Add component (AddParameter): Name = "Price"; Value = "0,035"; VariantName = "[No Variations]"
Add component (AddParameter): Name = "Quantity"; Value = "4"; VariantName = "[No Variations]"
Add component (AddParameter): Name = "ShoppingPlace"; Value = "http://belchip.by/product/?selected_product=31093"; VariantName = "[No Variations]"
Add component (AddParameter): Name = "Value"; Value = "100nF"; VariantName = "[No Variations]"
Add component (AddParameter): Name = "Voltage"; Value = "50V"; VariantName = "[No Variations]"
Added Component: Designator=C17(CAP1206)
Add component. Clean all parameters for all variants
Add component (AddParameter): Name = "Manufacturer"; Value = "Samsung"; VariantName = "[No Variations]"
Add component (AddParameter): Name = "Package"; Value = "1206"; VariantName = "[No Variations]"
Add component (AddParameter): Name = "Part Number"; Value = "CL31B104KBCNNNC"; VariantName = "[No Variations]"
Add component (AddParameter): Name = "Price"; Value = "0,035"; VariantName = "[No Variations]"
Add component (AddParameter): Name = "Quantity"; Value = "4"; VariantName = "[No Variations]"
Add component (AddParameter): Name = "ShoppingPlace"; Value = "http://belchip.by/product/?selected_product=31093"; VariantName = "[No Variations]"
Add component (AddParameter): Name = "Value"; Value = "100nF"; VariantName = "[No Variations]"
Add component (AddParameter): Name = "Voltage"; Value = "50V"; VariantName = "[No Variations]"
Added Component: Designator=DA1(SO-8)
Add component. Clean all parameters for all variants
Add component (AddParameter): Name = "Manufacturer"; Value = "ON Semiconductor"; VariantName = "[No Variations]"
Add component (AddParameter): Name = "Package"; Value = "SO-8"; VariantName = "[No Variations]"
Add component (AddParameter): Name = "part Number"; Value = "MC34063"; VariantName = "[No Variations]"
Add component (AddParameter): Name = "Price"; Value = "0,3"; VariantName = "[No Variations]"
Add component (AddParameter): Name = "Quantity"; Value = "1"; VariantName = "[No Variations]"
Add component (AddParameter): Name = "ShoppingPlace"; Value = "http://belchip.by/product/?selected_product=28823"; VariantName = "[No Variations]"
Add component (AddParameter): Name = "Value"; Value = ""; VariantName = "[No Variations]"
Added Component: Designator=DD1(TQFP80P1200X1200X120-44N)
Add component. Clean all parameters for all variants
Add component (AddParameter): Name = "Documentation"; Value = "http://belchip.by/sitedocs/00002095.pdf"; VariantName = "[No Variations]"
Add component (AddParameter): Name = "Manufacturer"; Value = "ATmel"; VariantName = "[No Variations]"
Add component (AddParameter): Name = "Package"; Value = "TQFP44"; VariantName = "[No Variations]"
Add component (AddParameter): Name = "Part Number"; Value = "ATMega16"; VariantName = "[No Variations]"
Add component (AddParameter): Name = "Price"; Value = "5,2"; VariantName = "[No Variations]"
Add component (AddParameter): Name = "Quantity"; Value = "1"; VariantName = "[No Variations]"
Add component (AddParameter): Name = "ShoppingPlace"; Value = "http://belchip.by/product/?selected_product=02095"; VariantName = "[No Variations]"
Add component (AddParameter): Name = "Value"; Value = "ATMega16"; VariantName = "[No Variations]"
Added Component: Designator=HL1(LED1206)
Add component. Clean all parameters for all variants
Add component (AddParameter): Name = "Manufacturer"; Value = "G-NOR"; VariantName = "[No Variations]"
Add component (AddParameter): Name = "Package"; Value = "1206"; VariantName = "[No Variations]"
Add component (AddParameter): Name = "Part Number"; Value = "GNL-1206UYC"; VariantName = "[No Variations]"
Add component (AddParameter): Name = "Price"; Value = "0.06"; VariantName = "[No Variations]"
Add component (AddParameter): Name = "Quantity"; Value = "6"; VariantName = "[No Variations]"
Add component (AddParameter): Name = "ShoppingPlace"; Value = "http://belchip.by/product/?selected_product=00949"; VariantName = "[No Variations]"
Add component (AddParameter): Name = "Value"; Value = "YELLOW"; VariantName = "[No Variations]"
Added Component: Designator=HL2(LED1206)
Add component. Clean all parameters for all variants
Add component (AddParameter): Name = "Manufacturer"; Value = "G-NOR"; VariantName = "[No Variations]"
Add component (AddParameter): Name = "Package"; Value = "1206"; VariantName = "[No Variations]"
Add component (AddParameter): Name = "Part Number"; Value = "GNL-1206UYC"; VariantName = "[No Variations]"
Add component (AddParameter): Name = "Price"; Value = "0.06"; VariantName = "[No Variations]"
Add component (AddParameter): Name = "Quantity"; Value = "6"; VariantName = "[No Variations]"
Add component (AddParameter): Name = "ShoppingPlace"; Value = "http://belchip.by/product/?selected_product=00949"; VariantName = "[No Variations]"
Add component (AddParameter): Name = "Value"; Value = "YELLOW"; VariantName = "[No Variations]"
Added Component: Designator=HL3(LED1206)
Add component. Clean all parameters for all variants
Add component (AddParameter): Name = "Manufacturer"; Value = "G-NOR"; VariantName = "[No Variations]"
Add component (AddParameter): Name = "Package"; Value = "1206"; VariantName = "[No Variations]"
Add component (AddParameter): Name = "Part Number"; Value = "GNL-1206URC"; VariantName = "[No Variations]"
Add component (AddParameter): Name = "Price"; Value = "0.06"; VariantName = "[No Variations]"
Add component (AddParameter): Name = "Quantity"; Value = "6"; VariantName = "[No Variations]"
Add component (AddParameter): Name = "ShoppingPlace"; Value = "http://belchip.by/product/?selected_product=00953"; VariantName = "[No Variations]"
Add component (AddParameter): Name = "Value"; Value = "RED"; VariantName = "[No Variations]"
Added Component: Designator=L1(SDR0805)
Add component. Clean all parameters for all variants
Add component (AddParameter): Name = "Documentation"; Value = "http://docs-europe.electrocomponents.com/webdocs/150d/0900766b8150ddf1.pdf"; VariantName = "[No Variations]"
Add component (AddParameter): Name = "Manufacturer"; Value = "BOURNS"; VariantName = "[No Variations]"
Add component (AddParameter): Name = "Package"; Value = "SDR0805"; VariantName = "[No Variations]"
Add component (AddParameter): Name = "Part Number"; Value = "SDR0805-221KL"; VariantName = "[No Variations]"
Add component (AddParameter): Name = "Price"; Value = "1"; VariantName = "[No Variations]"
Add component (AddParameter): Name = "Quantity"; Value = "1"; VariantName = "[No Variations]"
Add component (AddParameter): Name = "ShoppingPlace"; Value = "https://www.ru-chipdip.by/product/sdr1105-201k"; VariantName = "[No Variations]"
Add component (AddParameter): Name = "Value"; Value = "220uH"; VariantName = "[No Variations]"
Added Component: Designator=L2(LQG15HN15NJ)
Add component. Clean all parameters for all variants
Add component (AddParameter): Name = "Manufacturer"; Value = "Bourns"; VariantName = "[No Variations]"
Add component (AddParameter): Name = "Package"; Value = "1812"; VariantName = "[No Variations]"
Add component (AddParameter): Name = "Part Number"; Value = "CM453232-1R0KL"; VariantName = "[No Variations]"
Add component (AddParameter): Name = "Price"; Value = "0.225"; VariantName = "[No Variations]"
Add component (AddParameter): Name = "Quantity"; Value = "2"; VariantName = "[No Variations]"
Add component (AddParameter): Name = "ShoppingPlace"; Value = "https://www.ru-chipdip.by/product/cm453232-1r0kl"; VariantName = "[No Variations]"
Add component (AddParameter): Name = "Value"; Value = "1u"; VariantName = "[No Variations]"
Added Component: Designator=L3(LQG15HN15NJ)
Add component. Clean all parameters for all variants
Add component (AddParameter): Name = "Manufacturer"; Value = "Bourns"; VariantName = "[No Variations]"
Add component (AddParameter): Name = "Package"; Value = "1812"; VariantName = "[No Variations]"
Add component (AddParameter): Name = "Part Number"; Value = "CM453232-1R0KL"; VariantName = "[No Variations]"
Add component (AddParameter): Name = "Price"; Value = "0.225"; VariantName = "[No Variations]"
Add component (AddParameter): Name = "Quantity"; Value = "2"; VariantName = "[No Variations]"
Add component (AddParameter): Name = "ShoppingPlace"; Value = "https://www.ru-chipdip.by/product/cm453232-1r0kl"; VariantName = "[No Variations]"
Add component (AddParameter): Name = "Value"; Value = "1u"; VariantName = "[No Variations]"
Added Component: Designator=R1(1206)
Add component. Clean all parameters for all variants
Add component (AddParameter): Name = "Manufacturer"; Value = "Royal Ohm"; VariantName = "[No Variations]"
Add component (AddParameter): Name = "Package"; Value = "1206"; VariantName = "[No Variations]"
Add component (AddParameter): Name = "Part Number"; Value = "RC1206FR-071KL"; VariantName = "[No Variations]"
Add component (AddParameter): Name = "Power"; Value = "0.25W"; VariantName = "[No Variations]"
Add component (AddParameter): Name = "Price"; Value = "0,02"; VariantName = "[No Variations]"
Add component (AddParameter): Name = "Quntity"; Value = "1"; VariantName = "[No Variations]"
Add component (AddParameter): Name = "ShoppingPlace"; Value = "http://belchip.by/product/?selected_product=19295"; VariantName = "[No Variations]"
Add component (AddParameter): Name = "Value"; Value = "1k ŒÏ"; VariantName = "[No Variations]"
Added Component: Designator=R2(1206)
Add component. Clean all parameters for all variants
Add component (AddParameter): Name = "Manufacturer"; Value = "YAGEO"; VariantName = "[No Variations]"
Add component (AddParameter): Name = "Package"; Value = "1206"; VariantName = "[No Variations]"
Add component (AddParameter): Name = "Part Number"; Value = "RC1206JR-07470RL"; VariantName = "[No Variations]"
Add component (AddParameter): Name = "Power"; Value = "0.25W"; VariantName = "[No Variations]"
Add component (AddParameter): Name = "Price"; Value = "0.15"; VariantName = "[No Variations]"
Add component (AddParameter): Name = "Quntity"; Value = "3"; VariantName = "[No Variations]"
Add component (AddParameter): Name = "ShoppingPlace"; Value = "http://belchip.by/product/?selected_product=32449"; VariantName = "[No Variations]"
Add component (AddParameter): Name = "Value"; Value = "470"; VariantName = "[No Variations]"
Added Component: Designator=R3(1206)
Add component. Clean all parameters for all variants
Add component (AddParameter): Name = "Manufacturer"; Value = "YAGEO"; VariantName = "[No Variations]"
Add component (AddParameter): Name = "Package"; Value = "1206"; VariantName = "[No Variations]"
Add component (AddParameter): Name = "Part Number"; Value = "RC1206JR-07470RL"; VariantName = "[No Variations]"
Add component (AddParameter): Name = "Power"; Value = "0.25W"; VariantName = "[No Variations]"
Add component (AddParameter): Name = "Price"; Value = "0.15"; VariantName = "[No Variations]"
Add component (AddParameter): Name = "Quntity"; Value = "3"; VariantName = "[No Variations]"
Add component (AddParameter): Name = "ShoppingPlace"; Value = "http://belchip.by/product/?selected_product=32449"; VariantName = "[No Variations]"
Add component (AddParameter): Name = "Value"; Value = "470"; VariantName = "[No Variations]"
Added Component: Designator=R4(1206)
Add component. Clean all parameters for all variants
Add component (AddParameter): Name = "Documentation"; Value = "http://belchip.by/sitedocs/18520.pdf"; VariantName = "[No Variations]"
Add component (AddParameter): Name = "Manufacturer"; Value = "Royal Ohm"; VariantName = "[No Variations]"
Add component (AddParameter): Name = "Package"; Value = "1206"; VariantName = "[No Variations]"
Add component (AddParameter): Name = "Part Number"; Value = "RC1206FR-12060R33"; VariantName = "[No Variations]"
Add component (AddParameter): Name = "Power"; Value = "0.25W"; VariantName = "[No Variations]"
Add component (AddParameter): Name = "Price"; Value = "0,5"; VariantName = "[No Variations]"
Add component (AddParameter): Name = "Quntity"; Value = "1"; VariantName = "[No Variations]"
Add component (AddParameter): Name = "ShoppingPlace"; Value = "http://belchip.by/product/?selected_product=32979"; VariantName = "[No Variations]"
Add component (AddParameter): Name = "Value"; Value = "0,33 ŒÏ"; VariantName = "[No Variations]"
Added Component: Designator=R5(1206)
Add component. Clean all parameters for all variants
Add component (AddParameter): Name = "Manufacturer"; Value = "–‘"; VariantName = "[No Variations]"
Add component (AddParameter): Name = "Package"; Value = "1206"; VariantName = "[No Variations]"
Add component (AddParameter): Name = "Part Number"; Value = "1206 1.2K"; VariantName = "[No Variations]"
Add component (AddParameter): Name = "Power"; Value = "0.25W"; VariantName = "[No Variations]"
Add component (AddParameter): Name = "Price"; Value = "0,15"; VariantName = "[No Variations]"
Add component (AddParameter): Name = "Quntity"; Value = "1"; VariantName = "[No Variations]"
Add component (AddParameter): Name = "ShoppingPlace"; Value = "http://belchip.by/product/?selected_product=01386"; VariantName = "[No Variations]"
Add component (AddParameter): Name = "Value"; Value = "1.2k ŒÏ"; VariantName = "[No Variations]"
Added Component: Designator=R6(1206)
Add component. Clean all parameters for all variants
Add component (AddParameter): Name = "Manufacturer"; Value = "–‘"; VariantName = "[No Variations]"
Add component (AddParameter): Name = "Package"; Value = "1206"; VariantName = "[No Variations]"
Add component (AddParameter): Name = "Part Number"; Value = "1206 3.6K"; VariantName = "[No Variations]"
Add component (AddParameter): Name = "Power"; Value = "0.25W"; VariantName = "[No Variations]"
Add component (AddParameter): Name = "Price"; Value = "1"; VariantName = "[No Variations]"
Add component (AddParameter): Name = "Quntity"; Value = "1"; VariantName = "[No Variations]"
Add component (AddParameter): Name = "ShoppingPlace"; Value = "http://belchip.by/product/?selected_product=01396"; VariantName = "[No Variations]"
Add component (AddParameter): Name = "Value"; Value = "3.6kŒÏ"; VariantName = "[No Variations]"
Added Component: Designator=R7(1206)
Add component. Clean all parameters for all variants
Add component (AddParameter): Name = "Manufacturer"; Value = "–‘"; VariantName = "[No Variations]"
Add component (AddParameter): Name = "Package"; Value = "1206"; VariantName = "[No Variations]"
Add component (AddParameter): Name = "Part Number"; Value = "SMD 1206 2K"; VariantName = "[No Variations]"
Add component (AddParameter): Name = "Power"; Value = "0,25W"; VariantName = "[No Variations]"
Add component (AddParameter): Name = "Price"; Value = "0,15"; VariantName = "[No Variations]"
Add component (AddParameter): Name = "Quntity"; Value = "1"; VariantName = "[No Variations]"
Add component (AddParameter): Name = "ShoppingPlace"; Value = "http://belchip.by/product/?selected_product=01391"; VariantName = "[No Variations]"
Add component (AddParameter): Name = "Value"; Value = "2 ÍŒÏ"; VariantName = "[No Variations]"
Added Component: Designator=R8(1206)
Add component. Clean all parameters for all variants
Add component (AddParameter): Name = "Manufacturer"; Value = "Royal Ohm"; VariantName = "[No Variations]"
Add component (AddParameter): Name = "Package"; Value = "1206"; VariantName = "[No Variations]"
Add component (AddParameter): Name = "Part Number"; Value = "HP06-220R5"; VariantName = "[No Variations]"
Add component (AddParameter): Name = "Power"; Value = "0.25W"; VariantName = "[No Variations]"
Add component (AddParameter): Name = "Price"; Value = "0,02"; VariantName = "[No Variations]"
Add component (AddParameter): Name = "Quntity"; Value = "1"; VariantName = "[No Variations]"
Add component (AddParameter): Name = "ShoppingPlace"; Value = "http://belchip.by/product/?selected_product=06325"; VariantName = "[No Variations]"
Add component (AddParameter): Name = "Value"; Value = "220"; VariantName = "[No Variations]"
Added Component: Designator=R9(1206)
Add component. Clean all parameters for all variants
Add component (AddParameter): Name = "Manufacturer"; Value = "YAGEO"; VariantName = "[No Variations]"
Add component (AddParameter): Name = "Package"; Value = "1206"; VariantName = "[No Variations]"
Add component (AddParameter): Name = "Part Number"; Value = "RC1206JR-074K7L"; VariantName = "[No Variations]"
Add component (AddParameter): Name = "Power"; Value = "0.25W"; VariantName = "[No Variations]"
Add component (AddParameter): Name = "Price"; Value = "0,15"; VariantName = "[No Variations]"
Add component (AddParameter): Name = "Quntity"; Value = "4"; VariantName = "[No Variations]"
Add component (AddParameter): Name = "ShoppingPlace"; Value = "http://belchip.by/product/?selected_product=01399"; VariantName = "[No Variations]"
Add component (AddParameter): Name = "Value"; Value = "4.7 ÍŒÏ"; VariantName = "[No Variations]"
Added Component: Designator=R10(1206)
Add component. Clean all parameters for all variants
Add component (AddParameter): Name = "Manufacturer"; Value = "YAGEO"; VariantName = "[No Variations]"
Add component (AddParameter): Name = "Package"; Value = "1206"; VariantName = "[No Variations]"
Add component (AddParameter): Name = "Part Number"; Value = "RC1206JR-0710KL"; VariantName = "[No Variations]"
Add component (AddParameter): Name = "Power"; Value = "0.25W"; VariantName = "[No Variations]"
Add component (AddParameter): Name = "Price"; Value = "0.15"; VariantName = "[No Variations]"
Add component (AddParameter): Name = "Quntity"; Value = "1"; VariantName = "[No Variations]"
Add component (AddParameter): Name = "ShoppingPlace"; Value = "http://belchip.by/product/?selected_product=31101"; VariantName = "[No Variations]"
Add component (AddParameter): Name = "Value"; Value = "10ÍŒÏ"; VariantName = "[No Variations]"
Added Component: Designator=R11(1206)
Add component. Clean all parameters for all variants
Add component (AddParameter): Name = "Manufacturer"; Value = "YAGEO"; VariantName = "[No Variations]"
Add component (AddParameter): Name = "Package"; Value = "1206"; VariantName = "[No Variations]"
Add component (AddParameter): Name = "Part Number"; Value = "RC1206JR-074K7L"; VariantName = "[No Variations]"
Add component (AddParameter): Name = "Power"; Value = "0.25W"; VariantName = "[No Variations]"
Add component (AddParameter): Name = "Price"; Value = "0,15"; VariantName = "[No Variations]"
Add component (AddParameter): Name = "Quntity"; Value = "4"; VariantName = "[No Variations]"
Add component (AddParameter): Name = "ShoppingPlace"; Value = "http://belchip.by/product/?selected_product=01399"; VariantName = "[No Variations]"
Add component (AddParameter): Name = "Value"; Value = "4.7 ÍŒÏ"; VariantName = "[No Variations]"
Added Component: Designator=R12(1206)
Add component. Clean all parameters for all variants
Add component (AddParameter): Name = "Manufacturer"; Value = "RF"; VariantName = "[No Variations]"
Add component (AddParameter): Name = "Package"; Value = "1206"; VariantName = "[No Variations]"
Add component (AddParameter): Name = "Part Number"; Value = "130R"; VariantName = "[No Variations]"
Add component (AddParameter): Name = "Power"; Value = "0.25W"; VariantName = "[No Variations]"
Add component (AddParameter): Name = "Price"; Value = "0,15"; VariantName = "[No Variations]"
Add component (AddParameter): Name = "Quntity"; Value = "1"; VariantName = "[No Variations]"
Add component (AddParameter): Name = "ShoppingPlace"; Value = "http://belchip.by/product/?selected_product=01363"; VariantName = "[No Variations]"
Add component (AddParameter): Name = "Value"; Value = "130 ŒÏ"; VariantName = "[No Variations]"
Added Component: Designator=R13(1206)
Add component. Clean all parameters for all variants
Add component (AddParameter): Name = "Manufacturer"; Value = "YAGEO"; VariantName = "[No Variations]"
Add component (AddParameter): Name = "Package"; Value = "1206"; VariantName = "[No Variations]"
Add component (AddParameter): Name = "Part Number"; Value = "RC1206JR-07470RL"; VariantName = "[No Variations]"
Add component (AddParameter): Name = "Power"; Value = "0.25W"; VariantName = "[No Variations]"
Add component (AddParameter): Name = "Price"; Value = "0.15"; VariantName = "[No Variations]"
Add component (AddParameter): Name = "Quntity"; Value = "3"; VariantName = "[No Variations]"
Add component (AddParameter): Name = "ShoppingPlace"; Value = "http://belchip.by/product/?selected_product=32449"; VariantName = "[No Variations]"
Add component (AddParameter): Name = "Value"; Value = "470"; VariantName = "[No Variations]"
Added Component: Designator=R14(1206)
Add component. Clean all parameters for all variants
Add component (AddParameter): Name = "Manufacturer"; Value = "YAGEO"; VariantName = "[No Variations]"
Add component (AddParameter): Name = "Package"; Value = "1206"; VariantName = "[No Variations]"
Add component (AddParameter): Name = "Part Number"; Value = "RC1206JR-074K7L"; VariantName = "[No Variations]"
Add component (AddParameter): Name = "Power"; Value = "0.25W"; VariantName = "[No Variations]"
Add component (AddParameter): Name = "Price"; Value = "0,15"; VariantName = "[No Variations]"
Add component (AddParameter): Name = "Quntity"; Value = "4"; VariantName = "[No Variations]"
Add component (AddParameter): Name = "ShoppingPlace"; Value = "http://belchip.by/product/?selected_product=01399"; VariantName = "[No Variations]"
Add component (AddParameter): Name = "Value"; Value = "4.7 ÍŒÏ"; VariantName = "[No Variations]"
Added Component: Designator=SB1(KLS2)
Add component. Clean all parameters for all variants
Add component (AddParameter): Name = "Manufacturer"; Value = "RUICHI"; VariantName = "[No Variations]"
Add component (AddParameter): Name = "Package"; Value = "4,5x4,5x3,8"; VariantName = "[No Variations]"
Add component (AddParameter): Name = "Part Number"; Value = "IT-1109"; VariantName = "[No Variations]"
Add component (AddParameter): Name = "Price"; Value = "0,1"; VariantName = "[No Variations]"
Add component (AddParameter): Name = "Quantity"; Value = "2"; VariantName = "[No Variations]"
Add component (AddParameter): Name = "ShoppingPlace"; Value = "http://belchip.by/product/?selected_product=03267"; VariantName = "[No Variations]"
Add component (AddParameter): Name = "Value"; Value = ""; VariantName = "[No Variations]"
Added Component: Designator=SB2(KLS2)
Add component. Clean all parameters for all variants
Add component (AddParameter): Name = "Manufacturer"; Value = "RUICHI"; VariantName = "[No Variations]"
Add component (AddParameter): Name = "Package"; Value = "4,5x4,5x3,8"; VariantName = "[No Variations]"
Add component (AddParameter): Name = "Part Number"; Value = "IT-1109"; VariantName = "[No Variations]"
Add component (AddParameter): Name = "Price"; Value = "0,1"; VariantName = "[No Variations]"
Add component (AddParameter): Name = "Quantity"; Value = "2"; VariantName = "[No Variations]"
Add component (AddParameter): Name = "ShoppingPlace"; Value = "http://belchip.by/product/?selected_product=03267"; VariantName = "[No Variations]"
Add component (AddParameter): Name = "Value"; Value = ""; VariantName = "[No Variations]"
Added Component: Designator=VD1(DO-41-V)
Add component. Clean all parameters for all variants
Add component (AddParameter): Name = "Documentation"; Value = ""; VariantName = "[No Variations]"
Add component (AddParameter): Name = "Manufacturer"; Value = "GALAXY"; VariantName = "[No Variations]"
Add component (AddParameter): Name = "Package"; Value = "SOD-123"; VariantName = "[No Variations]"
Add component (AddParameter): Name = "Part Number"; Value = "1N5819"; VariantName = "[No Variations]"
Add component (AddParameter): Name = "Power"; Value = "1A"; VariantName = "[No Variations]"
Add component (AddParameter): Name = "Price"; Value = "0.12"; VariantName = "[No Variations]"
Add component (AddParameter): Name = "Quantity"; Value = "3"; VariantName = "[No Variations]"
Add component (AddParameter): Name = "ShoppingPlace"; Value = "http://belchip.by/product/?selected_product=08853"; VariantName = "[No Variations]"
Add component (AddParameter): Name = "Value"; Value = "40V"; VariantName = "[No Variations]"
Added Component: Designator=XP1(KLS2-EDR-500-2P)
Add component. Clean all parameters for all variants
Add component (AddParameter): Name = "Manufacturer"; Value = "–¡"; VariantName = "[No Variations]"
Add component (AddParameter): Name = "Package"; Value = "XY2500R-A-2P"; VariantName = "[No Variations]"
Add component (AddParameter): Name = "Part Number"; Value = "XY2500R-A-2P"; VariantName = "[No Variations]"
Add component (AddParameter): Name = "Price"; Value = "0,10"; VariantName = "[No Variations]"
Add component (AddParameter): Name = "Quantity"; Value = "2"; VariantName = "[No Variations]"
Add component (AddParameter): Name = "ShoppingPlace"; Value = "http://belchip.by/product/?selected_product=14514"; VariantName = "[No Variations]"
Add component (AddParameter): Name = "Value"; Value = "1000V"; VariantName = "[No Variations]"
Added Component: Designator=XP2(CWF-6R)
Add component. Clean all parameters for all variants
Add component (AddParameter): Name = "Manufacturer"; Value = "KLS"; VariantName = "[No Variations]"
Add component (AddParameter): Name = "Part Number"; Value = "CWF-6R"; VariantName = "[No Variations]"
Add component (AddParameter): Name = "Price"; Value = "1"; VariantName = "[No Variations]"
Add component (AddParameter): Name = "Quantity"; Value = "1"; VariantName = "[No Variations]"
Add component (AddParameter): Name = "shoppingPlace"; Value = "http://belchip.by/product/?selected_product=32444"; VariantName = "[No Variations]"
Add component (AddParameter): Name = "value"; Value = ""; VariantName = "[No Variations]"
Added Component: Designator=XP3(PLS-2-1)
Add component. Clean all parameters for all variants
Add component (AddParameter): Name = "Manufacturer"; Value = "KLS"; VariantName = "[No Variations]"
Add component (AddParameter): Name = "Package"; Value = "PLS2-1"; VariantName = "[No Variations]"
Add component (AddParameter): Name = "Part Number"; Value = "PLS2-1"; VariantName = "[No Variations]"
Add component (AddParameter): Name = "Price"; Value = "0.05"; VariantName = "[No Variations]"
Add component (AddParameter): Name = "Quantity"; Value = "3"; VariantName = "[No Variations]"
Add component (AddParameter): Name = "ShoppingPlace"; Value = "http://belchip.by/product/?selected_product=31993"; VariantName = "[No Variations]"
Add component (AddParameter): Name = "Value"; Value = ""; VariantName = "[No Variations]"
Added Component: Designator=XP4(KLS2-EDR-500-2P)
Add component. Clean all parameters for all variants
Add component (AddParameter): Name = "Manufacturer"; Value = "–¡"; VariantName = "[No Variations]"
Add component (AddParameter): Name = "Package"; Value = "XY2500R-A-2P"; VariantName = "[No Variations]"
Add component (AddParameter): Name = "Part Number"; Value = "XY2500R-A-2P"; VariantName = "[No Variations]"
Add component (AddParameter): Name = "Price"; Value = "0,10"; VariantName = "[No Variations]"
Add component (AddParameter): Name = "Quantity"; Value = "2"; VariantName = "[No Variations]"
Add component (AddParameter): Name = "ShoppingPlace"; Value = "http://belchip.by/product/?selected_product=14514"; VariantName = "[No Variations]"
Add component (AddParameter): Name = "Value"; Value = "1000V"; VariantName = "[No Variations]"
Added Component: Designator=ZQ1(HC49-S)
Add component. Clean all parameters for all variants
Add component (AddParameter): Name = "Manufacturer"; Value = "CHina"; VariantName = "[No Variations]"
Add component (AddParameter): Name = "Package"; Value = "HC-51"; VariantName = "[No Variations]"
Add component (AddParameter): Name = "Part Number"; Value = "HC49US-FF5F8.0000"; VariantName = "[No Variations]"
Add component (AddParameter): Name = "Price"; Value = "0,37"; VariantName = "[No Variations]"
Add component (AddParameter): Name = "Quantity"; Value = "1"; VariantName = "[No Variations]"
Add component (AddParameter): Name = "ShoppingPlace"; Value = "http://belchip.by/product/?selected_product=04623"; VariantName = "[No Variations]"
Add component (AddParameter): Name = "Value"; Value = "8MHz"; VariantName = "[No Variations]"
Added Pin To Net: NetName=+5V Pin=C9-1
Added Pin To Net: NetName=+5V Pin=C10-1
Added Pin To Net: NetName=+5V Pin=C12-1
Added Pin To Net: NetName=+5V Pin=C15-1
Added Pin To Net: NetName=+5V Pin=C16-1
Added Pin To Net: NetName=+5V Pin=DD1-5
Added Pin To Net: NetName=+5V Pin=DD1-17
Added Pin To Net: NetName=+5V Pin=DD1-38
Added Pin To Net: NetName=+5V Pin=L2-2
Added Pin To Net: NetName=+5V Pin=L3-2
Added Pin To Net: NetName=+5V Pin=R1-2
Added Pin To Net: NetName=+5V Pin=R7-2
Added Pin To Net: NetName=+5V Pin=R9-2
Added Pin To Net: NetName=+5V Pin=R11-2
Added Pin To Net: NetName=+5V Pin=R12-2
Added Pin To Net: NetName=+5V Pin=R13-2
Added Pin To Net: NetName=+5V Pin=R14-2
Added Pin To Net: NetName=+5V Pin=SB2-4
Added Net: Name=+5V
Added Pin To Net: NetName=+12V Pin=C4-1
Added Pin To Net: NetName=+12V Pin=DA1-6
Added Pin To Net: NetName=+12V Pin=R4-1
Added Pin To Net: NetName=+12V Pin=XP1-1
Added Pin To Net: NetName=+12V Pin=XP4-1
Added Net: Name=+12V
Added Pin To Net: NetName=AREF Pin=C8-2
Added Pin To Net: NetName=AREF Pin=DD1-29
Added Net: Name=AREF
Added Pin To Net: NetName=AVCC Pin=C7-1
Added Pin To Net: NetName=AVCC Pin=DD1-27
Added Pin To Net: NetName=AVCC Pin=L2-1
Added Pin To Net: NetName=AVCC Pin=R7-1
Added Net: Name=AVCC
Added Pin To Net: NetName=DIR_BUT Pin=DD1-19
Added Pin To Net: NetName=DIR_BUT Pin=R8-1
Added Net: Name=DIR_BUT
Added Pin To Net: NetName=DOWN_U Pin=DD1-41
Added Pin To Net: NetName=DOWN_U Pin=XP2-2
Added Net: Name=DOWN_U
Added Pin To Net: NetName=DOWN_V Pin=DD1-40
Added Pin To Net: NetName=DOWN_V Pin=XP2-4
Added Net: Name=DOWN_V
Added Pin To Net: NetName=DOWN_W Pin=DD1-44
Added Pin To Net: NetName=DOWN_W Pin=XP2-6
Added Net: Name=DOWN_W
Added Pin To Net: NetName=ENC1 Pin=BR1-5
Added Pin To Net: NetName=ENC1 Pin=C17-1
Added Pin To Net: NetName=ENC1 Pin=DD1-20
Added Pin To Net: NetName=ENC1 Pin=R14-1
Added Net: Name=ENC1
Added Pin To Net: NetName=ENC2 Pin=BR1-1
Added Pin To Net: NetName=ENC2 Pin=C14-1
Added Pin To Net: NetName=ENC2 Pin=DD1-11
Added Pin To Net: NetName=ENC2 Pin=R11-1
Added Net: Name=ENC2
Added Pin To Net: NetName=ENC3 Pin=BR1-2
Added Pin To Net: NetName=ENC3 Pin=C11-1
Added Pin To Net: NetName=ENC3 Pin=DD1-12
Added Pin To Net: NetName=ENC3 Pin=R9-1
Added Net: Name=ENC3
Added Pin To Net: NetName=GND Pin=BR1-3
Added Pin To Net: NetName=GND Pin=BR1-4
Added Pin To Net: NetName=GND Pin=C1-2
Added Pin To Net: NetName=GND Pin=C2-1
Added Pin To Net: NetName=GND Pin=C3-1
Added Pin To Net: NetName=GND Pin=C4-2
Added Pin To Net: NetName=GND Pin=C5-2
Added Pin To Net: NetName=GND Pin=C6-2
Added Pin To Net: NetName=GND Pin=C9-2
Added Pin To Net: NetName=GND Pin=C10-2
Added Pin To Net: NetName=GND Pin=C11-2
Added Pin To Net: NetName=GND Pin=C12-2
Added Pin To Net: NetName=GND Pin=C14-2
Added Pin To Net: NetName=GND Pin=C15-2
Added Pin To Net: NetName=GND Pin=C16-2
Added Pin To Net: NetName=GND Pin=C17-2
Added Pin To Net: NetName=GND Pin=DA1-4
Added Pin To Net: NetName=GND Pin=DD1-6
Added Pin To Net: NetName=GND Pin=DD1-18
Added Pin To Net: NetName=GND Pin=DD1-28
Added Pin To Net: NetName=GND Pin=DD1-39
Added Pin To Net: NetName=GND Pin=HL1-2
Added Pin To Net: NetName=GND Pin=HL2-2
Added Pin To Net: NetName=GND Pin=HL3-2
Added Pin To Net: NetName=GND Pin=R5-1
Added Pin To Net: NetName=GND Pin=R10-1
Added Pin To Net: NetName=GND Pin=SB1-1
Added Pin To Net: NetName=GND Pin=VD1-1
Added Pin To Net: NetName=GND Pin=XP1-2
Added Pin To Net: NetName=GND Pin=XP4-2
Added Net: Name=GND
Added Pin To Net: NetName=NetC5_1 Pin=C5-1
Added Pin To Net: NetName=NetC5_1 Pin=DA1-3
Added Net: Name=NetC5_1
Added Pin To Net: NetName=NetC6_1 Pin=C6-1
Added Pin To Net: NetName=NetC6_1 Pin=L1-2
Added Pin To Net: NetName=NetC6_1 Pin=L3-1
Added Pin To Net: NetName=NetC6_1 Pin=R6-2
Added Net: Name=NetC6_1
Added Pin To Net: NetName=NetC7_2 Pin=C7-2
Added Pin To Net: NetName=NetC7_2 Pin=C8-1
Added Net: Name=NetC7_2
Added Pin To Net: NetName=NetC13_1 Pin=C13-1
Added Pin To Net: NetName=NetC13_1 Pin=R12-1
Added Net: Name=NetC13_1
Added Pin To Net: NetName=NetC13_2 Pin=C13-2
Added Pin To Net: NetName=NetC13_2 Pin=R10-2
Added Net: Name=NetC13_2
Added Pin To Net: NetName=NetDA1_1 Pin=DA1-1
Added Pin To Net: NetName=NetDA1_1 Pin=DA1-7
Added Pin To Net: NetName=NetDA1_1 Pin=DA1-8
Added Pin To Net: NetName=NetDA1_1 Pin=R4-2
Added Net: Name=NetDA1_1
Added Pin To Net: NetName=NetDA1_2 Pin=DA1-2
Added Pin To Net: NetName=NetDA1_2 Pin=L1-1
Added Pin To Net: NetName=NetDA1_2 Pin=VD1-2
Added Net: Name=NetDA1_2
Added Pin To Net: NetName=NetDA1_5 Pin=DA1-5
Added Pin To Net: NetName=NetDA1_5 Pin=R5-2
Added Pin To Net: NetName=NetDA1_5 Pin=R6-1
Added Net: Name=NetDA1_5
Added Pin To Net: NetName=NetDD1_3 Pin=DD1-3
Added Pin To Net: NetName=NetDD1_3 Pin=R2-1
Added Net: Name=NetDD1_3
Added Pin To Net: NetName=NetDD1_15 Pin=DD1-15
Added Pin To Net: NetName=NetDD1_15 Pin=R3-1
Added Net: Name=NetDD1_15
Added Pin To Net: NetName=NetHL1_1 Pin=HL1-1
Added Pin To Net: NetName=NetHL1_1 Pin=R3-2
Added Net: Name=NetHL1_1
Added Pin To Net: NetName=NetHL2_1 Pin=HL2-1
Added Pin To Net: NetName=NetHL2_1 Pin=R2-2
Added Net: Name=NetHL2_1
Added Pin To Net: NetName=NetHL3_1 Pin=HL3-1
Added Pin To Net: NetName=NetHL3_1 Pin=R13-1
Added Net: Name=NetHL3_1
Added Pin To Net: NetName=NetR8_2 Pin=R8-2
Added Pin To Net: NetName=NetR8_2 Pin=SB2-1
Added Net: Name=NetR8_2
Added Pin To Net: NetName=RESET Pin=C1-1
Added Pin To Net: NetName=RESET Pin=DD1-4
Added Pin To Net: NetName=RESET Pin=R1-1
Added Pin To Net: NetName=RESET Pin=SB1-4
Added Net: Name=RESET
Added Pin To Net: NetName=RxD Pin=DD1-9
Added Pin To Net: NetName=RxD Pin=XP3-1
Added Net: Name=RxD
Added Pin To Net: NetName=TxD Pin=DD1-10
Added Pin To Net: NetName=TxD Pin=XP3-2
Added Net: Name=TxD
Added Pin To Net: NetName=UP_U Pin=DD1-14
Added Pin To Net: NetName=UP_U Pin=XP2-1
Added Net: Name=UP_U
Added Pin To Net: NetName=UP_V Pin=DD1-16
Added Pin To Net: NetName=UP_V Pin=XP2-3
Added Net: Name=UP_V
Added Pin To Net: NetName=UP_W Pin=DD1-13
Added Pin To Net: NetName=UP_W Pin=XP2-5
Added Net: Name=UP_W
Added Pin To Net: NetName=XTAL1 Pin=C2-2
Added Pin To Net: NetName=XTAL1 Pin=DD1-8
Added Pin To Net: NetName=XTAL1 Pin=ZQ1-1
Added Net: Name=XTAL1
Added Pin To Net: NetName=XTAL2 Pin=C3-2
Added Pin To Net: NetName=XTAL2 Pin=DD1-7
Added Net: Name=XTAL2
Added Class: Name=circuit_BLDCControl
Added Room: Name=circuit_BLDCControl
