Removed Pin From Net: NetName=NetDD1_3 Pin=DD1-3
Removed Pin From Net: NetName=NetDD1_3 Pin=R2-1
Removed Member From Class: ClassName=Nets_Signal Member=NetDD1_3
Added Component: Designator=XP5(PLS1x6)
Add component. Clean all parameters for all variants
Add component (AddParameter): Name = "Manufacturer"; Value = "KLS"; VariantName = "[No Variations]"
Add component (AddParameter): Name = "Part Number"; Value = "KLS1x6"; VariantName = "[No Variations]"
Add component (AddParameter): Name = "Price"; Value = "1"; VariantName = "[No Variations]"
Add component (AddParameter): Name = "Quantity"; Value = "1"; VariantName = "[No Variations]"
Add component (AddParameter): Name = "shoppingPlace"; Value = "http://belchip.by/product/?selected_product=02010"; VariantName = "[No Variations]"
Add component (AddParameter): Name = "value"; Value = ""; VariantName = "[No Variations]"
Added Pin To Net: NetName=NetDD1_3 Pin=DD1-1
Added Pin To Net: NetName=NetDD1_3 Pin=XP5-1
Added Pin To Net: NetName=RESET Pin=XP5-4
Added Pin To Net: NetName=+5V Pin=XP5-5
Added Pin To Net: NetName=GND Pin=XP5-6
Change Net Name : Old Net Name=NetDD1_3 New Net Name=MOSI
Added Pin To Net: NetName=MISO Pin=DD1-2
Added Pin To Net: NetName=MISO Pin=XP5-2
Added Net: Name=MISO
Added Pin To Net: NetName=SCK Pin=DD1-3
Added Pin To Net: NetName=SCK Pin=R2-1
Added Pin To Net: NetName=SCK Pin=XP5-3
Added Net: Name=SCK
Added Member To Class: ClassName=circuit_BLDCControl Member=Component XP5 PLS1x6
Added Member To Class: ClassName=Nets_Signal Member=Wire MISO
Added Member To Class: ClassName=Nets_Signal Member=Wire MOSI
Added Member To Class: ClassName=Nets_Signal Member=Wire SCK
Added Room: Name=circuit_BLDCControl
