


          SolidWorks Corporation - STEP Processor Error Log
          ______________________________________________________

                       STEP Post Processor
                       ___________________


STEP File Name: D:\GitRepository\Programming_Microcontroller\Проекты устройств\BLDC\документация\плата 3д\PCB_BLDC421232_СБ.step


Поверхности были успешно преобразованы в твердое тело.
STEP-ввод завершен.Поверхности были успешно преобразованы в твердое тело.
STEP-ввод завершен.Поверхности были успешно преобразованы в твердое тело.
STEP-ввод завершен.Поверхности были успешно преобразованы в твердое тело.
STEP-ввод завершен.Поверхности были успешно преобразованы в твердое тело.
STEP-ввод завершен.Поверхности были успешно преобразованы в твердое тело.
STEP-ввод завершен.Поверхности были успешно преобразованы в твердое тело.
STEP-ввод завершен.Поверхности были успешно преобразованы в твердое тело.
STEP-ввод завершен.Поверхности были успешно преобразованы в твердое тело.
STEP-ввод завершен.Поверхности были успешно преобразованы в твердое тело.
STEP-ввод завершен.Поверхности были успешно преобразованы в твердое тело.
STEP-ввод завершен.Поверхности были успешно преобразованы в твердое тело.
STEP-ввод завершен.Поверхности были успешно преобразованы в твердое тело.
STEP-ввод завершен.Поверхности были успешно преобразованы в твердое тело.
STEP-ввод завершен.Поверхности были успешно преобразованы в твердое тело.
STEP-ввод завершен.Поверхности были успешно преобразованы в твердое тело.
STEP-ввод завершен.Поверхности были успешно преобразованы в твердое тело.
STEP-ввод завершен.Поверхности были успешно преобразованы в твердое тело.
STEP-ввод завершен.Поверхности были успешно преобразованы в твердое тело.
STEP-ввод завершен.Поверхности были успешно преобразованы в твердое тело.
STEP-ввод завершен.Поверхности были успешно преобразованы в твердое тело.
STEP-ввод завершен.Поверхности были успешно преобразованы в твердое тело.
STEP-ввод завершен.Поверхности были успешно преобразованы в твердое тело.
STEP-ввод завершен.Поверхности были успешно преобразованы в твердое тело.
STEP-ввод завершен.Поверхности были успешно преобразованы в твердое тело.
STEP-ввод завершен.Поверхности были успешно преобразованы в твердое тело.
STEP-ввод завершен.Поверхности были успешно преобразованы в твердое тело.
STEP-ввод завершен.Поверхности были успешно преобразованы в твердое тело.
STEP-ввод завершен.Поверхности были успешно преобразованы в твердое тело.
STEP-ввод завершен.Поверхности были успешно преобразованы в твердое тело.
STEP-ввод завершен.Поверхности были успешно преобразованы в твердое тело.
STEP-ввод завершен.Поверхности были успешно преобразованы в твердое тело.
STEP-ввод завершен.Поверхности были успешно преобразованы в твердое тело.
STEP-ввод завершен.Поверхности были успешно преобразованы в твердое тело.
STEP-ввод завершен.Поверхности были успешно преобразованы в твердое тело.
STEP-ввод завершен.Поверхности были успешно преобразованы в твердое тело.
STEP-ввод завершен.Поверхности были успешно преобразованы в твердое тело.
STEP-ввод завершен.Поверхности были успешно преобразованы в твердое тело.
STEP-ввод завершен.Поверхности были успешно преобразованы в твердое тело.
STEP-ввод завершен.Поверхности были успешно преобразованы в твердое тело.
STEP-ввод завершен.Поверхности были успешно преобразованы в твердое тело.
STEP-ввод завершен.
Error: Не удалось создать твердое тело из триммированных поверхностей.
STEP-ввод не завершен успешно.
Поверхности были успешно преобразованы в твердое тело.
STEP-ввод завершен.Поверхности были успешно преобразованы в твердое тело.
STEP-ввод завершен.Поверхности были успешно преобразованы в твердое тело.
STEP-ввод завершен.Поверхности были успешно преобразованы в твердое тело.
STEP-ввод завершен.ВНИМАНИЕ: Surface problem...Конструктору для отсеченных поверхностей не удалось найти правильное решение.
Поверхности были успешно преобразованы в твердое тело.
STEP-ввод завершен.ВНИМАНИЕ: Surface problem...Конструктору для отсеченных поверхностей не удалось найти правильное решение.
Поверхности были успешно преобразованы в твердое тело.
STEP-ввод завершен.ВНИМАНИЕ: Surface problem...Конструктору для отсеченных поверхностей не удалось найти правильное решение.
Поверхности были успешно преобразованы в твердое тело.
STEP-ввод завершен.ВНИМАНИЕ: Surface problem...Конструктору для отсеченных поверхностей не удалось найти правильное решение.
Поверхности были успешно преобразованы в твердое тело.
STEP-ввод завершен.ВНИМАНИЕ: Surface problem...Конструктору для отсеченных поверхностей не удалось найти правильное решение.
Поверхности были успешно преобразованы в твердое тело.
STEP-ввод завершен.ВНИМАНИЕ: Surface problem...Конструктору для отсеченных поверхностей не удалось найти правильное решение.
Поверхности были успешно преобразованы в твердое тело.
STEP-ввод завершен.Поверхности были успешно преобразованы в твердое тело.
STEP-ввод завершен.Поверхности были успешно преобразованы в твердое тело.
STEP-ввод завершен.Поверхности были успешно преобразованы в твердое тело.
STEP-ввод завершен.Поверхности были успешно преобразованы в твердое тело.
STEP-ввод завершен.ВНИМАНИЕ: Surface problem...Конструктору для отсеченных поверхностей не удалось найти правильное решение.
Поверхности были успешно преобразованы в твердое тело.
STEP-ввод завершен.ВНИМАНИЕ: Surface problem...Конструктору для отсеченных поверхностей не удалось найти правильное решение.
Поверхности были успешно преобразованы в твердое тело.
STEP-ввод завершен.ВНИМАНИЕ: Surface problem...Конструктору для отсеченных поверхностей не удалось найти правильное решение.
Поверхности были успешно преобразованы в твердое тело.
STEP-ввод завершен.ВНИМАНИЕ: Surface problem...Конструктору для отсеченных поверхностей не удалось найти правильное решение.
Поверхности были успешно преобразованы в твердое тело.
STEP-ввод завершен.Поверхности были успешно преобразованы в твердое тело.
STEP-ввод завершен.Поверхности были успешно преобразованы в твердое тело.
STEP-ввод завершен.Поверхности были успешно преобразованы в твердое тело.
STEP-ввод завершен.Поверхности были успешно преобразованы в твердое тело.
STEP-ввод завершен.Поверхности были успешно преобразованы в твердое тело.
STEP-ввод завершен.Поверхности были успешно преобразованы в твердое тело.
STEP-ввод завершен.Поверхности были успешно преобразованы в твердое тело.
STEP-ввод завершен.Поверхности были успешно преобразованы в твердое тело.
STEP-ввод завершен.ВНИМАНИЕ: Surface problem...Конструктору для отсеченных поверхностей не удалось найти правильное решение.
Поверхности были успешно преобразованы в твердое тело.
STEP-ввод завершен.Поверхности были успешно преобразованы в твердое тело.
STEP-ввод завершен.Поверхности были успешно преобразованы в твердое тело.
STEP-ввод завершен.Поверхности были успешно преобразованы в твердое тело.
STEP-ввод завершен.Поверхности были успешно преобразованы в твердое тело.
STEP-ввод завершен.Поверхности были успешно преобразованы в твердое тело.
STEP-ввод завершен.Поверхности были успешно преобразованы в твердое тело.
STEP-ввод завершен.Поверхности были успешно преобразованы в твердое тело.
STEP-ввод завершен.Поверхности были успешно преобразованы в твердое тело.
STEP-ввод завершен.Поверхности были успешно преобразованы в твердое тело.
STEP-ввод завершен.Поверхности были успешно преобразованы в твердое тело.
STEP-ввод завершен.Поверхности были успешно преобразованы в твердое тело.
STEP-ввод завершен.Поверхности были успешно преобразованы в твердое тело.
STEP-ввод завершен.Поверхности были успешно преобразованы в твердое тело.
STEP-ввод завершен.Поверхности были успешно преобразованы в твердое тело.
STEP-ввод завершен.Поверхности были успешно преобразованы в твердое тело.
STEP-ввод завершен.Поверхности были успешно преобразованы в твердое тело.
STEP-ввод завершен.Поверхности были успешно преобразованы в твердое тело.
STEP-ввод завершен.Поверхности были успешно преобразованы в твердое тело.
STEP-ввод завершен.Поверхности были успешно преобразованы в твердое тело.
STEP-ввод завершен.Поверхности были успешно преобразованы в твердое тело.
STEP-ввод завершен.Поверхности были успешно преобразованы в твердое тело.
STEP-ввод завершен.Поверхности были успешно преобразованы в твердое тело.
STEP-ввод завершен.Поверхности были успешно преобразованы в твердое тело.
STEP-ввод завершен.Поверхности были успешно преобразованы в твердое тело.
STEP-ввод завершен.Поверхности были успешно преобразованы в твердое тело.
STEP-ввод завершен.Поверхности были успешно преобразованы в твердое тело.
STEP-ввод завершен.Поверхности были успешно преобразованы в твердое тело.
STEP-ввод завершен.Поверхности были успешно преобразованы в твердое тело.
STEP-ввод завершен.Поверхности были успешно преобразованы в твердое тело.
STEP-ввод завершен.Поверхности были успешно преобразованы в твердое тело.
STEP-ввод завершен.Поверхности были успешно преобразованы в твердое тело.
STEP-ввод завершен.Поверхности были успешно преобразованы в твердое тело.
STEP-ввод завершен.Поверхности были успешно преобразованы в твердое тело.
STEP-ввод завершен.Поверхности были успешно преобразованы в твердое тело.
STEP-ввод завершен.Поверхности были успешно преобразованы в твердое тело.
STEP-ввод завершен.Поверхности были успешно преобразованы в твердое тело.
STEP-ввод завершен.Поверхности были успешно преобразованы в твердое тело.
STEP-ввод завершен.Поверхности были успешно преобразованы в твердое тело.
STEP-ввод завершен.Поверхности были успешно преобразованы в твердое тело.
STEP-ввод завершен.