Added Component: Designator=C1(CAP0402_min)
Add component. Clean all parameters for all variants
Add component (AddParameter): Name = "Manufacturer"; Value = ""; VariantName = "[No Variations]"
Add component (AddParameter): Name = "Package"; Value = ""; VariantName = "[No Variations]"
Add component (AddParameter): Name = "Part Number"; Value = ""; VariantName = "[No Variations]"
Add component (AddParameter): Name = "Price"; Value = ""; VariantName = "[No Variations]"
Add component (AddParameter): Name = "Quantity"; Value = ""; VariantName = "[No Variations]"
Add component (AddParameter): Name = "ShoppingPlace"; Value = ""; VariantName = "[No Variations]"
Add component (AddParameter): Name = "Value"; Value = ""; VariantName = "[No Variations]"
Add component (AddParameter): Name = "Voltage"; Value = ""; VariantName = "[No Variations]"
Added Component: Designator=C2(CAP0402_min)
Add component. Clean all parameters for all variants
Add component (AddParameter): Name = "Manufacturer"; Value = ""; VariantName = "[No Variations]"
Add component (AddParameter): Name = "Package"; Value = ""; VariantName = "[No Variations]"
Add component (AddParameter): Name = "Part Number"; Value = ""; VariantName = "[No Variations]"
Add component (AddParameter): Name = "Price"; Value = ""; VariantName = "[No Variations]"
Add component (AddParameter): Name = "Quantity"; Value = ""; VariantName = "[No Variations]"
Add component (AddParameter): Name = "ShoppingPlace"; Value = ""; VariantName = "[No Variations]"
Add component (AddParameter): Name = "Value"; Value = ""; VariantName = "[No Variations]"
Add component (AddParameter): Name = "Voltage"; Value = ""; VariantName = "[No Variations]"
Added Component: Designator=C3(Capasitor Tantal TypeA MIN)
Add component. Clean all parameters for all variants
Add component (AddParameter): Name = "Manufacturer"; Value = ""; VariantName = "[No Variations]"
Add component (AddParameter): Name = "Package"; Value = ""; VariantName = "[No Variations]"
Add component (AddParameter): Name = "Part Namber"; Value = ""; VariantName = "[No Variations]"
Add component (AddParameter): Name = "Power"; Value = ""; VariantName = "[No Variations]"
Add component (AddParameter): Name = "Price"; Value = ""; VariantName = "[No Variations]"
Add component (AddParameter): Name = "ShoppingPlace"; Value = ""; VariantName = "[No Variations]"
Add component (AddParameter): Name = "Value"; Value = ""; VariantName = "[No Variations]"
Added Component: Designator=C4(CAP0402_min)
Add component. Clean all parameters for all variants
Add component (AddParameter): Name = "Manufacturer"; Value = ""; VariantName = "[No Variations]"
Add component (AddParameter): Name = "Package"; Value = ""; VariantName = "[No Variations]"
Add component (AddParameter): Name = "Part Number"; Value = ""; VariantName = "[No Variations]"
Add component (AddParameter): Name = "Price"; Value = ""; VariantName = "[No Variations]"
Add component (AddParameter): Name = "Quantity"; Value = ""; VariantName = "[No Variations]"
Add component (AddParameter): Name = "ShoppingPlace"; Value = ""; VariantName = "[No Variations]"
Add component (AddParameter): Name = "Value"; Value = ""; VariantName = "[No Variations]"
Add component (AddParameter): Name = "Voltage"; Value = ""; VariantName = "[No Variations]"
Added Component: Designator=C5(CAP0402_min)
Add component. Clean all parameters for all variants
Add component (AddParameter): Name = "Manufacturer"; Value = ""; VariantName = "[No Variations]"
Add component (AddParameter): Name = "Package"; Value = ""; VariantName = "[No Variations]"
Add component (AddParameter): Name = "Part Number"; Value = ""; VariantName = "[No Variations]"
Add component (AddParameter): Name = "Price"; Value = ""; VariantName = "[No Variations]"
Add component (AddParameter): Name = "Quantity"; Value = ""; VariantName = "[No Variations]"
Add component (AddParameter): Name = "ShoppingPlace"; Value = ""; VariantName = "[No Variations]"
Add component (AddParameter): Name = "Value"; Value = ""; VariantName = "[No Variations]"
Add component (AddParameter): Name = "Voltage"; Value = ""; VariantName = "[No Variations]"
Added Component: Designator=C6(CAP0402_min)
Add component. Clean all parameters for all variants
Add component (AddParameter): Name = "Manufacturer"; Value = ""; VariantName = "[No Variations]"
Add component (AddParameter): Name = "Package"; Value = ""; VariantName = "[No Variations]"
Add component (AddParameter): Name = "Part Number"; Value = ""; VariantName = "[No Variations]"
Add component (AddParameter): Name = "Price"; Value = ""; VariantName = "[No Variations]"
Add component (AddParameter): Name = "Quantity"; Value = ""; VariantName = "[No Variations]"
Add component (AddParameter): Name = "ShoppingPlace"; Value = ""; VariantName = "[No Variations]"
Add component (AddParameter): Name = "Value"; Value = ""; VariantName = "[No Variations]"
Add component (AddParameter): Name = "Voltage"; Value = ""; VariantName = "[No Variations]"
Added Component: Designator=C7(CAP0402_min)
Add component. Clean all parameters for all variants
Add component (AddParameter): Name = "Manufacturer"; Value = ""; VariantName = "[No Variations]"
Add component (AddParameter): Name = "Package"; Value = ""; VariantName = "[No Variations]"
Add component (AddParameter): Name = "Part Number"; Value = ""; VariantName = "[No Variations]"
Add component (AddParameter): Name = "Price"; Value = ""; VariantName = "[No Variations]"
Add component (AddParameter): Name = "Quantity"; Value = ""; VariantName = "[No Variations]"
Add component (AddParameter): Name = "ShoppingPlace"; Value = ""; VariantName = "[No Variations]"
Add component (AddParameter): Name = "Value"; Value = ""; VariantName = "[No Variations]"
Add component (AddParameter): Name = "Voltage"; Value = ""; VariantName = "[No Variations]"
Added Component: Designator=C8(CAP0402_min)
Add component. Clean all parameters for all variants
Add component (AddParameter): Name = "Manufacturer"; Value = ""; VariantName = "[No Variations]"
Add component (AddParameter): Name = "Package"; Value = ""; VariantName = "[No Variations]"
Add component (AddParameter): Name = "Part Number"; Value = ""; VariantName = "[No Variations]"
Add component (AddParameter): Name = "Price"; Value = ""; VariantName = "[No Variations]"
Add component (AddParameter): Name = "Quantity"; Value = ""; VariantName = "[No Variations]"
Add component (AddParameter): Name = "ShoppingPlace"; Value = ""; VariantName = "[No Variations]"
Add component (AddParameter): Name = "Value"; Value = ""; VariantName = "[No Variations]"
Add component (AddParameter): Name = "Voltage"; Value = ""; VariantName = "[No Variations]"
Added Component: Designator=C9(CAP0402_min)
Add component. Clean all parameters for all variants
Add component (AddParameter): Name = "Manufacturer"; Value = ""; VariantName = "[No Variations]"
Add component (AddParameter): Name = "Package"; Value = ""; VariantName = "[No Variations]"
Add component (AddParameter): Name = "Part Number"; Value = ""; VariantName = "[No Variations]"
Add component (AddParameter): Name = "Price"; Value = ""; VariantName = "[No Variations]"
Add component (AddParameter): Name = "Quantity"; Value = ""; VariantName = "[No Variations]"
Add component (AddParameter): Name = "ShoppingPlace"; Value = ""; VariantName = "[No Variations]"
Add component (AddParameter): Name = "Value"; Value = ""; VariantName = "[No Variations]"
Add component (AddParameter): Name = "Voltage"; Value = ""; VariantName = "[No Variations]"
Added Component: Designator=C10(CAP0402_min)
Add component. Clean all parameters for all variants
Add component (AddParameter): Name = "Manufacturer"; Value = ""; VariantName = "[No Variations]"
Add component (AddParameter): Name = "Package"; Value = ""; VariantName = "[No Variations]"
Add component (AddParameter): Name = "Part Number"; Value = ""; VariantName = "[No Variations]"
Add component (AddParameter): Name = "Price"; Value = ""; VariantName = "[No Variations]"
Add component (AddParameter): Name = "Quantity"; Value = ""; VariantName = "[No Variations]"
Add component (AddParameter): Name = "ShoppingPlace"; Value = ""; VariantName = "[No Variations]"
Add component (AddParameter): Name = "Value"; Value = ""; VariantName = "[No Variations]"
Add component (AddParameter): Name = "Voltage"; Value = ""; VariantName = "[No Variations]"
Added Component: Designator=C11(CAP0402_min)
Add component. Clean all parameters for all variants
Add component (AddParameter): Name = "Manufacturer"; Value = ""; VariantName = "[No Variations]"
Add component (AddParameter): Name = "Package"; Value = ""; VariantName = "[No Variations]"
Add component (AddParameter): Name = "Part Number"; Value = ""; VariantName = "[No Variations]"
Add component (AddParameter): Name = "Price"; Value = ""; VariantName = "[No Variations]"
Add component (AddParameter): Name = "Quantity"; Value = ""; VariantName = "[No Variations]"
Add component (AddParameter): Name = "ShoppingPlace"; Value = ""; VariantName = "[No Variations]"
Add component (AddParameter): Name = "Value"; Value = ""; VariantName = "[No Variations]"
Add component (AddParameter): Name = "Voltage"; Value = ""; VariantName = "[No Variations]"
Added Component: Designator=C12(CAP0402_min)
Add component. Clean all parameters for all variants
Add component (AddParameter): Name = "Manufacturer"; Value = ""; VariantName = "[No Variations]"
Add component (AddParameter): Name = "Package"; Value = ""; VariantName = "[No Variations]"
Add component (AddParameter): Name = "Part Number"; Value = ""; VariantName = "[No Variations]"
Add component (AddParameter): Name = "Price"; Value = ""; VariantName = "[No Variations]"
Add component (AddParameter): Name = "Quantity"; Value = ""; VariantName = "[No Variations]"
Add component (AddParameter): Name = "ShoppingPlace"; Value = ""; VariantName = "[No Variations]"
Add component (AddParameter): Name = "Value"; Value = ""; VariantName = "[No Variations]"
Add component (AddParameter): Name = "Voltage"; Value = ""; VariantName = "[No Variations]"
Added Component: Designator=C13(CAP0402_min)
Add component. Clean all parameters for all variants
Add component (AddParameter): Name = "Manufacturer"; Value = ""; VariantName = "[No Variations]"
Add component (AddParameter): Name = "Package"; Value = ""; VariantName = "[No Variations]"
Add component (AddParameter): Name = "Part Number"; Value = ""; VariantName = "[No Variations]"
Add component (AddParameter): Name = "Price"; Value = ""; VariantName = "[No Variations]"
Add component (AddParameter): Name = "Quantity"; Value = ""; VariantName = "[No Variations]"
Add component (AddParameter): Name = "ShoppingPlace"; Value = ""; VariantName = "[No Variations]"
Add component (AddParameter): Name = "Value"; Value = ""; VariantName = "[No Variations]"
Add component (AddParameter): Name = "Voltage"; Value = ""; VariantName = "[No Variations]"
Added Component: Designator=C14(CAP0402_min)
Add component. Clean all parameters for all variants
Add component (AddParameter): Name = "Manufacturer"; Value = ""; VariantName = "[No Variations]"
Add component (AddParameter): Name = "Package"; Value = ""; VariantName = "[No Variations]"
Add component (AddParameter): Name = "Part Number"; Value = ""; VariantName = "[No Variations]"
Add component (AddParameter): Name = "Price"; Value = ""; VariantName = "[No Variations]"
Add component (AddParameter): Name = "Quantity"; Value = ""; VariantName = "[No Variations]"
Add component (AddParameter): Name = "ShoppingPlace"; Value = ""; VariantName = "[No Variations]"
Add component (AddParameter): Name = "Value"; Value = ""; VariantName = "[No Variations]"
Add component (AddParameter): Name = "Voltage"; Value = ""; VariantName = "[No Variations]"
Added Component: Designator=C15(CAP0402_min)
Add component. Clean all parameters for all variants
Add component (AddParameter): Name = "Manufacturer"; Value = ""; VariantName = "[No Variations]"
Add component (AddParameter): Name = "Package"; Value = ""; VariantName = "[No Variations]"
Add component (AddParameter): Name = "Part Number"; Value = ""; VariantName = "[No Variations]"
Add component (AddParameter): Name = "Price"; Value = ""; VariantName = "[No Variations]"
Add component (AddParameter): Name = "Quantity"; Value = ""; VariantName = "[No Variations]"
Add component (AddParameter): Name = "ShoppingPlace"; Value = ""; VariantName = "[No Variations]"
Add component (AddParameter): Name = "Value"; Value = ""; VariantName = "[No Variations]"
Add component (AddParameter): Name = "Voltage"; Value = ""; VariantName = "[No Variations]"
Added Component: Designator=C16(CAP0402_min)
Add component. Clean all parameters for all variants
Add component (AddParameter): Name = "Manufacturer"; Value = ""; VariantName = "[No Variations]"
Add component (AddParameter): Name = "Package"; Value = ""; VariantName = "[No Variations]"
Add component (AddParameter): Name = "Part Number"; Value = ""; VariantName = "[No Variations]"
Add component (AddParameter): Name = "Price"; Value = ""; VariantName = "[No Variations]"
Add component (AddParameter): Name = "Quantity"; Value = ""; VariantName = "[No Variations]"
Add component (AddParameter): Name = "ShoppingPlace"; Value = ""; VariantName = "[No Variations]"
Add component (AddParameter): Name = "Value"; Value = ""; VariantName = "[No Variations]"
Add component (AddParameter): Name = "Voltage"; Value = ""; VariantName = "[No Variations]"
Added Component: Designator=C17(CAP0402_min)
Add component. Clean all parameters for all variants
Add component (AddParameter): Name = "Manufacturer"; Value = ""; VariantName = "[No Variations]"
Add component (AddParameter): Name = "Package"; Value = ""; VariantName = "[No Variations]"
Add component (AddParameter): Name = "Part Number"; Value = ""; VariantName = "[No Variations]"
Add component (AddParameter): Name = "Price"; Value = ""; VariantName = "[No Variations]"
Add component (AddParameter): Name = "Quantity"; Value = ""; VariantName = "[No Variations]"
Add component (AddParameter): Name = "ShoppingPlace"; Value = ""; VariantName = "[No Variations]"
Add component (AddParameter): Name = "Value"; Value = ""; VariantName = "[No Variations]"
Add component (AddParameter): Name = "Voltage"; Value = ""; VariantName = "[No Variations]"
Added Component: Designator=C18(CAP0402_min)
Add component. Clean all parameters for all variants
Add component (AddParameter): Name = "Manufacturer"; Value = ""; VariantName = "[No Variations]"
Add component (AddParameter): Name = "Package"; Value = ""; VariantName = "[No Variations]"
Add component (AddParameter): Name = "Part Number"; Value = ""; VariantName = "[No Variations]"
Add component (AddParameter): Name = "Price"; Value = ""; VariantName = "[No Variations]"
Add component (AddParameter): Name = "Quantity"; Value = ""; VariantName = "[No Variations]"
Add component (AddParameter): Name = "ShoppingPlace"; Value = ""; VariantName = "[No Variations]"
Add component (AddParameter): Name = "Value"; Value = ""; VariantName = "[No Variations]"
Add component (AddParameter): Name = "Voltage"; Value = ""; VariantName = "[No Variations]"
Added Component: Designator=C19(CAP0402_min)
Add component. Clean all parameters for all variants
Add component (AddParameter): Name = "Manufacturer"; Value = ""; VariantName = "[No Variations]"
Add component (AddParameter): Name = "Package"; Value = ""; VariantName = "[No Variations]"
Add component (AddParameter): Name = "Part Number"; Value = ""; VariantName = "[No Variations]"
Add component (AddParameter): Name = "Price"; Value = ""; VariantName = "[No Variations]"
Add component (AddParameter): Name = "Quantity"; Value = ""; VariantName = "[No Variations]"
Add component (AddParameter): Name = "ShoppingPlace"; Value = ""; VariantName = "[No Variations]"
Add component (AddParameter): Name = "Value"; Value = ""; VariantName = "[No Variations]"
Add component (AddParameter): Name = "Voltage"; Value = ""; VariantName = "[No Variations]"
Added Component: Designator=C20(Capasitor Tantal TypeA MIN)
Add component. Clean all parameters for all variants
Add component (AddParameter): Name = "Manufacturer"; Value = ""; VariantName = "[No Variations]"
Add component (AddParameter): Name = "Package"; Value = ""; VariantName = "[No Variations]"
Add component (AddParameter): Name = "Part Namber"; Value = ""; VariantName = "[No Variations]"
Add component (AddParameter): Name = "Power"; Value = ""; VariantName = "[No Variations]"
Add component (AddParameter): Name = "Price"; Value = ""; VariantName = "[No Variations]"
Add component (AddParameter): Name = "ShoppingPlace"; Value = ""; VariantName = "[No Variations]"
Add component (AddParameter): Name = "Value"; Value = ""; VariantName = "[No Variations]"
Added Component: Designator=C21(CAP0402_min)
Add component. Clean all parameters for all variants
Add component (AddParameter): Name = "Manufacturer"; Value = ""; VariantName = "[No Variations]"
Add component (AddParameter): Name = "Package"; Value = ""; VariantName = "[No Variations]"
Add component (AddParameter): Name = "Part Number"; Value = ""; VariantName = "[No Variations]"
Add component (AddParameter): Name = "Price"; Value = ""; VariantName = "[No Variations]"
Add component (AddParameter): Name = "Quantity"; Value = ""; VariantName = "[No Variations]"
Add component (AddParameter): Name = "ShoppingPlace"; Value = ""; VariantName = "[No Variations]"
Add component (AddParameter): Name = "Value"; Value = ""; VariantName = "[No Variations]"
Add component (AddParameter): Name = "Voltage"; Value = ""; VariantName = "[No Variations]"
Added Component: Designator=C22(CAP0402_min)
Add component. Clean all parameters for all variants
Add component (AddParameter): Name = "Manufacturer"; Value = ""; VariantName = "[No Variations]"
Add component (AddParameter): Name = "Package"; Value = ""; VariantName = "[No Variations]"
Add component (AddParameter): Name = "Part Number"; Value = ""; VariantName = "[No Variations]"
Add component (AddParameter): Name = "Price"; Value = ""; VariantName = "[No Variations]"
Add component (AddParameter): Name = "Quantity"; Value = ""; VariantName = "[No Variations]"
Add component (AddParameter): Name = "ShoppingPlace"; Value = ""; VariantName = "[No Variations]"
Add component (AddParameter): Name = "Value"; Value = ""; VariantName = "[No Variations]"
Add component (AddParameter): Name = "Voltage"; Value = ""; VariantName = "[No Variations]"
Added Component: Designator=C23(Capasitor Tantal TypeA MIN)
Add component. Clean all parameters for all variants
Add component (AddParameter): Name = "Manufacturer"; Value = ""; VariantName = "[No Variations]"
Add component (AddParameter): Name = "Package"; Value = ""; VariantName = "[No Variations]"
Add component (AddParameter): Name = "Part Namber"; Value = ""; VariantName = "[No Variations]"
Add component (AddParameter): Name = "Power"; Value = ""; VariantName = "[No Variations]"
Add component (AddParameter): Name = "Price"; Value = ""; VariantName = "[No Variations]"
Add component (AddParameter): Name = "ShoppingPlace"; Value = ""; VariantName = "[No Variations]"
Add component (AddParameter): Name = "Value"; Value = ""; VariantName = "[No Variations]"
Added Component: Designator=C24(Capasitor Tantal TypeA MIN)
Add component. Clean all parameters for all variants
Add component (AddParameter): Name = "Manufacturer"; Value = ""; VariantName = "[No Variations]"
Add component (AddParameter): Name = "Package"; Value = ""; VariantName = "[No Variations]"
Add component (AddParameter): Name = "Part Namber"; Value = ""; VariantName = "[No Variations]"
Add component (AddParameter): Name = "Power"; Value = ""; VariantName = "[No Variations]"
Add component (AddParameter): Name = "Price"; Value = ""; VariantName = "[No Variations]"
Add component (AddParameter): Name = "ShoppingPlace"; Value = ""; VariantName = "[No Variations]"
Add component (AddParameter): Name = "Value"; Value = ""; VariantName = "[No Variations]"
Added Component: Designator=DA1(SOD-223)
Add component. Clean all parameters for all variants
Add component (AddParameter): Name = "Manufacturer"; Value = "Texas Instruments"; VariantName = "[No Variations]"
Add component (AddParameter): Name = "Package"; Value = "SOT-23-6"; VariantName = "[No Variations]"
Add component (AddParameter): Name = "Part Number"; Value = "LD1117S50TR"; VariantName = "[No Variations]"
Add component (AddParameter): Name = "Price"; Value = "1.58"; VariantName = "[No Variations]"
Add component (AddParameter): Name = "Quantity"; Value = "1"; VariantName = "[No Variations]"
Add component (AddParameter): Name = "ShoppingPlace"; Value = ""; VariantName = "[No Variations]"
Add component (AddParameter): Name = "Value"; Value = "3V"; VariantName = "[No Variations]"
Added Component: Designator=DA2(SOD-223)
Add component. Clean all parameters for all variants
Add component (AddParameter): Name = "Manufacturer"; Value = "Texas Instruments"; VariantName = "[No Variations]"
Add component (AddParameter): Name = "Package"; Value = "SOT-23-6"; VariantName = "[No Variations]"
Add component (AddParameter): Name = "Part Number"; Value = "LD1117S50TR"; VariantName = "[No Variations]"
Add component (AddParameter): Name = "Price"; Value = "1.58"; VariantName = "[No Variations]"
Add component (AddParameter): Name = "Quantity"; Value = "1"; VariantName = "[No Variations]"
Add component (AddParameter): Name = "ShoppingPlace"; Value = ""; VariantName = "[No Variations]"
Add component (AddParameter): Name = "Value"; Value = "3V"; VariantName = "[No Variations]"
Added Component: Designator=DD1(VFBGA90)
Add component. Clean all parameters for all variants
Add component (AddParameter): Name = "Documantation"; Value = "https://www.micron.com/parts/dram/sdram/mt48lc4m32b2b5-6a-it"; VariantName = "[No Variations]"
Add component (AddParameter): Name = "Manufacturer"; Value = "MICRON"; VariantName = "[No Variations]"
Add component (AddParameter): Name = "Package"; Value = "VBGA90"; VariantName = "[No Variations]"
Add component (AddParameter): Name = "Part Number"; Value = "MT48LC4M32B2B5-6A"; VariantName = "[No Variations]"
Add component (AddParameter): Name = "Price"; Value = "10"; VariantName = "[No Variations]"
Add component (AddParameter): Name = "Quantity"; Value = "1"; VariantName = "[No Variations]"
Add component (AddParameter): Name = "ShoppingPlace"; Value = ""; VariantName = "[No Variations]"
Add component (AddParameter): Name = "Value"; Value = ""; VariantName = "[No Variations]"
Added Component: Designator=DD2(BGA100P9X9-81A)
Add component. Clean all parameters for all variants
Add component (AddParameter): Name = "Manufacturer"; Value = "STM"; VariantName = "[No Variations]"
Add component (AddParameter): Name = "Package"; Value = "LQFP48"; VariantName = "[No Variations]"
Add component (AddParameter): Name = "Part Number"; Value = "stm32f746"; VariantName = "[No Variations]"
Add component (AddParameter): Name = "Price"; Value = ""; VariantName = "[No Variations]"
Add component (AddParameter): Name = "Quantity"; Value = "1"; VariantName = "[No Variations]"
Add component (AddParameter): Name = "ShoppingPlace"; Value = ""; VariantName = "[No Variations]"
Add component (AddParameter): Name = "Value"; Value = ""; VariantName = "[No Variations]"
Added Component: Designator=R1(0402)
Add component. Clean all parameters for all variants
Add component (AddParameter): Name = "Manufacturer"; Value = ""; VariantName = "[No Variations]"
Add component (AddParameter): Name = "Package"; Value = ""; VariantName = "[No Variations]"
Add component (AddParameter): Name = "Part Number"; Value = ""; VariantName = "[No Variations]"
Add component (AddParameter): Name = "Power"; Value = ""; VariantName = "[No Variations]"
Add component (AddParameter): Name = "Price"; Value = ""; VariantName = "[No Variations]"
Add component (AddParameter): Name = "Quntity"; Value = ""; VariantName = "[No Variations]"
Add component (AddParameter): Name = "ShoppingPlace"; Value = ""; VariantName = "[No Variations]"
Add component (AddParameter): Name = "Value"; Value = ""; VariantName = "[No Variations]"
Added Component: Designator=R2(0402)
Add component. Clean all parameters for all variants
Add component (AddParameter): Name = "Manufacturer"; Value = ""; VariantName = "[No Variations]"
Add component (AddParameter): Name = "Package"; Value = ""; VariantName = "[No Variations]"
Add component (AddParameter): Name = "Part Number"; Value = ""; VariantName = "[No Variations]"
Add component (AddParameter): Name = "Power"; Value = ""; VariantName = "[No Variations]"
Add component (AddParameter): Name = "Price"; Value = ""; VariantName = "[No Variations]"
Add component (AddParameter): Name = "Quntity"; Value = ""; VariantName = "[No Variations]"
Add component (AddParameter): Name = "ShoppingPlace"; Value = ""; VariantName = "[No Variations]"
Add component (AddParameter): Name = "Value"; Value = ""; VariantName = "[No Variations]"
Added Component: Designator=R3(0402)
Add component. Clean all parameters for all variants
Add component (AddParameter): Name = "Manufacturer"; Value = ""; VariantName = "[No Variations]"
Add component (AddParameter): Name = "Package"; Value = ""; VariantName = "[No Variations]"
Add component (AddParameter): Name = "Part Number"; Value = ""; VariantName = "[No Variations]"
Add component (AddParameter): Name = "Power"; Value = ""; VariantName = "[No Variations]"
Add component (AddParameter): Name = "Price"; Value = ""; VariantName = "[No Variations]"
Add component (AddParameter): Name = "Quntity"; Value = ""; VariantName = "[No Variations]"
Add component (AddParameter): Name = "ShoppingPlace"; Value = ""; VariantName = "[No Variations]"
Add component (AddParameter): Name = "Value"; Value = ""; VariantName = "[No Variations]"
Added Component: Designator=R4(0402)
Add component. Clean all parameters for all variants
Add component (AddParameter): Name = "Manufacturer"; Value = ""; VariantName = "[No Variations]"
Add component (AddParameter): Name = "Package"; Value = ""; VariantName = "[No Variations]"
Add component (AddParameter): Name = "Part Number"; Value = ""; VariantName = "[No Variations]"
Add component (AddParameter): Name = "Power"; Value = ""; VariantName = "[No Variations]"
Add component (AddParameter): Name = "Price"; Value = ""; VariantName = "[No Variations]"
Add component (AddParameter): Name = "Quntity"; Value = ""; VariantName = "[No Variations]"
Add component (AddParameter): Name = "ShoppingPlace"; Value = ""; VariantName = "[No Variations]"
Add component (AddParameter): Name = "Value"; Value = ""; VariantName = "[No Variations]"
Added Component: Designator=XP1(KLS2-EDR-500-2P)
Add component. Clean all parameters for all variants
Add component (AddParameter): Name = "Package"; Value = ""; VariantName = "[No Variations]"
Add component (AddParameter): Name = "Part Number"; Value = ""; VariantName = "[No Variations]"
Add component (AddParameter): Name = "Price"; Value = ""; VariantName = "[No Variations]"
Add component (AddParameter): Name = "Quantity"; Value = ""; VariantName = "[No Variations]"
Add component (AddParameter): Name = "Value"; Value = ""; VariantName = "[No Variations]"
Added Component: Designator=XP2(KLS2-EDR-500-2P)
Add component. Clean all parameters for all variants
Add component (AddParameter): Name = "Package"; Value = ""; VariantName = "[No Variations]"
Add component (AddParameter): Name = "Part Number"; Value = ""; VariantName = "[No Variations]"
Add component (AddParameter): Name = "Price"; Value = ""; VariantName = "[No Variations]"
Add component (AddParameter): Name = "Quantity"; Value = ""; VariantName = "[No Variations]"
Add component (AddParameter): Name = "Value"; Value = ""; VariantName = "[No Variations]"
Added Pin To Net: NetName=+1V8 Pin=C24-1
Added Pin To Net: NetName=+1V8 Pin=DA2-2
Added Pin To Net: NetName=+1V8 Pin=DA2-2
Added Pin To Net: NetName=+1V8 Pin=R4-1
Added Net: Name=+1V8
Added Pin To Net: NetName=+1Ì8 Pin=C12-1
Added Pin To Net: NetName=+1Ì8 Pin=C15-1
Added Pin To Net: NetName=+1Ì8 Pin=C18-1
Added Pin To Net: NetName=+1Ì8 Pin=C19-1
Added Pin To Net: NetName=+1Ì8 Pin=C21-1
Added Pin To Net: NetName=+1Ì8 Pin=C22-1
Added Net: Name=+1Ì8
Added Pin To Net: NetName=+3V3 Pin=C1-1
Added Pin To Net: NetName=+3V3 Pin=C2-1
Added Pin To Net: NetName=+3V3 Pin=C4-1
Added Pin To Net: NetName=+3V3 Pin=C5-1
Added Pin To Net: NetName=+3V3 Pin=C6-1
Added Pin To Net: NetName=+3V3 Pin=C7-1
Added Pin To Net: NetName=+3V3 Pin=C8-1
Added Pin To Net: NetName=+3V3 Pin=C9-1
Added Pin To Net: NetName=+3V3 Pin=C10-1
Added Pin To Net: NetName=+3V3 Pin=C11-1
Added Pin To Net: NetName=+3V3 Pin=C13-1
Added Pin To Net: NetName=+3V3 Pin=C14-1
Added Pin To Net: NetName=+3V3 Pin=C16-1
Added Pin To Net: NetName=+3V3 Pin=C17-1
Added Pin To Net: NetName=+3V3 Pin=C20-1
Added Pin To Net: NetName=+3V3 Pin=DA1-2
Added Pin To Net: NetName=+3V3 Pin=DA1-2
Added Pin To Net: NetName=+3V3 Pin=DD1-A7
Added Pin To Net: NetName=+3V3 Pin=DD1-B2
Added Pin To Net: NetName=+3V3 Pin=DD1-B7
Added Pin To Net: NetName=+3V3 Pin=DD1-C9
Added Pin To Net: NetName=+3V3 Pin=DD1-D9
Added Pin To Net: NetName=+3V3 Pin=DD1-E1
Added Pin To Net: NetName=+3V3 Pin=DD1-F9
Added Pin To Net: NetName=+3V3 Pin=DD1-L1
Added Pin To Net: NetName=+3V3 Pin=DD1-L7
Added Pin To Net: NetName=+3V3 Pin=DD1-M9
Added Pin To Net: NetName=+3V3 Pin=DD1-N9
Added Pin To Net: NetName=+3V3 Pin=DD1-P2
Added Pin To Net: NetName=+3V3 Pin=DD1-P7
Added Pin To Net: NetName=+3V3 Pin=DD1-R7
Added Pin To Net: NetName=+3V3 Pin=R2-1
Added Net: Name=+3V3
Added Pin To Net: NetName=A0 Pin=DD1-G8
Added Pin To Net: NetName=A0 Pin=DD2-F1
Added Net: Name=A0
Added Pin To Net: NetName=A1 Pin=DD1-G9
Added Pin To Net: NetName=A1 Pin=DD2-F2
Added Net: Name=A1
Added Pin To Net: NetName=A2 Pin=DD1-F7
Added Pin To Net: NetName=A2 Pin=DD2-F3
Added Net: Name=A2
Added Pin To Net: NetName=A3 Pin=DD1-F3
Added Pin To Net: NetName=A3 Pin=DD2-F9
Added Net: Name=A3
Added Pin To Net: NetName=A4 Pin=DD1-G1
Added Pin To Net: NetName=A4 Pin=DD2-F10
Added Net: Name=A4
Added Pin To Net: NetName=A5 Pin=DD1-G2
Added Pin To Net: NetName=A5 Pin=DD2-G2
Added Net: Name=A5
Added Pin To Net: NetName=A6 Pin=DD1-G3
Added Pin To Net: NetName=A6 Pin=DD2-G3
Added Net: Name=A6
Added Pin To Net: NetName=A7 Pin=DD1-H1
Added Pin To Net: NetName=A7 Pin=DD2-G4
Added Net: Name=A7
Added Pin To Net: NetName=A8 Pin=DD1-H2
Added Pin To Net: NetName=A8 Pin=DD2-G5
Added Net: Name=A8
Added Pin To Net: NetName=A9 Pin=DD1-J3
Added Pin To Net: NetName=A9 Pin=DD2-G6
Added Net: Name=A9
Added Pin To Net: NetName=A10 Pin=DD1-G7
Added Pin To Net: NetName=A10 Pin=DD2-G7
Added Net: Name=A10
Added Pin To Net: NetName=A11 Pin=DD1-H9
Added Pin To Net: NetName=A11 Pin=DD2-G8
Added Net: Name=A11
Added Pin To Net: NetName=BA0 Pin=DD1-J7
Added Net: Name=BA0
Added Pin To Net: NetName=BA1 Pin=DD1-H8
Added Net: Name=BA1
Added Pin To Net: NetName=CAS Pin=DD1-K7
Added Net: Name=CAS
Added Pin To Net: NetName=CKE Pin=DD1-J2
Added Net: Name=CKE
Added Pin To Net: NetName=CLK Pin=DD1-J1
Added Net: Name=CLK
Added Pin To Net: NetName=CS Pin=DD1-J8
Added Net: Name=CS
Added Pin To Net: NetName=DQ0 Pin=DD1-R8
Added Pin To Net: NetName=DQ0 Pin=DD2-G9
Added Net: Name=DQ0
Added Pin To Net: NetName=DQ1 Pin=DD1-N7
Added Pin To Net: NetName=DQ1 Pin=DD2-G10
Added Net: Name=DQ1
Added Pin To Net: NetName=DQ2 Pin=DD1-R9
Added Pin To Net: NetName=DQ2 Pin=DD2-H2
Added Net: Name=DQ2
Added Pin To Net: NetName=DQ3 Pin=DD1-N8
Added Pin To Net: NetName=DQ3 Pin=DD2-H3
Added Net: Name=DQ3
Added Pin To Net: NetName=DQ4 Pin=DD1-P9
Added Pin To Net: NetName=DQ4 Pin=DD2-H4
Added Net: Name=DQ4
Added Pin To Net: NetName=DQ5 Pin=DD1-M8
Added Pin To Net: NetName=DQ5 Pin=DD2-H5
Added Net: Name=DQ5
Added Pin To Net: NetName=DQ6 Pin=DD1-M7
Added Pin To Net: NetName=DQ6 Pin=DD2-E10
Added Net: Name=DQ6
Added Pin To Net: NetName=DQ7 Pin=DD1-L8
Added Pin To Net: NetName=DQ7 Pin=DD2-E9
Added Net: Name=DQ7
Added Pin To Net: NetName=DQ8 Pin=DD1-L2
Added Pin To Net: NetName=DQ8 Pin=DD2-E3
Added Net: Name=DQ8
Added Pin To Net: NetName=DQ9 Pin=DD1-M3
Added Pin To Net: NetName=DQ9 Pin=DD2-E2
Added Net: Name=DQ9
Added Pin To Net: NetName=DQ10 Pin=DD1-M2
Added Pin To Net: NetName=DQ10 Pin=DD2-E1
Added Net: Name=DQ10
Added Pin To Net: NetName=DQ11 Pin=DD1-P1
Added Pin To Net: NetName=DQ11 Pin=DD2-D10
Added Net: Name=DQ11
Added Pin To Net: NetName=DQ12 Pin=DD1-N2
Added Pin To Net: NetName=DQ12 Pin=DD2-D9
Added Net: Name=DQ12
Added Pin To Net: NetName=DQ13 Pin=DD1-R1
Added Pin To Net: NetName=DQ13 Pin=DD2-D8
Added Net: Name=DQ13
Added Pin To Net: NetName=DQ14 Pin=DD1-N3
Added Pin To Net: NetName=DQ14 Pin=DD2-D6
Added Net: Name=DQ14
Added Pin To Net: NetName=DQ15 Pin=DD1-R2
Added Pin To Net: NetName=DQ15 Pin=DD2-D4
Added Net: Name=DQ15
Added Pin To Net: NetName=DQ16 Pin=DD1-E8
Added Pin To Net: NetName=DQ16 Pin=DD2-D3
Added Net: Name=DQ16
Added Pin To Net: NetName=DQ17 Pin=DD1-D7
Added Pin To Net: NetName=DQ17 Pin=DD2-D1
Added Net: Name=DQ17
Added Pin To Net: NetName=DQ18 Pin=DD1-D8
Added Pin To Net: NetName=DQ18 Pin=DD2-C10
Added Net: Name=DQ18
Added Pin To Net: NetName=DQ19 Pin=DD1-B9
Added Pin To Net: NetName=DQ19 Pin=DD2-C9
Added Net: Name=DQ19
Added Pin To Net: NetName=DQ20 Pin=DD1-C8
Added Pin To Net: NetName=DQ20 Pin=DD2-C8
Added Net: Name=DQ20
Added Pin To Net: NetName=DQ21 Pin=DD1-A9
Added Pin To Net: NetName=DQ21 Pin=DD2-C7
Added Net: Name=DQ21
Added Pin To Net: NetName=DQ22 Pin=DD1-C7
Added Pin To Net: NetName=DQ22 Pin=DD2-C6
Added Net: Name=DQ22
Added Pin To Net: NetName=DQ23 Pin=DD1-A8
Added Pin To Net: NetName=DQ23 Pin=DD2-C5
Added Net: Name=DQ23
Added Pin To Net: NetName=DQ24 Pin=DD1-A2
Added Pin To Net: NetName=DQ24 Pin=DD2-C4
Added Net: Name=DQ24
Added Pin To Net: NetName=DQ25 Pin=DD1-C3
Added Pin To Net: NetName=DQ25 Pin=DD2-C3
Added Net: Name=DQ25
Added Pin To Net: NetName=DQ26 Pin=DD1-A1
Added Pin To Net: NetName=DQ26 Pin=DD2-C1
Added Net: Name=DQ26
Added Pin To Net: NetName=DQ27 Pin=DD1-C2
Added Pin To Net: NetName=DQ27 Pin=DD2-B10
Added Net: Name=DQ27
Added Pin To Net: NetName=DQ28 Pin=DD1-B1
Added Pin To Net: NetName=DQ28 Pin=DD2-B9
Added Net: Name=DQ28
Added Pin To Net: NetName=DQ29 Pin=DD1-D2
Added Pin To Net: NetName=DQ29 Pin=DD2-B8
Added Net: Name=DQ29
Added Pin To Net: NetName=DQ30 Pin=DD1-D3
Added Pin To Net: NetName=DQ30 Pin=DD2-B7
Added Net: Name=DQ30
Added Pin To Net: NetName=DQ31 Pin=DD1-E2
Added Pin To Net: NetName=DQ31 Pin=DD2-B6
Added Net: Name=DQ31
Added Pin To Net: NetName=DQM0 Pin=DD1-K9
Added Net: Name=DQM0
Added Pin To Net: NetName=DQM1 Pin=DD1-K1
Added Net: Name=DQM1
Added Pin To Net: NetName=DQM2 Pin=DD1-F8
Added Net: Name=DQM2
Added Pin To Net: NetName=DQM3 Pin=DD1-F2
Added Net: Name=DQM3
Added Pin To Net: NetName=GND Pin=C1-2
Added Pin To Net: NetName=GND Pin=C2-2
Added Pin To Net: NetName=GND Pin=C3-2
Added Pin To Net: NetName=GND Pin=C4-2
Added Pin To Net: NetName=GND Pin=C5-2
Added Pin To Net: NetName=GND Pin=C6-2
Added Pin To Net: NetName=GND Pin=C7-2
Added Pin To Net: NetName=GND Pin=C8-2
Added Pin To Net: NetName=GND Pin=C9-2
Added Pin To Net: NetName=GND Pin=C10-2
Added Pin To Net: NetName=GND Pin=C11-2
Added Pin To Net: NetName=GND Pin=C12-2
Added Pin To Net: NetName=GND Pin=C13-2
Added Pin To Net: NetName=GND Pin=C14-2
Added Pin To Net: NetName=GND Pin=C15-2
Added Pin To Net: NetName=GND Pin=C16-2
Added Pin To Net: NetName=GND Pin=C17-2
Added Pin To Net: NetName=GND Pin=C18-2
Added Pin To Net: NetName=GND Pin=C19-2
Added Pin To Net: NetName=GND Pin=C20-2
Added Pin To Net: NetName=GND Pin=C21-2
Added Pin To Net: NetName=GND Pin=C22-2
Added Pin To Net: NetName=GND Pin=C23-2
Added Pin To Net: NetName=GND Pin=C24-2
Added Pin To Net: NetName=GND Pin=DD1-A3
Added Pin To Net: NetName=GND Pin=DD1-B3
Added Pin To Net: NetName=GND Pin=DD1-B8
Added Pin To Net: NetName=GND Pin=DD1-C1
Added Pin To Net: NetName=GND Pin=DD1-D1
Added Pin To Net: NetName=GND Pin=DD1-E9
Added Pin To Net: NetName=GND Pin=DD1-F1
Added Pin To Net: NetName=GND Pin=DD1-L3
Added Pin To Net: NetName=GND Pin=DD1-L9
Added Pin To Net: NetName=GND Pin=DD1-M1
Added Pin To Net: NetName=GND Pin=DD1-N1
Added Pin To Net: NetName=GND Pin=DD1-P3
Added Pin To Net: NetName=GND Pin=DD1-P8
Added Pin To Net: NetName=GND Pin=DD1-R3
Added Pin To Net: NetName=GND Pin=R1-1
Added Pin To Net: NetName=GND Pin=R3-1
Added Pin To Net: NetName=GND Pin=XP1-2
Added Pin To Net: NetName=GND Pin=XP2-2
Added Net: Name=GND
Added Pin To Net: NetName=NetC3_1 Pin=C3-1
Added Pin To Net: NetName=NetC3_1 Pin=DA1-3
Added Pin To Net: NetName=NetC3_1 Pin=XP1-1
Added Net: Name=NetC3_1
Added Pin To Net: NetName=NetC23_1 Pin=C23-1
Added Pin To Net: NetName=NetC23_1 Pin=DA2-3
Added Pin To Net: NetName=NetC23_1 Pin=XP2-1
Added Net: Name=NetC23_1
Added Pin To Net: NetName=NetDA1_1 Pin=DA1-1
Added Pin To Net: NetName=NetDA1_1 Pin=R1-2
Added Pin To Net: NetName=NetDA1_1 Pin=R2-2
Added Net: Name=NetDA1_1
Added Pin To Net: NetName=NetDA2_1 Pin=DA2-1
Added Pin To Net: NetName=NetDA2_1 Pin=R3-2
Added Pin To Net: NetName=NetDA2_1 Pin=R4-2
Added Net: Name=NetDA2_1
Added Pin To Net: NetName=RAS Pin=DD1-J9
Added Net: Name=RAS
Added Pin To Net: NetName=WE Pin=DD1-K8
Added Net: Name=WE
Added Class: Name=Sheet1
Added Room: Name=Sheet1
