Change Component Designator: Old Designator=C? New Designator=C1
Change Component Designator: Old Designator=C? New Designator=C2
Change Component Designator: Old Designator=C? New Designator=C3
Change Component Designator: Old Designator=HL? New Designator=HL1
Change Component Designator: Old Designator=R? New Designator=R1
Change Component Designator: Old Designator=R? New Designator=R2
Change Component Designator: Old Designator=R? New Designator=R3
Change Component Designator: Old Designator=R? New Designator=R4
Change Component Designator: Old Designator=R? New Designator=R5
Change Component Designator: Old Designator=R? New Designator=R6
Change Component Designator: Old Designator=R? New Designator=R7
Change Component Designator: Old Designator=R? New Designator=R8
Change Component Designator: Old Designator=R? New Designator=R9
Change Component Designator: Old Designator=R? New Designator=R10
Change Component Designator: Old Designator=R? New Designator=R11
Change Component Designator: Old Designator=R? New Designator=R12
Change Component Designator: Old Designator=R? New Designator=R13
Change Component Designator: Old Designator=R? New Designator=R14
Change Component Designator: Old Designator=R? New Designator=R15
Change Component Designator: Old Designator=R? New Designator=R16
Change Component Designator: Old Designator=R? New Designator=R17
Change Component Designator: Old Designator=R? New Designator=R18
Change Component Designator: Old Designator=R? New Designator=R19
Change Component Designator: Old Designator=R? New Designator=R20
Change Component Designator: Old Designator=R? New Designator=R21
Change Component Designator: Old Designator=R? New Designator=R22
Change Component Designator: Old Designator=R? New Designator=R23
Change Component Designator: Old Designator=R? New Designator=R24
Change Component Designator: Old Designator=R? New Designator=R25
Change Component Designator: Old Designator=R? New Designator=R26
Change Component Designator: Old Designator=R? New Designator=R27
Change Component Designator: Old Designator=VD? New Designator=VD1
Change Component Designator: Old Designator=VD? New Designator=VD2
Change Component Designator: Old Designator=VD? New Designator=VD3
Change Component Designator: Old Designator=VD? New Designator=VD4
Change Component Designator: Old Designator=VD? New Designator=VD5
Change Component Designator: Old Designator=VD? New Designator=VD6
Change Component Designator: Old Designator=VD? New Designator=VD7
Change Component Designator: Old Designator=VT? New Designator=VT1
Change Component Designator: Old Designator=VT? New Designator=VT2
Change Component Designator: Old Designator=VT? New Designator=VT3
Change Component Designator: Old Designator=VT? New Designator=VT4
Change Component Designator: Old Designator=VT? New Designator=VT5
Change Component Designator: Old Designator=VT? New Designator=VT6
Change Component Designator: Old Designator=VT? New Designator=VT7
Change Component Designator: Old Designator=VT? New Designator=VT8
Change Component Designator: Old Designator=VT? New Designator=VT9
Change Component Designator: Old Designator=XP? New Designator=XP1
Change Component Designator: Old Designator=Z? New Designator=Z1
Change Component Designator: Old Designator=Z? New Designator=Z2
Change Component Designator: Old Designator=Z? New Designator=Z3
Change Component Designator: Old Designator=Z? New Designator=Z4
Change Component Designator: Old Designator=Z? New Designator=Z5
Change Component Designator: Old Designator=Z? New Designator=Z6
Change Component Designator: Old Designator=Z? New Designator=Z7
Change Component Designator: Old Designator=Z? New Designator=Z8
Change Component Designator: Old Designator=Z? New Designator=Z9
Change Component Designator: Old Designator=Z? New Designator=Z10
Change Component Designator: Old Designator=Z? New Designator=Z11
Change Component Designator: Old Designator=Z? New Designator=Z12
Change Component Designator: Old Designator=Z? New Designator=Z13
Change Component Designator: Old Designator=Z? New Designator=Z14
Change Component Designator: Old Designator=Z? New Designator=Z15
Change Component Designator: Old Designator=Z? New Designator=Z16
Change Component Designator: Old Designator=Z? New Designator=Z17
Change Component Designator: Old Designator=Z? New Designator=Z18
Change Component Designator: Old Designator=Z? New Designator=Z19
Change Component Designator: Old Designator=Z? New Designator=Z20
Change Component Designator: Old Designator=Z? New Designator=Z21
Change Component Designator: Old Designator=Z? New Designator=Z22
Change Component Designator: Old Designator=Z? New Designator=Z23
Change Component Designator: Old Designator=Z? New Designator=Z24
Change Component Designator: Old Designator=Z? New Designator=Z25
