Removed Pin From Net: NetName=NetHG1_15 Pin=R7-1
Removed Pin From Net: NetName=+5V Pin=R7-2
Change Component Comment : Designator=C5 Old Comment=Capasitor New Comment=100nF
Change Component Comment : Designator=R6 Old Comment=Resistor New Comment=4.7kOm
Change Component Comment : Designator=R7 Old Comment=Resistor New Comment=100Om
Change component parameters: Designator = "ZQ1"; Footprint = "HC-51U"; UniqueID = "\JFLQLJOP\XPLLYYSP"
Change component parameters. Clean all parameters for all variants
Change component parameters (AddParameter): Name = "Manufacturer"; Value = "CHina"; VariantName = "[No Variations]"
Change component parameters (AddParameter): Name = "Package"; Value = "HC-51"; VariantName = "[No Variations]"
Change component parameters (AddParameter): Name = "Part Number"; Value = "HC-51"; VariantName = "[No Variations]"
Change component parameters (AddParameter): Name = "Price"; Value = "0.255"; VariantName = "[No Variations]"
Change component parameters (AddParameter): Name = "Quantity"; Value = "1"; VariantName = "[No Variations]"
Change component parameters (AddParameter): Name = "ShoppingPlace"; Value = "http://belchip.by/product/?selected_product=33253"; VariantName = "[No Variations]"
Change component parameters (AddParameter): Name = "Value"; Value = "8MHz"; VariantName = "[No Variations]"
Change component parameters: Designator = "Bt1"; Footprint = "CH25-2032"; UniqueID = "\NEJNPYFU\FPXISMUP"
Change component parameters. Clean all parameters for all variants
Change component parameters (AddParameter): Name = "Manufacturer"; Value = "Comf"; VariantName = "[No Variations]"
Change component parameters (AddParameter): Name = "Package"; Value = "CH25-2032"; VariantName = "[No Variations]"
Change component parameters (AddParameter): Name = "Part Number"; Value = "CH25-2032"; VariantName = "[No Variations]"
Change component parameters (AddParameter): Name = "Price"; Value = "0.36"; VariantName = "[No Variations]"
Change component parameters (AddParameter): Name = "Quantity"; Value = "1"; VariantName = "[No Variations]"
Change component parameters (AddParameter): Name = "ShoppingPlace"; Value = "http://belchip.by/product/?selected_product=12241"; VariantName = "[No Variations]"
Change component parameters (AddParameter): Name = "Value"; Value = "CH25-CR2032"; VariantName = "[No Variations]"
Change component parameters: Designator = "DA1"; Footprint = "SO-8"; UniqueID = "\NEJNPYFU\BWJGPBOC"
Change component parameters. Clean all parameters for all variants
Change component parameters (AddParameter): Name = "Manufacturer"; Value = "UTC"; VariantName = "[No Variations]"
Change component parameters (AddParameter): Name = "Package"; Value = "SO8"; VariantName = "[No Variations]"
Change component parameters (AddParameter): Name = "part Number"; Value = "MC34063AG"; VariantName = "[No Variations]"
Change component parameters (AddParameter): Name = "Price"; Value = "0.325"; VariantName = "[No Variations]"
Change component parameters (AddParameter): Name = "Quantity"; Value = "1"; VariantName = "[No Variations]"
Change component parameters (AddParameter): Name = "ShoppingPlace"; Value = "http://belchip.by/product/?selected_product=18919"; VariantName = "[No Variations]"
Change component parameters (AddParameter): Name = "Value"; Value = "5V"; VariantName = "[No Variations]"
Change component parameters: Designator = "L1"; Footprint = "SDR1307-151KL"; UniqueID = "\NEJNPYFU\ALLMMMLK"
Change component parameters. Clean all parameters for all variants
Change component parameters (AddParameter): Name = "Manufacturer"; Value = "BOURNS"; VariantName = "[No Variations]"
Change component parameters (AddParameter): Name = "Package"; Value = "SDR1307"; VariantName = "[No Variations]"
Change component parameters (AddParameter): Name = "Part Number"; Value = "SDR1307-151KL"; VariantName = "[No Variations]"
Change component parameters (AddParameter): Name = "Price"; Value = "0.75"; VariantName = "[No Variations]"
Change component parameters (AddParameter): Name = "Quantity"; Value = "1"; VariantName = "[No Variations]"
Change component parameters (AddParameter): Name = "ShoppingPlace"; Value = "http://belchip.by/product/?selected_product=06875"; VariantName = "[No Variations]"
Change component parameters (AddParameter): Name = "Value"; Value = "150u"; VariantName = "[No Variations]"
Change component parameters: Designator = "VD1"; Footprint = "SOD-23"; UniqueID = "\NEJNPYFU\TYFTNAUB"
Change component parameters. Clean all parameters for all variants
Change component parameters (AddParameter): Name = "Package"; Value = "SOD-123"; VariantName = "[No Variations]"
Change component parameters (AddParameter): Name = "part Number"; Value = "1N5819HW"; VariantName = "[No Variations]"
Change component parameters (AddParameter): Name = "Power"; Value = "40V"; VariantName = "[No Variations]"
Change component parameters (AddParameter): Name = "Price"; Value = "0.12"; VariantName = "[No Variations]"
Change component parameters (AddParameter): Name = "Quantity"; Value = "1"; VariantName = "[No Variations]"
Change component parameters (AddParameter): Name = "ShoppingPlace"; Value = "http://belchip.by/product/?selected_product=08853"; VariantName = "[No Variations]"
Change component parameters (AddParameter): Name = "Value"; Value = "1A"; VariantName = "[No Variations]"
Change component parameters: Designator = "C1"; Footprint = "Type D"; UniqueID = "\NEJNPYFU\PKHGTQJD"
Change component parameters. Clean all parameters for all variants
Change component parameters (AddParameter): Name = "Manufacturer"; Value = "Kemet"; VariantName = "[No Variations]"
Change component parameters (AddParameter): Name = "Package"; Value = "TypeD"; VariantName = "[No Variations]"
Change component parameters (AddParameter): Name = "Part Namber"; Value = "T520D227M010ATE018"; VariantName = "[No Variations]"
Change component parameters (AddParameter): Name = "Power"; Value = "10V"; VariantName = "[No Variations]"
Change component parameters (AddParameter): Name = "Price"; Value = "0.7"; VariantName = "[No Variations]"
Change component parameters (AddParameter): Name = "Quantity"; Value = "2"; VariantName = "[No Variations]"
Change component parameters (AddParameter): Name = "ShoppingPlace"; Value = "http://belchip.by/product/?selected_product=19189"; VariantName = "[No Variations]"
Change component parameters (AddParameter): Name = "Value"; Value = "220u"; VariantName = "[No Variations]"
Change component parameters: Designator = "R1"; Footprint = "1206"; UniqueID = "\NEJNPYFU\YBERVMQJ"
Change component parameters. Clean all parameters for all variants
Change component parameters (AddParameter): Name = "Manufacturer"; Value = "China"; VariantName = "[No Variations]"
Change component parameters (AddParameter): Name = "Package"; Value = "1206"; VariantName = "[No Variations]"
Change component parameters (AddParameter): Name = "Part Number"; Value = "1206183"; VariantName = "[No Variations]"
Change component parameters (AddParameter): Name = "Power"; Value = "0.25W"; VariantName = "[No Variations]"
Change component parameters (AddParameter): Name = "Price"; Value = "0.15"; VariantName = "[No Variations]"
Change component parameters (AddParameter): Name = "Quntity"; Value = "2"; VariantName = "[No Variations]"
Change component parameters (AddParameter): Name = "ShoppingPlace"; Value = "http://belchip.by/product/?selected_product=01413"; VariantName = "[No Variations]"
Change component parameters (AddParameter): Name = "Value"; Value = "18k"; VariantName = "[No Variations]"
Change component parameters: Designator = "R2"; Footprint = "1206"; UniqueID = "\NEJNPYFU\EFWPGWIV"
Change component parameters. Clean all parameters for all variants
Change component parameters (AddParameter): Name = "Manufacturer"; Value = "china"; VariantName = "[No Variations]"
Change component parameters (AddParameter): Name = "Package"; Value = "1206"; VariantName = "[No Variations]"
Change component parameters (AddParameter): Name = "Part Number"; Value = "1206563"; VariantName = "[No Variations]"
Change component parameters (AddParameter): Name = "Power"; Value = "0.25W"; VariantName = "[No Variations]"
Change component parameters (AddParameter): Name = "Price"; Value = "0.15"; VariantName = "[No Variations]"
Change component parameters (AddParameter): Name = "Quntity"; Value = "2"; VariantName = "[No Variations]"
Change component parameters (AddParameter): Name = "ShoppingPlace"; Value = "http://belchip.by/product/?selected_product=01425"; VariantName = "[No Variations]"
Change component parameters (AddParameter): Name = "Value"; Value = "56k"; VariantName = "[No Variations]"
Change component parameters: Designator = "R3"; Footprint = "1206"; UniqueID = "\NEJNPYFU\XSJFHDRO"
Change component parameters. Clean all parameters for all variants
Change component parameters (AddParameter): Name = "Manufacturer"; Value = "China"; VariantName = "[No Variations]"
Change component parameters (AddParameter): Name = "Package"; Value = "1206"; VariantName = "[No Variations]"
Change component parameters (AddParameter): Name = "Part Number"; Value = "SMD12065221"; VariantName = "[No Variations]"
Change component parameters (AddParameter): Name = "Power"; Value = "0.25W"; VariantName = "[No Variations]"
Change component parameters (AddParameter): Name = "Price"; Value = "1"; VariantName = "[No Variations]"
Change component parameters (AddParameter): Name = "Quntity"; Value = "20"; VariantName = "[No Variations]"
Change component parameters (AddParameter): Name = "ShoppingPlace"; Value = "http://belchip.by/product/?selected_product=01368"; VariantName = "[No Variations]"
Change component parameters (AddParameter): Name = "Value"; Value = "200"; VariantName = "[No Variations]"
Change component parameters: Designator = "R4"; Footprint = "1206"; UniqueID = "\JFLQLJOP\ILYUWXVP"
Change component parameters. Clean all parameters for all variants
Change component parameters (AddParameter): Name = "Manufacturer"; Value = "Royal Ohm"; VariantName = "[No Variations]"
Change component parameters (AddParameter): Name = "Package"; Value = "1206"; VariantName = "[No Variations]"
Change component parameters (AddParameter): Name = "Part Number"; Value = "SMD1206-1K"; VariantName = "[No Variations]"
Change component parameters (AddParameter): Name = "Power"; Value = "0.25W"; VariantName = "[No Variations]"
Change component parameters (AddParameter): Name = "Price"; Value = "0.15"; VariantName = "[No Variations]"
Change component parameters (AddParameter): Name = "Quntity"; Value = "4"; VariantName = "[No Variations]"
Change component parameters (AddParameter): Name = "ShoppingPlace"; Value = "http://belchip.by/product/?selected_product=01384"; VariantName = "[No Variations]"
Change component parameters (AddParameter): Name = "Value"; Value = "1kOm"; VariantName = "[No Variations]"
Change component parameters: Designator = "R6"; Footprint = "1206"; UniqueID = "\JFLQLJOP\GFQYTUPU"
Change component parameters. Clean all parameters for all variants
Change component parameters (AddParameter): Name = "Manufacturer"; Value = "Royal Ohm"; VariantName = "[No Variations]"
Change component parameters (AddParameter): Name = "Package"; Value = "1206"; VariantName = "[No Variations]"
Change component parameters (AddParameter): Name = "Part Number"; Value = "SMD1206-1K"; VariantName = "[No Variations]"
Change component parameters (AddParameter): Name = "Power"; Value = "0.25W"; VariantName = "[No Variations]"
Change component parameters (AddParameter): Name = "Price"; Value = "0.15"; VariantName = "[No Variations]"
Change component parameters (AddParameter): Name = "Quntity"; Value = "4"; VariantName = "[No Variations]"
Change component parameters (AddParameter): Name = "ShoppingPlace"; Value = "http://belchip.by/product/?selected_product=01399"; VariantName = "[No Variations]"
Change component parameters (AddParameter): Name = "Value"; Value = "4.7kOm"; VariantName = "[No Variations]"
Change component parameters: Designator = "R7"; Footprint = "1206"; UniqueID = "\JFLQLJOP\BSURXNKK"
Change component parameters. Clean all parameters for all variants
Change component parameters (AddParameter): Name = "Manufacturer"; Value = "YAGEO"; VariantName = "[No Variations]"
Change component parameters (AddParameter): Name = "Package"; Value = "1206"; VariantName = "[No Variations]"
Change component parameters (AddParameter): Name = "Part Number"; Value = "RC1206FR-07100RL"; VariantName = "[No Variations]"
Change component parameters (AddParameter): Name = "Power"; Value = "0.25W"; VariantName = "[No Variations]"
Change component parameters (AddParameter): Name = "Price"; Value = "0.15"; VariantName = "[No Variations]"
Change component parameters (AddParameter): Name = "Quntity"; Value = "4"; VariantName = "[No Variations]"
Change component parameters (AddParameter): Name = "ShoppingPlace"; Value = "http://belchip.by/product/?selected_product=18520"; VariantName = "[No Variations]"
Change component parameters (AddParameter): Name = "Value"; Value = "100Om"; VariantName = "[No Variations]"
Change component parameters: Designator = "C2"; Footprint = "CAP1206"; UniqueID = "\NEJNPYFU\FBGITXGT"
Change component parameters. Clean all parameters for all variants
Change component parameters (AddParameter): Name = "Manufacturer"; Value = "FAITHFULL LINK"; VariantName = "[No Variations]"
Change component parameters (AddParameter): Name = "Package"; Value = "1206"; VariantName = "[No Variations]"
Change component parameters (AddParameter): Name = "Part Number"; Value = "1206471X7R50V"; VariantName = "[No Variations]"
Change component parameters (AddParameter): Name = "Price"; Value = "0.02"; VariantName = "[No Variations]"
Change component parameters (AddParameter): Name = "Quantity"; Value = "1"; VariantName = "[No Variations]"
Change component parameters (AddParameter): Name = "ShoppingPlace"; Value = "http://belchip.by/product/?selected_product=00281"; VariantName = "[No Variations]"
Change component parameters (AddParameter): Name = "Value"; Value = "0.47n"; VariantName = "[No Variations]"
Change component parameters (AddParameter): Name = "Voltage"; Value = "50V"; VariantName = "[No Variations]"
Change component parameters: Designator = "C4"; Footprint = "CAP1206"; UniqueID = "\JFLQLJOP\GTNABDLC"
Change component parameters. Clean all parameters for all variants
Change component parameters (AddParameter): Name = "Manufacturer"; Value = "Samsung"; VariantName = "[No Variations]"
Change component parameters (AddParameter): Name = "Package"; Value = "1206"; VariantName = "[No Variations]"
Change component parameters (AddParameter): Name = "Part Number"; Value = "CL31B104KCFNNNE"; VariantName = "[No Variations]"
Change component parameters (AddParameter): Name = "Price"; Value = "0.205"; VariantName = "[No Variations]"
Change component parameters (AddParameter): Name = "Quantity"; Value = "3"; VariantName = "[No Variations]"
Change component parameters (AddParameter): Name = "ShoppingPlace"; Value = "http://belchip.by/product/?selected_product=30380"; VariantName = "[No Variations]"
Change component parameters (AddParameter): Name = "Value"; Value = "100nF"; VariantName = "[No Variations]"
Change component parameters (AddParameter): Name = "Voltage"; Value = "100V"; VariantName = "[No Variations]"
Change component parameters: Designator = "C5"; Footprint = "CAP1206"; UniqueID = "\JFLQLJOP\VMELYHLO"
Change component parameters. Clean all parameters for all variants
Change component parameters (AddParameter): Name = "Manufacturer"; Value = "Samsung"; VariantName = "[No Variations]"
Change component parameters (AddParameter): Name = "Package"; Value = "1206"; VariantName = "[No Variations]"
Change component parameters (AddParameter): Name = "Part Number"; Value = "CL31B104KCFNNNE"; VariantName = "[No Variations]"
Change component parameters (AddParameter): Name = "Price"; Value = "0.205"; VariantName = "[No Variations]"
Change component parameters (AddParameter): Name = "Quantity"; Value = "3"; VariantName = "[No Variations]"
Change component parameters (AddParameter): Name = "ShoppingPlace"; Value = "http://belchip.by/product/?selected_product=30380"; VariantName = "[No Variations]"
Change component parameters (AddParameter): Name = "Value"; Value = "100nF"; VariantName = "[No Variations]"
Change component parameters (AddParameter): Name = "Voltage"; Value = "100V"; VariantName = "[No Variations]"
Change component parameters: Designator = "C6"; Footprint = "CAP1206"; UniqueID = "\JFLQLJOP\YJRRRBLC"
Change component parameters. Clean all parameters for all variants
Change component parameters (AddParameter): Name = "Manufacturer"; Value = " FAITHFULL LINK"; VariantName = "[No Variations]"
Change component parameters (AddParameter): Name = "Package"; Value = "1206"; VariantName = "[No Variations]"
Change component parameters (AddParameter): Name = "Part Number"; Value = "LFL106270NPO"; VariantName = "[No Variations]"
Change component parameters (AddParameter): Name = "Price"; Value = "0.025"; VariantName = "[No Variations]"
Change component parameters (AddParameter): Name = "Quantity"; Value = "10"; VariantName = "[No Variations]"
Change component parameters (AddParameter): Name = "ShoppingPlace"; Value = "http://belchip.by/product/?selected_product=00261"; VariantName = "[No Variations]"
Change component parameters (AddParameter): Name = "Value"; Value = "27pF"; VariantName = "[No Variations]"
Change component parameters (AddParameter): Name = "Voltage"; Value = "50V"; VariantName = "[No Variations]"
Change component parameters: Designator = "C7"; Footprint = "CAP1206"; UniqueID = "\JFLQLJOP\PWOQGIAU"
Change component parameters. Clean all parameters for all variants
Change component parameters (AddParameter): Name = "Manufacturer"; Value = " FAITHFULL LINK"; VariantName = "[No Variations]"
Change component parameters (AddParameter): Name = "Package"; Value = "1206"; VariantName = "[No Variations]"
Change component parameters (AddParameter): Name = "Part Number"; Value = "FL1206270NPO"; VariantName = "[No Variations]"
Change component parameters (AddParameter): Name = "Price"; Value = "0.025"; VariantName = "[No Variations]"
Change component parameters (AddParameter): Name = "Quantity"; Value = "10"; VariantName = "[No Variations]"
Change component parameters (AddParameter): Name = "ShoppingPlace"; Value = "http://belchip.by/product/?selected_product=00261"; VariantName = "[No Variations]"
Change component parameters (AddParameter): Name = "Value"; Value = "27pF"; VariantName = "[No Variations]"
Change component parameters (AddParameter): Name = "Voltage"; Value = "50V"; VariantName = "[No Variations]"
Added Pin To Net: NetName=+5V Pin=R7-1
Added Pin To Net: NetName=NetHG1_15 Pin=R7-2
Added Room: Name=BlockControl
