Added Component: Designator=U1(DIP-4)
Add component. Clean all parameters for all variants
Add component (AddParameter): Name = "Manufacturer"; Value = "SHARP"; VariantName = "[No Variations]"
Add component (AddParameter): Name = "Package"; Value = "DIP-4"; VariantName = "[No Variations]"
Add component (AddParameter): Name = "Part Number"; Value = "PC817C"; VariantName = "[No Variations]"
Add component (AddParameter): Name = "Price"; Value = "0.15"; VariantName = "[No Variations]"
Add component (AddParameter): Name = "Quantity"; Value = "8"; VariantName = "[No Variations]"
Add component (AddParameter): Name = "ShoppingPlace"; Value = "http://belchip.by/product/?selected_product=29779"; VariantName = "[No Variations]"
Add component (AddParameter): Name = "Value"; Value = ""; VariantName = "[No Variations]"
Added Component: Designator=U2(DIP-4)
Add component. Clean all parameters for all variants
Add component (AddParameter): Name = "Manufacturer"; Value = "SHARP"; VariantName = "[No Variations]"
Add component (AddParameter): Name = "Package"; Value = "DIP-4"; VariantName = "[No Variations]"
Add component (AddParameter): Name = "Part Number"; Value = "PC817C"; VariantName = "[No Variations]"
Add component (AddParameter): Name = "Price"; Value = "0.15"; VariantName = "[No Variations]"
Add component (AddParameter): Name = "Quantity"; Value = "8"; VariantName = "[No Variations]"
Add component (AddParameter): Name = "ShoppingPlace"; Value = "http://belchip.by/product/?selected_product=29779"; VariantName = "[No Variations]"
Add component (AddParameter): Name = "Value"; Value = ""; VariantName = "[No Variations]"
Added Component: Designator=U3(DIP-4)
Add component. Clean all parameters for all variants
Add component (AddParameter): Name = "Manufacturer"; Value = "SHARP"; VariantName = "[No Variations]"
Add component (AddParameter): Name = "Package"; Value = "DIP-4"; VariantName = "[No Variations]"
Add component (AddParameter): Name = "Part Number"; Value = "PC817C"; VariantName = "[No Variations]"
Add component (AddParameter): Name = "Price"; Value = "0.15"; VariantName = "[No Variations]"
Add component (AddParameter): Name = "Quantity"; Value = "8"; VariantName = "[No Variations]"
Add component (AddParameter): Name = "ShoppingPlace"; Value = "http://belchip.by/product/?selected_product=29779"; VariantName = "[No Variations]"
Add component (AddParameter): Name = "Value"; Value = ""; VariantName = "[No Variations]"
Added Component: Designator=U4(DIP-4)
Add component. Clean all parameters for all variants
Add component (AddParameter): Name = "Manufacturer"; Value = "SHARP"; VariantName = "[No Variations]"
Add component (AddParameter): Name = "Package"; Value = "DIP-4"; VariantName = "[No Variations]"
Add component (AddParameter): Name = "Part Number"; Value = "PC817C"; VariantName = "[No Variations]"
Add component (AddParameter): Name = "Price"; Value = "0.15"; VariantName = "[No Variations]"
Add component (AddParameter): Name = "Quantity"; Value = "8"; VariantName = "[No Variations]"
Add component (AddParameter): Name = "ShoppingPlace"; Value = "http://belchip.by/product/?selected_product=29779"; VariantName = "[No Variations]"
Add component (AddParameter): Name = "Value"; Value = ""; VariantName = "[No Variations]"
Added Component: Designator=U5(DIP-4)
Add component. Clean all parameters for all variants
Add component (AddParameter): Name = "Manufacturer"; Value = "SHARP"; VariantName = "[No Variations]"
Add component (AddParameter): Name = "Package"; Value = "DIP-4"; VariantName = "[No Variations]"
Add component (AddParameter): Name = "Part Number"; Value = "PC817C"; VariantName = "[No Variations]"
Add component (AddParameter): Name = "Price"; Value = "0.15"; VariantName = "[No Variations]"
Add component (AddParameter): Name = "Quantity"; Value = "8"; VariantName = "[No Variations]"
Add component (AddParameter): Name = "ShoppingPlace"; Value = "http://belchip.by/product/?selected_product=29779"; VariantName = "[No Variations]"
Add component (AddParameter): Name = "Value"; Value = ""; VariantName = "[No Variations]"
Added Component: Designator=U6(DIP-4)
Add component. Clean all parameters for all variants
Add component (AddParameter): Name = "Manufacturer"; Value = "SHARP"; VariantName = "[No Variations]"
Add component (AddParameter): Name = "Package"; Value = "DIP-4"; VariantName = "[No Variations]"
Add component (AddParameter): Name = "Part Number"; Value = "PC817C"; VariantName = "[No Variations]"
Add component (AddParameter): Name = "Price"; Value = "0.15"; VariantName = "[No Variations]"
Add component (AddParameter): Name = "Quantity"; Value = "8"; VariantName = "[No Variations]"
Add component (AddParameter): Name = "ShoppingPlace"; Value = "http://belchip.by/product/?selected_product=29779"; VariantName = "[No Variations]"
Add component (AddParameter): Name = "Value"; Value = ""; VariantName = "[No Variations]"
Added Component: Designator=U7(DIP-4)
Add component. Clean all parameters for all variants
Add component (AddParameter): Name = "Manufacturer"; Value = "SHARP"; VariantName = "[No Variations]"
Add component (AddParameter): Name = "Package"; Value = "DIP-4"; VariantName = "[No Variations]"
Add component (AddParameter): Name = "Part Number"; Value = "PC817C"; VariantName = "[No Variations]"
Add component (AddParameter): Name = "Price"; Value = "0.15"; VariantName = "[No Variations]"
Add component (AddParameter): Name = "Quantity"; Value = "8"; VariantName = "[No Variations]"
Add component (AddParameter): Name = "ShoppingPlace"; Value = "http://belchip.by/product/?selected_product=29779"; VariantName = "[No Variations]"
Add component (AddParameter): Name = "Value"; Value = ""; VariantName = "[No Variations]"
Added Component: Designator=U8(DIP-4)
Add component. Clean all parameters for all variants
Add component (AddParameter): Name = "Manufacturer"; Value = "SHARP"; VariantName = "[No Variations]"
Add component (AddParameter): Name = "Package"; Value = "DIP-4"; VariantName = "[No Variations]"
Add component (AddParameter): Name = "Part Number"; Value = "PC817C"; VariantName = "[No Variations]"
Add component (AddParameter): Name = "Price"; Value = "0.15"; VariantName = "[No Variations]"
Add component (AddParameter): Name = "Quantity"; Value = "8"; VariantName = "[No Variations]"
Add component (AddParameter): Name = "ShoppingPlace"; Value = "http://belchip.by/product/?selected_product=29779"; VariantName = "[No Variations]"
Add component (AddParameter): Name = "Value"; Value = ""; VariantName = "[No Variations]"
Added Component: Designator=VD1(DO-35)
Add component. Clean all parameters for all variants
Add component (AddParameter): Name = "Manufacturer"; Value = "DC Components"; VariantName = "[No Variations]"
Add component (AddParameter): Name = "Package"; Value = "DO-35"; VariantName = "[No Variations]"
Add component (AddParameter): Name = "Part Number"; Value = "BZX55C3V3"; VariantName = "[No Variations]"
Add component (AddParameter): Name = "Price"; Value = "0.025"; VariantName = "[No Variations]"
Add component (AddParameter): Name = "Quantity"; Value = "16"; VariantName = "[No Variations]"
Add component (AddParameter): Name = "ShoppingPlace"; Value = "http://belchip.by/product/?selected_product=01814"; VariantName = "[No Variations]"
Add component (AddParameter): Name = "Value"; Value = ""; VariantName = "[No Variations]"
Added Component: Designator=VD2(DO-35)
Add component. Clean all parameters for all variants
Add component (AddParameter): Name = "Manufacturer"; Value = "DC Components"; VariantName = "[No Variations]"
Add component (AddParameter): Name = "Package"; Value = "DO-35"; VariantName = "[No Variations]"
Add component (AddParameter): Name = "Part Number"; Value = "BZX55C3V3"; VariantName = "[No Variations]"
Add component (AddParameter): Name = "Price"; Value = "0.025"; VariantName = "[No Variations]"
Add component (AddParameter): Name = "Quantity"; Value = "16"; VariantName = "[No Variations]"
Add component (AddParameter): Name = "ShoppingPlace"; Value = "http://belchip.by/product/?selected_product=01814"; VariantName = "[No Variations]"
Add component (AddParameter): Name = "Value"; Value = ""; VariantName = "[No Variations]"
Added Component: Designator=VD3(DO-35)
Add component. Clean all parameters for all variants
Add component (AddParameter): Name = "Manufacturer"; Value = "DC Components"; VariantName = "[No Variations]"
Add component (AddParameter): Name = "Package"; Value = "DO-35"; VariantName = "[No Variations]"
Add component (AddParameter): Name = "Part Number"; Value = "BZX55C3V3"; VariantName = "[No Variations]"
Add component (AddParameter): Name = "Price"; Value = "0.025"; VariantName = "[No Variations]"
Add component (AddParameter): Name = "Quantity"; Value = "16"; VariantName = "[No Variations]"
Add component (AddParameter): Name = "ShoppingPlace"; Value = "http://belchip.by/product/?selected_product=01814"; VariantName = "[No Variations]"
Add component (AddParameter): Name = "Value"; Value = ""; VariantName = "[No Variations]"
Added Component: Designator=VD4(DO-35)
Add component. Clean all parameters for all variants
Add component (AddParameter): Name = "Manufacturer"; Value = "DC Components"; VariantName = "[No Variations]"
Add component (AddParameter): Name = "Package"; Value = "DO-35"; VariantName = "[No Variations]"
Add component (AddParameter): Name = "Part Number"; Value = "BZX55C3V3"; VariantName = "[No Variations]"
Add component (AddParameter): Name = "Price"; Value = "0.025"; VariantName = "[No Variations]"
Add component (AddParameter): Name = "Quantity"; Value = "16"; VariantName = "[No Variations]"
Add component (AddParameter): Name = "ShoppingPlace"; Value = "http://belchip.by/product/?selected_product=01814"; VariantName = "[No Variations]"
Add component (AddParameter): Name = "Value"; Value = ""; VariantName = "[No Variations]"
Added Component: Designator=VD5(DO-35)
Add component. Clean all parameters for all variants
Add component (AddParameter): Name = "Manufacturer"; Value = "DC Components"; VariantName = "[No Variations]"
Add component (AddParameter): Name = "Package"; Value = "DO-35"; VariantName = "[No Variations]"
Add component (AddParameter): Name = "Part Number"; Value = "BZX55C3V3"; VariantName = "[No Variations]"
Add component (AddParameter): Name = "Price"; Value = "0.025"; VariantName = "[No Variations]"
Add component (AddParameter): Name = "Quantity"; Value = "16"; VariantName = "[No Variations]"
Add component (AddParameter): Name = "ShoppingPlace"; Value = "http://belchip.by/product/?selected_product=01814"; VariantName = "[No Variations]"
Add component (AddParameter): Name = "Value"; Value = ""; VariantName = "[No Variations]"
Added Component: Designator=VD6(DO-35)
Add component. Clean all parameters for all variants
Add component (AddParameter): Name = "Manufacturer"; Value = "DC Components"; VariantName = "[No Variations]"
Add component (AddParameter): Name = "Package"; Value = "DO-35"; VariantName = "[No Variations]"
Add component (AddParameter): Name = "Part Number"; Value = "BZX55C3V3"; VariantName = "[No Variations]"
Add component (AddParameter): Name = "Price"; Value = "0.025"; VariantName = "[No Variations]"
Add component (AddParameter): Name = "Quantity"; Value = "16"; VariantName = "[No Variations]"
Add component (AddParameter): Name = "ShoppingPlace"; Value = "http://belchip.by/product/?selected_product=01814"; VariantName = "[No Variations]"
Add component (AddParameter): Name = "Value"; Value = ""; VariantName = "[No Variations]"
Added Component: Designator=VD7(DO-35)
Add component. Clean all parameters for all variants
Add component (AddParameter): Name = "Manufacturer"; Value = "DC Components"; VariantName = "[No Variations]"
Add component (AddParameter): Name = "Package"; Value = "DO-35"; VariantName = "[No Variations]"
Add component (AddParameter): Name = "Part Number"; Value = "BZX55C3V3"; VariantName = "[No Variations]"
Add component (AddParameter): Name = "Price"; Value = "0.025"; VariantName = "[No Variations]"
Add component (AddParameter): Name = "Quantity"; Value = "16"; VariantName = "[No Variations]"
Add component (AddParameter): Name = "ShoppingPlace"; Value = "http://belchip.by/product/?selected_product=01814"; VariantName = "[No Variations]"
Add component (AddParameter): Name = "Value"; Value = ""; VariantName = "[No Variations]"
Added Component: Designator=VD8(DO-35)
Add component. Clean all parameters for all variants
Add component (AddParameter): Name = "Manufacturer"; Value = "DC Components"; VariantName = "[No Variations]"
Add component (AddParameter): Name = "Package"; Value = "DO-35"; VariantName = "[No Variations]"
Add component (AddParameter): Name = "Part Number"; Value = "BZX55C3V3"; VariantName = "[No Variations]"
Add component (AddParameter): Name = "Price"; Value = "0.025"; VariantName = "[No Variations]"
Add component (AddParameter): Name = "Quantity"; Value = "16"; VariantName = "[No Variations]"
Add component (AddParameter): Name = "ShoppingPlace"; Value = "http://belchip.by/product/?selected_product=01814"; VariantName = "[No Variations]"
Add component (AddParameter): Name = "Value"; Value = ""; VariantName = "[No Variations]"
Added Pin To Net: NetName=GND Pin=U1-3
Added Pin To Net: NetName=GND Pin=U2-3
Added Pin To Net: NetName=GND Pin=U3-3
Added Pin To Net: NetName=GND Pin=U4-3
Added Pin To Net: NetName=GND Pin=U5-3
Added Pin To Net: NetName=GND Pin=U6-3
Added Pin To Net: NetName=GND Pin=U7-3
Added Pin To Net: NetName=GND Pin=U8-3
Added Net: Name=GND
Added Pin To Net: NetName=INPUT1 Pin=U1-4
Added Net: Name=INPUT1
Added Pin To Net: NetName=INPUT2 Pin=U2-4
Added Net: Name=INPUT2
Added Pin To Net: NetName=INPUT3 Pin=U3-4
Added Net: Name=INPUT3
Added Pin To Net: NetName=INPUT4 Pin=U4-4
Added Net: Name=INPUT4
Added Pin To Net: NetName=INPUT5 Pin=U5-4
Added Net: Name=INPUT5
Added Pin To Net: NetName=INPUT6 Pin=U6-4
Added Net: Name=INPUT6
Added Pin To Net: NetName=INPUT7 Pin=U7-4
Added Net: Name=INPUT7
Added Pin To Net: NetName=INPUT8 Pin=U8-4
Added Net: Name=INPUT8
Added Pin To Net: NetName=NetR1_1 Pin=U4-1
Added Net: Name=NetR1_1
Added Pin To Net: NetName=NetR1_2 Pin=VD1-2
Added Net: Name=NetR1_2
Added Pin To Net: NetName=NetR2_1 Pin=U5-1
Added Net: Name=NetR2_1
Added Pin To Net: NetName=NetR2_2 Pin=VD2-2
Added Net: Name=NetR2_2
Added Pin To Net: NetName=NetR3_1 Pin=U2-1
Added Net: Name=NetR3_1
Added Pin To Net: NetName=NetR3_2 Pin=VD3-2
Added Net: Name=NetR3_2
Added Pin To Net: NetName=NetR4_1 Pin=U3-1
Added Net: Name=NetR4_1
Added Pin To Net: NetName=NetR4_2 Pin=VD4-2
Added Net: Name=NetR4_2
Added Pin To Net: NetName=NetR5_1 Pin=U1-1
Added Net: Name=NetR5_1
Added Pin To Net: NetName=NetR5_2 Pin=VD5-2
Added Net: Name=NetR5_2
Added Net: Name=NetR6_2
Added Net: Name=NetR7_2
Added Net: Name=NetR8_2
Added Net: Name=NetR9_2
Added Net: Name=NetR10_2
Added Net: Name=NetR11_2
Added Net: Name=NetR12_2
Added Net: Name=NetR13_2
Added Net: Name=NetR14_2
Added Net: Name=NetR15_2
Added Pin To Net: NetName=NetR21_1 Pin=U6-1
Added Net: Name=NetR21_1
Added Pin To Net: NetName=NetR21_2 Pin=VD6-2
Added Net: Name=NetR21_2
Added Pin To Net: NetName=NetR22_1 Pin=U7-1
Added Net: Name=NetR22_1
Added Pin To Net: NetName=NetR22_2 Pin=VD7-2
Added Net: Name=NetR22_2
Added Pin To Net: NetName=NetR23_1 Pin=U8-1
Added Net: Name=NetR23_1
Added Pin To Net: NetName=NetR23_2 Pin=VD8-2
Added Net: Name=NetR23_2
Added Net: Name=NetR24_2
Added Net: Name=NetR25_2
Added Net: Name=NetR26_2
Added Net: Name=NetR27_2
Added Net: Name=NetR28_2
Added Net: Name=NetR29_2
Added Net: Name=SW1_1
Added Pin To Net: NetName=SW1_2 Pin=U1-2
Added Pin To Net: NetName=SW1_2 Pin=VD5-1
Added Net: Name=SW1_2
Added Net: Name=SW2_1
Added Pin To Net: NetName=SW2_2 Pin=U2-2
Added Pin To Net: NetName=SW2_2 Pin=VD3-1
Added Net: Name=SW2_2
Added Net: Name=SW3_1
Added Pin To Net: NetName=SW3_2 Pin=U3-2
Added Pin To Net: NetName=SW3_2 Pin=VD4-1
Added Net: Name=SW3_2
Added Net: Name=SW4_1
Added Pin To Net: NetName=SW4_2 Pin=U4-2
Added Pin To Net: NetName=SW4_2 Pin=VD1-1
Added Net: Name=SW4_2
Added Net: Name=SW5_1
Added Pin To Net: NetName=SW5_2 Pin=U5-2
Added Pin To Net: NetName=SW5_2 Pin=VD2-1
Added Net: Name=SW5_2
Added Net: Name=SW6_1
Added Pin To Net: NetName=SW6_2 Pin=U6-2
Added Pin To Net: NetName=SW6_2 Pin=VD6-1
Added Net: Name=SW6_2
Added Net: Name=SW7_1
Added Pin To Net: NetName=SW7_2 Pin=U7-2
Added Pin To Net: NetName=SW7_2 Pin=VD7-1
Added Net: Name=SW7_2
Added Net: Name=SW8_1
Added Pin To Net: NetName=SW8_2 Pin=U8-2
Added Pin To Net: NetName=SW8_2 Pin=VD8-1
Added Net: Name=SW8_2
Added Net: Name=VCC
Added Class: Name=SheetCircuitInputPowerModule220V
Added Room: Name=SheetCircuitInputPowerModule220V
