Added Component: Designator=R1(MOF-2W-15x5)
Add component. Clean all parameters for all variants
Add component (AddParameter): Name = "Manufacturer"; Value = "Royal Ohm"; VariantName = "[No Variations]"
Add component (AddParameter): Name = "Package"; Value = "AXELPackage"; VariantName = "[No Variations]"
Add component (AddParameter): Name = "Part Number"; Value = "CFR02WJ0151P5"; VariantName = "[No Variations]"
Add component (AddParameter): Name = "Power"; Value = "2W"; VariantName = "[No Variations]"
Add component (AddParameter): Name = "Price"; Value = "0.05"; VariantName = "[No Variations]"
Add component (AddParameter): Name = "Quntity"; Value = "24"; VariantName = "[No Variations]"
Add component (AddParameter): Name = "SHoppingPlace"; Value = "http://belchip.by/product/?selected_product=08041"; VariantName = "[No Variations]"
Add component (AddParameter): Name = "Value"; Value = "150"; VariantName = "[No Variations]"
Added Component: Designator=R2(MOF-2W-15x5)
Add component. Clean all parameters for all variants
Add component (AddParameter): Name = "Manufacturer"; Value = "Royal Ohm"; VariantName = "[No Variations]"
Add component (AddParameter): Name = "Package"; Value = "AXELPackage"; VariantName = "[No Variations]"
Add component (AddParameter): Name = "Part Number"; Value = "CFR02WJ0151P5"; VariantName = "[No Variations]"
Add component (AddParameter): Name = "Power"; Value = "2W"; VariantName = "[No Variations]"
Add component (AddParameter): Name = "Price"; Value = "0.05"; VariantName = "[No Variations]"
Add component (AddParameter): Name = "Quntity"; Value = "24"; VariantName = "[No Variations]"
Add component (AddParameter): Name = "SHoppingPlace"; Value = "http://belchip.by/product/?selected_product=08041"; VariantName = "[No Variations]"
Add component (AddParameter): Name = "Value"; Value = "150"; VariantName = "[No Variations]"
Added Component: Designator=R3(MOF-2W-15x5)
Add component. Clean all parameters for all variants
Add component (AddParameter): Name = "Manufacturer"; Value = "Royal Ohm"; VariantName = "[No Variations]"
Add component (AddParameter): Name = "Package"; Value = "AXELPackage"; VariantName = "[No Variations]"
Add component (AddParameter): Name = "Part Number"; Value = "CFR02WJ0151P5"; VariantName = "[No Variations]"
Add component (AddParameter): Name = "Power"; Value = "2W"; VariantName = "[No Variations]"
Add component (AddParameter): Name = "Price"; Value = "0.05"; VariantName = "[No Variations]"
Add component (AddParameter): Name = "Quntity"; Value = "24"; VariantName = "[No Variations]"
Add component (AddParameter): Name = "SHoppingPlace"; Value = "http://belchip.by/product/?selected_product=08041"; VariantName = "[No Variations]"
Add component (AddParameter): Name = "Value"; Value = "150"; VariantName = "[No Variations]"
Added Component: Designator=R4(MOF-2W-15x5)
Add component. Clean all parameters for all variants
Add component (AddParameter): Name = "Manufacturer"; Value = "Royal Ohm"; VariantName = "[No Variations]"
Add component (AddParameter): Name = "Package"; Value = "AXELPackage"; VariantName = "[No Variations]"
Add component (AddParameter): Name = "Part Number"; Value = "CFR02WJ0151P5"; VariantName = "[No Variations]"
Add component (AddParameter): Name = "Power"; Value = "2W"; VariantName = "[No Variations]"
Add component (AddParameter): Name = "Price"; Value = "0.05"; VariantName = "[No Variations]"
Add component (AddParameter): Name = "Quntity"; Value = "24"; VariantName = "[No Variations]"
Add component (AddParameter): Name = "SHoppingPlace"; Value = "http://belchip.by/product/?selected_product=08041"; VariantName = "[No Variations]"
Add component (AddParameter): Name = "Value"; Value = "150"; VariantName = "[No Variations]"
Added Component: Designator=R5(MOF-2W-15x5)
Add component. Clean all parameters for all variants
Add component (AddParameter): Name = "Manufacturer"; Value = "Royal Ohm"; VariantName = "[No Variations]"
Add component (AddParameter): Name = "Package"; Value = "AXELPackage"; VariantName = "[No Variations]"
Add component (AddParameter): Name = "Part Number"; Value = "CFR02WJ0151P5"; VariantName = "[No Variations]"
Add component (AddParameter): Name = "Power"; Value = "2W"; VariantName = "[No Variations]"
Add component (AddParameter): Name = "Price"; Value = "0.05"; VariantName = "[No Variations]"
Add component (AddParameter): Name = "Quntity"; Value = "24"; VariantName = "[No Variations]"
Add component (AddParameter): Name = "SHoppingPlace"; Value = "http://belchip.by/product/?selected_product=08041"; VariantName = "[No Variations]"
Add component (AddParameter): Name = "Value"; Value = "150"; VariantName = "[No Variations]"
Added Component: Designator=R6(MOF-2W-15x5)
Add component. Clean all parameters for all variants
Add component (AddParameter): Name = "Manufacturer"; Value = "Royal Ohm"; VariantName = "[No Variations]"
Add component (AddParameter): Name = "Package"; Value = "AXELPackage"; VariantName = "[No Variations]"
Add component (AddParameter): Name = "Part Number"; Value = "CFR02WJ0512P5"; VariantName = "[No Variations]"
Add component (AddParameter): Name = "Power"; Value = "2W"; VariantName = "[No Variations]"
Add component (AddParameter): Name = "Price"; Value = "0.05"; VariantName = "[No Variations]"
Add component (AddParameter): Name = "Quntity"; Value = "24"; VariantName = "[No Variations]"
Add component (AddParameter): Name = "SHoppingPlace"; Value = "http://belchip.by/product/?selected_product=05907"; VariantName = "[No Variations]"
Add component (AddParameter): Name = "Value"; Value = "5k1"; VariantName = "[No Variations]"
Added Component: Designator=R7(MOF-2W-15x5)
Add component. Clean all parameters for all variants
Add component (AddParameter): Name = "Manufacturer"; Value = "Royal Ohm"; VariantName = "[No Variations]"
Add component (AddParameter): Name = "Package"; Value = "AXELPackage"; VariantName = "[No Variations]"
Add component (AddParameter): Name = "Part Number"; Value = "CFR02WJ0512P5"; VariantName = "[No Variations]"
Add component (AddParameter): Name = "Power"; Value = "2W"; VariantName = "[No Variations]"
Add component (AddParameter): Name = "Price"; Value = "0.05"; VariantName = "[No Variations]"
Add component (AddParameter): Name = "Quntity"; Value = "24"; VariantName = "[No Variations]"
Add component (AddParameter): Name = "SHoppingPlace"; Value = "http://belchip.by/product/?selected_product=05907"; VariantName = "[No Variations]"
Add component (AddParameter): Name = "Value"; Value = "5k1"; VariantName = "[No Variations]"
Added Component: Designator=R8(MOF-2W-15x5)
Add component. Clean all parameters for all variants
Add component (AddParameter): Name = "Manufacturer"; Value = "Royal Ohm"; VariantName = "[No Variations]"
Add component (AddParameter): Name = "Package"; Value = "AXELPackage"; VariantName = "[No Variations]"
Add component (AddParameter): Name = "Part Number"; Value = "CFR02WJ0512P5"; VariantName = "[No Variations]"
Add component (AddParameter): Name = "Power"; Value = "2W"; VariantName = "[No Variations]"
Add component (AddParameter): Name = "Price"; Value = "0.05"; VariantName = "[No Variations]"
Add component (AddParameter): Name = "Quntity"; Value = "24"; VariantName = "[No Variations]"
Add component (AddParameter): Name = "SHoppingPlace"; Value = "http://belchip.by/product/?selected_product=05907"; VariantName = "[No Variations]"
Add component (AddParameter): Name = "Value"; Value = "5k1"; VariantName = "[No Variations]"
Added Component: Designator=R9(MOF-2W-15x5)
Add component. Clean all parameters for all variants
Add component (AddParameter): Name = "Manufacturer"; Value = "Royal Ohm"; VariantName = "[No Variations]"
Add component (AddParameter): Name = "Package"; Value = "AXELPackage"; VariantName = "[No Variations]"
Add component (AddParameter): Name = "Part Number"; Value = "CFR02WJ0512P5"; VariantName = "[No Variations]"
Add component (AddParameter): Name = "Power"; Value = "2W"; VariantName = "[No Variations]"
Add component (AddParameter): Name = "Price"; Value = "0.05"; VariantName = "[No Variations]"
Add component (AddParameter): Name = "Quntity"; Value = "24"; VariantName = "[No Variations]"
Add component (AddParameter): Name = "SHoppingPlace"; Value = "http://belchip.by/product/?selected_product=05907"; VariantName = "[No Variations]"
Add component (AddParameter): Name = "Value"; Value = "5k1"; VariantName = "[No Variations]"
Added Component: Designator=R10(MOF-2W-15x5)
Add component. Clean all parameters for all variants
Add component (AddParameter): Name = "Manufacturer"; Value = "Royal Ohm"; VariantName = "[No Variations]"
Add component (AddParameter): Name = "Package"; Value = "AXELPackage"; VariantName = "[No Variations]"
Add component (AddParameter): Name = "Part Number"; Value = "CFR02WJ0512P5"; VariantName = "[No Variations]"
Add component (AddParameter): Name = "Power"; Value = "2W"; VariantName = "[No Variations]"
Add component (AddParameter): Name = "Price"; Value = "0.05"; VariantName = "[No Variations]"
Add component (AddParameter): Name = "Quntity"; Value = "24"; VariantName = "[No Variations]"
Add component (AddParameter): Name = "SHoppingPlace"; Value = "http://belchip.by/product/?selected_product=05907"; VariantName = "[No Variations]"
Add component (AddParameter): Name = "Value"; Value = "5k1"; VariantName = "[No Variations]"
Added Component: Designator=R11(MOF-2W-15x5)
Add component. Clean all parameters for all variants
Add component (AddParameter): Name = "Manufacturer"; Value = "Royal Ohm"; VariantName = "[No Variations]"
Add component (AddParameter): Name = "Package"; Value = "AXELPackage"; VariantName = "[No Variations]"
Add component (AddParameter): Name = "Part Number"; Value = "CFR02WJ0512P5"; VariantName = "[No Variations]"
Add component (AddParameter): Name = "Power"; Value = "2W"; VariantName = "[No Variations]"
Add component (AddParameter): Name = "Price"; Value = "0.05"; VariantName = "[No Variations]"
Add component (AddParameter): Name = "Quntity"; Value = "24"; VariantName = "[No Variations]"
Add component (AddParameter): Name = "SHoppingPlace"; Value = "http://belchip.by/product/?selected_product=05907"; VariantName = "[No Variations]"
Add component (AddParameter): Name = "Value"; Value = "5k1"; VariantName = "[No Variations]"
Added Component: Designator=R12(MOF-2W-15x5)
Add component. Clean all parameters for all variants
Add component (AddParameter): Name = "Manufacturer"; Value = "Royal Ohm"; VariantName = "[No Variations]"
Add component (AddParameter): Name = "Package"; Value = "AXELPackage"; VariantName = "[No Variations]"
Add component (AddParameter): Name = "Part Number"; Value = "CFR02WJ0512P5"; VariantName = "[No Variations]"
Add component (AddParameter): Name = "Power"; Value = "2W"; VariantName = "[No Variations]"
Add component (AddParameter): Name = "Price"; Value = "0.05"; VariantName = "[No Variations]"
Add component (AddParameter): Name = "Quntity"; Value = "24"; VariantName = "[No Variations]"
Add component (AddParameter): Name = "SHoppingPlace"; Value = "http://belchip.by/product/?selected_product=05907"; VariantName = "[No Variations]"
Add component (AddParameter): Name = "Value"; Value = "5k1"; VariantName = "[No Variations]"
Added Component: Designator=R13(MOF-2W-15x5)
Add component. Clean all parameters for all variants
Add component (AddParameter): Name = "Manufacturer"; Value = "Royal Ohm"; VariantName = "[No Variations]"
Add component (AddParameter): Name = "Package"; Value = "AXELPackage"; VariantName = "[No Variations]"
Add component (AddParameter): Name = "Part Number"; Value = "CFR02WJ0512P5"; VariantName = "[No Variations]"
Add component (AddParameter): Name = "Power"; Value = "2W"; VariantName = "[No Variations]"
Add component (AddParameter): Name = "Price"; Value = "0.05"; VariantName = "[No Variations]"
Add component (AddParameter): Name = "Quntity"; Value = "24"; VariantName = "[No Variations]"
Add component (AddParameter): Name = "SHoppingPlace"; Value = "http://belchip.by/product/?selected_product=05907"; VariantName = "[No Variations]"
Add component (AddParameter): Name = "Value"; Value = "5k1"; VariantName = "[No Variations]"
Added Component: Designator=R14(MOF-2W-15x5)
Add component. Clean all parameters for all variants
Add component (AddParameter): Name = "Manufacturer"; Value = "Royal Ohm"; VariantName = "[No Variations]"
Add component (AddParameter): Name = "Package"; Value = "AXELPackage"; VariantName = "[No Variations]"
Add component (AddParameter): Name = "Part Number"; Value = "CFR02WJ0512P5"; VariantName = "[No Variations]"
Add component (AddParameter): Name = "Power"; Value = "2W"; VariantName = "[No Variations]"
Add component (AddParameter): Name = "Price"; Value = "0.05"; VariantName = "[No Variations]"
Add component (AddParameter): Name = "Quntity"; Value = "24"; VariantName = "[No Variations]"
Add component (AddParameter): Name = "SHoppingPlace"; Value = "http://belchip.by/product/?selected_product=05907"; VariantName = "[No Variations]"
Add component (AddParameter): Name = "Value"; Value = "5k1"; VariantName = "[No Variations]"
Added Component: Designator=R15(MOF-2W-15x5)
Add component. Clean all parameters for all variants
Add component (AddParameter): Name = "Manufacturer"; Value = "Royal Ohm"; VariantName = "[No Variations]"
Add component (AddParameter): Name = "Package"; Value = "AXELPackage"; VariantName = "[No Variations]"
Add component (AddParameter): Name = "Part Number"; Value = "CFR02WJ0512P5"; VariantName = "[No Variations]"
Add component (AddParameter): Name = "Power"; Value = "2W"; VariantName = "[No Variations]"
Add component (AddParameter): Name = "Price"; Value = "0.05"; VariantName = "[No Variations]"
Add component (AddParameter): Name = "Quntity"; Value = "24"; VariantName = "[No Variations]"
Add component (AddParameter): Name = "SHoppingPlace"; Value = "http://belchip.by/product/?selected_product=05907"; VariantName = "[No Variations]"
Add component (AddParameter): Name = "Value"; Value = "5k1"; VariantName = "[No Variations]"
Added Component: Designator=R16(MOF-2W-15x5)
Add component. Clean all parameters for all variants
Add component (AddParameter): Name = "Manufacturer"; Value = "Royal Ohm"; VariantName = "[No Variations]"
Add component (AddParameter): Name = "Package"; Value = "AXELPackage"; VariantName = "[No Variations]"
Add component (AddParameter): Name = "Part Number"; Value = "CFR02WJ0512P5"; VariantName = "[No Variations]"
Add component (AddParameter): Name = "Power"; Value = "2W"; VariantName = "[No Variations]"
Add component (AddParameter): Name = "Price"; Value = "0.05"; VariantName = "[No Variations]"
Add component (AddParameter): Name = "Quntity"; Value = "24"; VariantName = "[No Variations]"
Add component (AddParameter): Name = "SHoppingPlace"; Value = "http://belchip.by/product/?selected_product=05907"; VariantName = "[No Variations]"
Add component (AddParameter): Name = "Value"; Value = "5k1"; VariantName = "[No Variations]"
Added Component: Designator=R17(MOF-2W-15x5)
Add component. Clean all parameters for all variants
Add component (AddParameter): Name = "Manufacturer"; Value = "Royal Ohm"; VariantName = "[No Variations]"
Add component (AddParameter): Name = "Package"; Value = "AXELPackage"; VariantName = "[No Variations]"
Add component (AddParameter): Name = "Part Number"; Value = "CFR02WJ0512P5"; VariantName = "[No Variations]"
Add component (AddParameter): Name = "Power"; Value = "2W"; VariantName = "[No Variations]"
Add component (AddParameter): Name = "Price"; Value = "0.05"; VariantName = "[No Variations]"
Add component (AddParameter): Name = "Quntity"; Value = "24"; VariantName = "[No Variations]"
Add component (AddParameter): Name = "SHoppingPlace"; Value = "http://belchip.by/product/?selected_product=05907"; VariantName = "[No Variations]"
Add component (AddParameter): Name = "Value"; Value = "5k1"; VariantName = "[No Variations]"
Added Component: Designator=R18(MOF-2W-15x5)
Add component. Clean all parameters for all variants
Add component (AddParameter): Name = "Manufacturer"; Value = "Royal Ohm"; VariantName = "[No Variations]"
Add component (AddParameter): Name = "Package"; Value = "AXELPackage"; VariantName = "[No Variations]"
Add component (AddParameter): Name = "Part Number"; Value = "CFR02WJ0512P5"; VariantName = "[No Variations]"
Add component (AddParameter): Name = "Power"; Value = "2W"; VariantName = "[No Variations]"
Add component (AddParameter): Name = "Price"; Value = "0.05"; VariantName = "[No Variations]"
Add component (AddParameter): Name = "Quntity"; Value = "24"; VariantName = "[No Variations]"
Add component (AddParameter): Name = "SHoppingPlace"; Value = "http://belchip.by/product/?selected_product=05907"; VariantName = "[No Variations]"
Add component (AddParameter): Name = "Value"; Value = "5k1"; VariantName = "[No Variations]"
Added Component: Designator=R19(MOF-2W-15x5)
Add component. Clean all parameters for all variants
Add component (AddParameter): Name = "Manufacturer"; Value = "Royal Ohm"; VariantName = "[No Variations]"
Add component (AddParameter): Name = "Package"; Value = "AXELPackage"; VariantName = "[No Variations]"
Add component (AddParameter): Name = "Part Number"; Value = "CFR02WJ0512P5"; VariantName = "[No Variations]"
Add component (AddParameter): Name = "Power"; Value = "2W"; VariantName = "[No Variations]"
Add component (AddParameter): Name = "Price"; Value = "0.05"; VariantName = "[No Variations]"
Add component (AddParameter): Name = "Quntity"; Value = "24"; VariantName = "[No Variations]"
Add component (AddParameter): Name = "SHoppingPlace"; Value = "http://belchip.by/product/?selected_product=05907"; VariantName = "[No Variations]"
Add component (AddParameter): Name = "Value"; Value = "5k1"; VariantName = "[No Variations]"
Added Component: Designator=R20(MOF-2W-15x5)
Add component. Clean all parameters for all variants
Add component (AddParameter): Name = "Manufacturer"; Value = "Royal Ohm"; VariantName = "[No Variations]"
Add component (AddParameter): Name = "Package"; Value = "AXELPackage"; VariantName = "[No Variations]"
Add component (AddParameter): Name = "Part Number"; Value = "CFR02WJ0512P5"; VariantName = "[No Variations]"
Add component (AddParameter): Name = "Power"; Value = "2W"; VariantName = "[No Variations]"
Add component (AddParameter): Name = "Price"; Value = "0.05"; VariantName = "[No Variations]"
Add component (AddParameter): Name = "Quntity"; Value = "24"; VariantName = "[No Variations]"
Add component (AddParameter): Name = "SHoppingPlace"; Value = "http://belchip.by/product/?selected_product=05907"; VariantName = "[No Variations]"
Add component (AddParameter): Name = "Value"; Value = "5k1"; VariantName = "[No Variations]"
Added Component: Designator=R21(MOF-2W-15x5)
Add component. Clean all parameters for all variants
Add component (AddParameter): Name = "Manufacturer"; Value = "Royal Ohm"; VariantName = "[No Variations]"
Add component (AddParameter): Name = "Package"; Value = "AXELPackage"; VariantName = "[No Variations]"
Add component (AddParameter): Name = "Part Number"; Value = "CFR02WJ0151P5"; VariantName = "[No Variations]"
Add component (AddParameter): Name = "Power"; Value = "2W"; VariantName = "[No Variations]"
Add component (AddParameter): Name = "Price"; Value = "0.05"; VariantName = "[No Variations]"
Add component (AddParameter): Name = "Quntity"; Value = "24"; VariantName = "[No Variations]"
Add component (AddParameter): Name = "SHoppingPlace"; Value = "http://belchip.by/product/?selected_product=08041"; VariantName = "[No Variations]"
Add component (AddParameter): Name = "Value"; Value = "150"; VariantName = "[No Variations]"
Added Component: Designator=R22(MOF-2W-15x5)
Add component. Clean all parameters for all variants
Add component (AddParameter): Name = "Manufacturer"; Value = "Royal Ohm"; VariantName = "[No Variations]"
Add component (AddParameter): Name = "Package"; Value = "AXELPackage"; VariantName = "[No Variations]"
Add component (AddParameter): Name = "Part Number"; Value = "CFR02WJ0151P5"; VariantName = "[No Variations]"
Add component (AddParameter): Name = "Power"; Value = "2W"; VariantName = "[No Variations]"
Add component (AddParameter): Name = "Price"; Value = "0.05"; VariantName = "[No Variations]"
Add component (AddParameter): Name = "Quntity"; Value = "24"; VariantName = "[No Variations]"
Add component (AddParameter): Name = "SHoppingPlace"; Value = "http://belchip.by/product/?selected_product=08041"; VariantName = "[No Variations]"
Add component (AddParameter): Name = "Value"; Value = "150"; VariantName = "[No Variations]"
Added Component: Designator=R23(MOF-2W-15x5)
Add component. Clean all parameters for all variants
Add component (AddParameter): Name = "Manufacturer"; Value = "Royal Ohm"; VariantName = "[No Variations]"
Add component (AddParameter): Name = "Package"; Value = "AXELPackage"; VariantName = "[No Variations]"
Add component (AddParameter): Name = "Part Number"; Value = "CFR02WJ0151P5"; VariantName = "[No Variations]"
Add component (AddParameter): Name = "Power"; Value = "2W"; VariantName = "[No Variations]"
Add component (AddParameter): Name = "Price"; Value = "0.05"; VariantName = "[No Variations]"
Add component (AddParameter): Name = "Quntity"; Value = "24"; VariantName = "[No Variations]"
Add component (AddParameter): Name = "SHoppingPlace"; Value = "http://belchip.by/product/?selected_product=08041"; VariantName = "[No Variations]"
Add component (AddParameter): Name = "Value"; Value = "150"; VariantName = "[No Variations]"
Added Component: Designator=R24(MOF-2W-15x5)
Add component. Clean all parameters for all variants
Add component (AddParameter): Name = "Manufacturer"; Value = "Royal Ohm"; VariantName = "[No Variations]"
Add component (AddParameter): Name = "Package"; Value = "AXELPackage"; VariantName = "[No Variations]"
Add component (AddParameter): Name = "Part Number"; Value = "CFR02WJ0512P5"; VariantName = "[No Variations]"
Add component (AddParameter): Name = "Power"; Value = "2W"; VariantName = "[No Variations]"
Add component (AddParameter): Name = "Price"; Value = "0.05"; VariantName = "[No Variations]"
Add component (AddParameter): Name = "Quntity"; Value = "24"; VariantName = "[No Variations]"
Add component (AddParameter): Name = "SHoppingPlace"; Value = "http://belchip.by/product/?selected_product=05907"; VariantName = "[No Variations]"
Add component (AddParameter): Name = "Value"; Value = "5k1"; VariantName = "[No Variations]"
Added Component: Designator=R25(MOF-2W-15x5)
Add component. Clean all parameters for all variants
Add component (AddParameter): Name = "Manufacturer"; Value = "Royal Ohm"; VariantName = "[No Variations]"
Add component (AddParameter): Name = "Package"; Value = "AXELPackage"; VariantName = "[No Variations]"
Add component (AddParameter): Name = "Part Number"; Value = "CFR02WJ0512P5"; VariantName = "[No Variations]"
Add component (AddParameter): Name = "Power"; Value = "2W"; VariantName = "[No Variations]"
Add component (AddParameter): Name = "Price"; Value = "0.05"; VariantName = "[No Variations]"
Add component (AddParameter): Name = "Quntity"; Value = "24"; VariantName = "[No Variations]"
Add component (AddParameter): Name = "SHoppingPlace"; Value = "http://belchip.by/product/?selected_product=05907"; VariantName = "[No Variations]"
Add component (AddParameter): Name = "Value"; Value = "5k1"; VariantName = "[No Variations]"
Added Component: Designator=R26(MOF-2W-15x5)
Add component. Clean all parameters for all variants
Add component (AddParameter): Name = "Manufacturer"; Value = "Royal Ohm"; VariantName = "[No Variations]"
Add component (AddParameter): Name = "Package"; Value = "AXELPackage"; VariantName = "[No Variations]"
Add component (AddParameter): Name = "Part Number"; Value = "CFR02WJ0512P5"; VariantName = "[No Variations]"
Add component (AddParameter): Name = "Power"; Value = "2W"; VariantName = "[No Variations]"
Add component (AddParameter): Name = "Price"; Value = "0.05"; VariantName = "[No Variations]"
Add component (AddParameter): Name = "Quntity"; Value = "24"; VariantName = "[No Variations]"
Add component (AddParameter): Name = "SHoppingPlace"; Value = "http://belchip.by/product/?selected_product=05907"; VariantName = "[No Variations]"
Add component (AddParameter): Name = "Value"; Value = "5k1"; VariantName = "[No Variations]"
Added Component: Designator=R27(MOF-2W-15x5)
Add component. Clean all parameters for all variants
Add component (AddParameter): Name = "Manufacturer"; Value = "Royal Ohm"; VariantName = "[No Variations]"
Add component (AddParameter): Name = "Package"; Value = "AXELPackage"; VariantName = "[No Variations]"
Add component (AddParameter): Name = "Part Number"; Value = "CFR02WJ0512P5"; VariantName = "[No Variations]"
Add component (AddParameter): Name = "Power"; Value = "2W"; VariantName = "[No Variations]"
Add component (AddParameter): Name = "Price"; Value = "0.05"; VariantName = "[No Variations]"
Add component (AddParameter): Name = "Quntity"; Value = "24"; VariantName = "[No Variations]"
Add component (AddParameter): Name = "SHoppingPlace"; Value = "http://belchip.by/product/?selected_product=05907"; VariantName = "[No Variations]"
Add component (AddParameter): Name = "Value"; Value = "5k1"; VariantName = "[No Variations]"
Added Component: Designator=R28(MOF-2W-15x5)
Add component. Clean all parameters for all variants
Add component (AddParameter): Name = "Manufacturer"; Value = "Royal Ohm"; VariantName = "[No Variations]"
Add component (AddParameter): Name = "Package"; Value = "AXELPackage"; VariantName = "[No Variations]"
Add component (AddParameter): Name = "Part Number"; Value = "CFR02WJ0512P5"; VariantName = "[No Variations]"
Add component (AddParameter): Name = "Power"; Value = "2W"; VariantName = "[No Variations]"
Add component (AddParameter): Name = "Price"; Value = "0.05"; VariantName = "[No Variations]"
Add component (AddParameter): Name = "Quntity"; Value = "24"; VariantName = "[No Variations]"
Add component (AddParameter): Name = "SHoppingPlace"; Value = "http://belchip.by/product/?selected_product=05907"; VariantName = "[No Variations]"
Add component (AddParameter): Name = "Value"; Value = "5k1"; VariantName = "[No Variations]"
Added Component: Designator=R29(MOF-2W-15x5)
Add component. Clean all parameters for all variants
Add component (AddParameter): Name = "Manufacturer"; Value = "Royal Ohm"; VariantName = "[No Variations]"
Add component (AddParameter): Name = "Package"; Value = "AXELPackage"; VariantName = "[No Variations]"
Add component (AddParameter): Name = "Part Number"; Value = "CFR02WJ0512P5"; VariantName = "[No Variations]"
Add component (AddParameter): Name = "Power"; Value = "2W"; VariantName = "[No Variations]"
Add component (AddParameter): Name = "Price"; Value = "0.05"; VariantName = "[No Variations]"
Add component (AddParameter): Name = "Quntity"; Value = "24"; VariantName = "[No Variations]"
Add component (AddParameter): Name = "SHoppingPlace"; Value = "http://belchip.by/product/?selected_product=05907"; VariantName = "[No Variations]"
Add component (AddParameter): Name = "Value"; Value = "5k1"; VariantName = "[No Variations]"
Added Component: Designator=R30(MOF-2W-15x5)
Add component. Clean all parameters for all variants
Add component (AddParameter): Name = "Manufacturer"; Value = "Royal Ohm"; VariantName = "[No Variations]"
Add component (AddParameter): Name = "Package"; Value = "AXELPackage"; VariantName = "[No Variations]"
Add component (AddParameter): Name = "Part Number"; Value = "CFR02WJ0512P5"; VariantName = "[No Variations]"
Add component (AddParameter): Name = "Power"; Value = "2W"; VariantName = "[No Variations]"
Add component (AddParameter): Name = "Price"; Value = "0.05"; VariantName = "[No Variations]"
Add component (AddParameter): Name = "Quntity"; Value = "24"; VariantName = "[No Variations]"
Add component (AddParameter): Name = "SHoppingPlace"; Value = "http://belchip.by/product/?selected_product=05907"; VariantName = "[No Variations]"
Add component (AddParameter): Name = "Value"; Value = "5k1"; VariantName = "[No Variations]"
Added Component: Designator=R31(MOF-2W-15x5)
Add component. Clean all parameters for all variants
Add component (AddParameter): Name = "Manufacturer"; Value = "Royal Ohm"; VariantName = "[No Variations]"
Add component (AddParameter): Name = "Package"; Value = "AXELPackage"; VariantName = "[No Variations]"
Add component (AddParameter): Name = "Part Number"; Value = "CFR02WJ0512P5"; VariantName = "[No Variations]"
Add component (AddParameter): Name = "Power"; Value = "2W"; VariantName = "[No Variations]"
Add component (AddParameter): Name = "Price"; Value = "0.05"; VariantName = "[No Variations]"
Add component (AddParameter): Name = "Quntity"; Value = "24"; VariantName = "[No Variations]"
Add component (AddParameter): Name = "SHoppingPlace"; Value = "http://belchip.by/product/?selected_product=05907"; VariantName = "[No Variations]"
Add component (AddParameter): Name = "Value"; Value = "5k1"; VariantName = "[No Variations]"
Added Component: Designator=R32(MOF-2W-15x5)
Add component. Clean all parameters for all variants
Add component (AddParameter): Name = "Manufacturer"; Value = "Royal Ohm"; VariantName = "[No Variations]"
Add component (AddParameter): Name = "Package"; Value = "AXELPackage"; VariantName = "[No Variations]"
Add component (AddParameter): Name = "Part Number"; Value = "CFR02WJ0512P5"; VariantName = "[No Variations]"
Add component (AddParameter): Name = "Power"; Value = "2W"; VariantName = "[No Variations]"
Add component (AddParameter): Name = "Price"; Value = "0.05"; VariantName = "[No Variations]"
Add component (AddParameter): Name = "Quntity"; Value = "24"; VariantName = "[No Variations]"
Add component (AddParameter): Name = "SHoppingPlace"; Value = "http://belchip.by/product/?selected_product=05907"; VariantName = "[No Variations]"
Add component (AddParameter): Name = "Value"; Value = "5k1"; VariantName = "[No Variations]"
Added Component: Designator=U1(DIP-4M)
Add component. Clean all parameters for all variants
Add component (AddParameter): Name = "Manufacturer"; Value = "SHARP"; VariantName = "[No Variations]"
Add component (AddParameter): Name = "Package"; Value = "DIP-4"; VariantName = "[No Variations]"
Add component (AddParameter): Name = "Part Number"; Value = "PC817C"; VariantName = "[No Variations]"
Add component (AddParameter): Name = "Price"; Value = "0.15"; VariantName = "[No Variations]"
Add component (AddParameter): Name = "Quantity"; Value = "8"; VariantName = "[No Variations]"
Add component (AddParameter): Name = "ShoppingPlace"; Value = "http://belchip.by/product/?selected_product=29779"; VariantName = "[No Variations]"
Add component (AddParameter): Name = "Value"; Value = ""; VariantName = "[No Variations]"
Added Component: Designator=U2(DIP-4M)
Add component. Clean all parameters for all variants
Add component (AddParameter): Name = "Manufacturer"; Value = "SHARP"; VariantName = "[No Variations]"
Add component (AddParameter): Name = "Package"; Value = "DIP-4"; VariantName = "[No Variations]"
Add component (AddParameter): Name = "Part Number"; Value = "PC817C"; VariantName = "[No Variations]"
Add component (AddParameter): Name = "Price"; Value = "0.15"; VariantName = "[No Variations]"
Add component (AddParameter): Name = "Quantity"; Value = "8"; VariantName = "[No Variations]"
Add component (AddParameter): Name = "ShoppingPlace"; Value = "http://belchip.by/product/?selected_product=29779"; VariantName = "[No Variations]"
Add component (AddParameter): Name = "Value"; Value = ""; VariantName = "[No Variations]"
Added Component: Designator=U3(DIP-4M)
Add component. Clean all parameters for all variants
Add component (AddParameter): Name = "Manufacturer"; Value = "SHARP"; VariantName = "[No Variations]"
Add component (AddParameter): Name = "Package"; Value = "DIP-4"; VariantName = "[No Variations]"
Add component (AddParameter): Name = "Part Number"; Value = "PC817C"; VariantName = "[No Variations]"
Add component (AddParameter): Name = "Price"; Value = "0.15"; VariantName = "[No Variations]"
Add component (AddParameter): Name = "Quantity"; Value = "8"; VariantName = "[No Variations]"
Add component (AddParameter): Name = "ShoppingPlace"; Value = "http://belchip.by/product/?selected_product=29779"; VariantName = "[No Variations]"
Add component (AddParameter): Name = "Value"; Value = ""; VariantName = "[No Variations]"
Added Component: Designator=U4(DIP-4M)
Add component. Clean all parameters for all variants
Add component (AddParameter): Name = "Manufacturer"; Value = "SHARP"; VariantName = "[No Variations]"
Add component (AddParameter): Name = "Package"; Value = "DIP-4"; VariantName = "[No Variations]"
Add component (AddParameter): Name = "Part Number"; Value = "PC817C"; VariantName = "[No Variations]"
Add component (AddParameter): Name = "Price"; Value = "0.15"; VariantName = "[No Variations]"
Add component (AddParameter): Name = "Quantity"; Value = "8"; VariantName = "[No Variations]"
Add component (AddParameter): Name = "ShoppingPlace"; Value = "http://belchip.by/product/?selected_product=29779"; VariantName = "[No Variations]"
Add component (AddParameter): Name = "Value"; Value = ""; VariantName = "[No Variations]"
Added Component: Designator=U5(DIP-4M)
Add component. Clean all parameters for all variants
Add component (AddParameter): Name = "Manufacturer"; Value = "SHARP"; VariantName = "[No Variations]"
Add component (AddParameter): Name = "Package"; Value = "DIP-4"; VariantName = "[No Variations]"
Add component (AddParameter): Name = "Part Number"; Value = "PC817C"; VariantName = "[No Variations]"
Add component (AddParameter): Name = "Price"; Value = "0.15"; VariantName = "[No Variations]"
Add component (AddParameter): Name = "Quantity"; Value = "8"; VariantName = "[No Variations]"
Add component (AddParameter): Name = "ShoppingPlace"; Value = "http://belchip.by/product/?selected_product=29779"; VariantName = "[No Variations]"
Add component (AddParameter): Name = "Value"; Value = ""; VariantName = "[No Variations]"
Added Component: Designator=U6(DIP-4M)
Add component. Clean all parameters for all variants
Add component (AddParameter): Name = "Manufacturer"; Value = "SHARP"; VariantName = "[No Variations]"
Add component (AddParameter): Name = "Package"; Value = "DIP-4"; VariantName = "[No Variations]"
Add component (AddParameter): Name = "Part Number"; Value = "PC817C"; VariantName = "[No Variations]"
Add component (AddParameter): Name = "Price"; Value = "0.15"; VariantName = "[No Variations]"
Add component (AddParameter): Name = "Quantity"; Value = "8"; VariantName = "[No Variations]"
Add component (AddParameter): Name = "ShoppingPlace"; Value = "http://belchip.by/product/?selected_product=29779"; VariantName = "[No Variations]"
Add component (AddParameter): Name = "Value"; Value = ""; VariantName = "[No Variations]"
Added Component: Designator=U7(DIP-4M)
Add component. Clean all parameters for all variants
Add component (AddParameter): Name = "Manufacturer"; Value = "SHARP"; VariantName = "[No Variations]"
Add component (AddParameter): Name = "Package"; Value = "DIP-4"; VariantName = "[No Variations]"
Add component (AddParameter): Name = "Part Number"; Value = "PC817C"; VariantName = "[No Variations]"
Add component (AddParameter): Name = "Price"; Value = "0.15"; VariantName = "[No Variations]"
Add component (AddParameter): Name = "Quantity"; Value = "8"; VariantName = "[No Variations]"
Add component (AddParameter): Name = "ShoppingPlace"; Value = "http://belchip.by/product/?selected_product=29779"; VariantName = "[No Variations]"
Add component (AddParameter): Name = "Value"; Value = ""; VariantName = "[No Variations]"
Added Component: Designator=U8(DIP-4M)
Add component. Clean all parameters for all variants
Add component (AddParameter): Name = "Manufacturer"; Value = "SHARP"; VariantName = "[No Variations]"
Add component (AddParameter): Name = "Package"; Value = "DIP-4"; VariantName = "[No Variations]"
Add component (AddParameter): Name = "Part Number"; Value = "PC817C"; VariantName = "[No Variations]"
Add component (AddParameter): Name = "Price"; Value = "0.15"; VariantName = "[No Variations]"
Add component (AddParameter): Name = "Quantity"; Value = "8"; VariantName = "[No Variations]"
Add component (AddParameter): Name = "ShoppingPlace"; Value = "http://belchip.by/product/?selected_product=29779"; VariantName = "[No Variations]"
Add component (AddParameter): Name = "Value"; Value = ""; VariantName = "[No Variations]"
Added Component: Designator=VD1(DO-35)
Add component. Clean all parameters for all variants
Add component (AddParameter): Name = "Manufacturer"; Value = "DC Components"; VariantName = "[No Variations]"
Add component (AddParameter): Name = "Package"; Value = "DO-35"; VariantName = "[No Variations]"
Add component (AddParameter): Name = "Part Number"; Value = "BZX55C3V3"; VariantName = "[No Variations]"
Add component (AddParameter): Name = "Price"; Value = "0.025"; VariantName = "[No Variations]"
Add component (AddParameter): Name = "Quantity"; Value = "16"; VariantName = "[No Variations]"
Add component (AddParameter): Name = "ShoppingPlace"; Value = "http://belchip.by/product/?selected_product=01814"; VariantName = "[No Variations]"
Add component (AddParameter): Name = "Value"; Value = ""; VariantName = "[No Variations]"
Added Component: Designator=VD2(DO-35)
Add component. Clean all parameters for all variants
Add component (AddParameter): Name = "Manufacturer"; Value = "DC Components"; VariantName = "[No Variations]"
Add component (AddParameter): Name = "Package"; Value = "DO-35"; VariantName = "[No Variations]"
Add component (AddParameter): Name = "Part Number"; Value = "BZX55C3V3"; VariantName = "[No Variations]"
Add component (AddParameter): Name = "Price"; Value = "0.025"; VariantName = "[No Variations]"
Add component (AddParameter): Name = "Quantity"; Value = "16"; VariantName = "[No Variations]"
Add component (AddParameter): Name = "ShoppingPlace"; Value = "http://belchip.by/product/?selected_product=01814"; VariantName = "[No Variations]"
Add component (AddParameter): Name = "Value"; Value = ""; VariantName = "[No Variations]"
Added Component: Designator=VD3(DO-35)
Add component. Clean all parameters for all variants
Add component (AddParameter): Name = "Manufacturer"; Value = "DC Components"; VariantName = "[No Variations]"
Add component (AddParameter): Name = "Package"; Value = "DO-35"; VariantName = "[No Variations]"
Add component (AddParameter): Name = "Part Number"; Value = "BZX55C3V3"; VariantName = "[No Variations]"
Add component (AddParameter): Name = "Price"; Value = "0.025"; VariantName = "[No Variations]"
Add component (AddParameter): Name = "Quantity"; Value = "16"; VariantName = "[No Variations]"
Add component (AddParameter): Name = "ShoppingPlace"; Value = "http://belchip.by/product/?selected_product=01814"; VariantName = "[No Variations]"
Add component (AddParameter): Name = "Value"; Value = ""; VariantName = "[No Variations]"
Added Component: Designator=VD4(DO-35)
Add component. Clean all parameters for all variants
Add component (AddParameter): Name = "Manufacturer"; Value = "DC Components"; VariantName = "[No Variations]"
Add component (AddParameter): Name = "Package"; Value = "DO-35"; VariantName = "[No Variations]"
Add component (AddParameter): Name = "Part Number"; Value = "BZX55C3V3"; VariantName = "[No Variations]"
Add component (AddParameter): Name = "Price"; Value = "0.025"; VariantName = "[No Variations]"
Add component (AddParameter): Name = "Quantity"; Value = "16"; VariantName = "[No Variations]"
Add component (AddParameter): Name = "ShoppingPlace"; Value = "http://belchip.by/product/?selected_product=01814"; VariantName = "[No Variations]"
Add component (AddParameter): Name = "Value"; Value = ""; VariantName = "[No Variations]"
Added Component: Designator=VD5(DO-35)
Add component. Clean all parameters for all variants
Add component (AddParameter): Name = "Manufacturer"; Value = "DC Components"; VariantName = "[No Variations]"
Add component (AddParameter): Name = "Package"; Value = "DO-35"; VariantName = "[No Variations]"
Add component (AddParameter): Name = "Part Number"; Value = "BZX55C3V3"; VariantName = "[No Variations]"
Add component (AddParameter): Name = "Price"; Value = "0.025"; VariantName = "[No Variations]"
Add component (AddParameter): Name = "Quantity"; Value = "16"; VariantName = "[No Variations]"
Add component (AddParameter): Name = "ShoppingPlace"; Value = "http://belchip.by/product/?selected_product=01814"; VariantName = "[No Variations]"
Add component (AddParameter): Name = "Value"; Value = ""; VariantName = "[No Variations]"
Added Component: Designator=VD6(DO-35)
Add component. Clean all parameters for all variants
Add component (AddParameter): Name = "Manufacturer"; Value = "DC Components"; VariantName = "[No Variations]"
Add component (AddParameter): Name = "Package"; Value = "DO-35"; VariantName = "[No Variations]"
Add component (AddParameter): Name = "Part Number"; Value = "BZX55C3V3"; VariantName = "[No Variations]"
Add component (AddParameter): Name = "Price"; Value = "0.025"; VariantName = "[No Variations]"
Add component (AddParameter): Name = "Quantity"; Value = "16"; VariantName = "[No Variations]"
Add component (AddParameter): Name = "ShoppingPlace"; Value = "http://belchip.by/product/?selected_product=01814"; VariantName = "[No Variations]"
Add component (AddParameter): Name = "Value"; Value = ""; VariantName = "[No Variations]"
Added Component: Designator=VD7(DO-35)
Add component. Clean all parameters for all variants
Add component (AddParameter): Name = "Manufacturer"; Value = "DC Components"; VariantName = "[No Variations]"
Add component (AddParameter): Name = "Package"; Value = "DO-35"; VariantName = "[No Variations]"
Add component (AddParameter): Name = "Part Number"; Value = "BZX55C3V3"; VariantName = "[No Variations]"
Add component (AddParameter): Name = "Price"; Value = "0.025"; VariantName = "[No Variations]"
Add component (AddParameter): Name = "Quantity"; Value = "16"; VariantName = "[No Variations]"
Add component (AddParameter): Name = "ShoppingPlace"; Value = "http://belchip.by/product/?selected_product=01814"; VariantName = "[No Variations]"
Add component (AddParameter): Name = "Value"; Value = ""; VariantName = "[No Variations]"
Added Component: Designator=VD8(DO-35)
Add component. Clean all parameters for all variants
Add component (AddParameter): Name = "Manufacturer"; Value = "DC Components"; VariantName = "[No Variations]"
Add component (AddParameter): Name = "Package"; Value = "DO-35"; VariantName = "[No Variations]"
Add component (AddParameter): Name = "Part Number"; Value = "BZX55C3V3"; VariantName = "[No Variations]"
Add component (AddParameter): Name = "Price"; Value = "0.025"; VariantName = "[No Variations]"
Add component (AddParameter): Name = "Quantity"; Value = "16"; VariantName = "[No Variations]"
Add component (AddParameter): Name = "ShoppingPlace"; Value = "http://belchip.by/product/?selected_product=01814"; VariantName = "[No Variations]"
Add component (AddParameter): Name = "Value"; Value = ""; VariantName = "[No Variations]"
Added Component: Designator=XP1(IDC-10-2)
Add component. Clean all parameters for all variants
Add component (AddParameter): Name = "Manufacturer"; Value = "RUICHI"; VariantName = "[No Variations]"
Add component (AddParameter): Name = "Part Number"; Value = "IDC BH-10"; VariantName = "[No Variations]"
Add component (AddParameter): Name = "Price"; Value = "0.22"; VariantName = "[No Variations]"
Add component (AddParameter): Name = "Quantity"; Value = "1"; VariantName = "[No Variations]"
Add component (AddParameter): Name = "ShoppingPlace"; Value = "http://belchip.by/product/?selected_product=01919"; VariantName = "[No Variations]"
Add component (AddParameter): Name = "Value"; Value = ""; VariantName = "[No Variations]"
Added Component: Designator=XT1(KLS2-EDR-500-8P)
Add component. Clean all parameters for all variants
Add component (AddParameter): Name = "Manufacturer"; Value = "KLS"; VariantName = "[No Variations]"
Add component (AddParameter): Name = "Part Number"; Value = "KLS2-EDGK-500-08P-4C"; VariantName = "[No Variations]"
Add component (AddParameter): Name = "Price"; Value = "0.55"; VariantName = "[No Variations]"
Add component (AddParameter): Name = "Quantity"; Value = "2"; VariantName = "[No Variations]"
Add component (AddParameter): Name = "ShoppingPlace"; Value = "http://belchip.by/product/?selected_product=19113"; VariantName = "[No Variations]"
Add component (AddParameter): Name = "Value"; Value = ""; VariantName = "[No Variations]"
Added Component: Designator=XT2(KLS2-EDR-500-8P)
Add component. Clean all parameters for all variants
Add component (AddParameter): Name = "Manufacturer"; Value = "KLS"; VariantName = "[No Variations]"
Add component (AddParameter): Name = "Part Number"; Value = "KLS2-EDGK-500-08P-4C"; VariantName = "[No Variations]"
Add component (AddParameter): Name = "Price"; Value = "0.55"; VariantName = "[No Variations]"
Add component (AddParameter): Name = "Quantity"; Value = "2"; VariantName = "[No Variations]"
Add component (AddParameter): Name = "ShoppingPlace"; Value = "http://belchip.by/product/?selected_product=19113"; VariantName = "[No Variations]"
Add component (AddParameter): Name = "Value"; Value = ""; VariantName = "[No Variations]"
Added Pin To Net: NetName=GND Pin=U1-3
Added Pin To Net: NetName=GND Pin=U2-3
Added Pin To Net: NetName=GND Pin=U3-3
Added Pin To Net: NetName=GND Pin=U4-3
Added Pin To Net: NetName=GND Pin=U5-3
Added Pin To Net: NetName=GND Pin=U6-3
Added Pin To Net: NetName=GND Pin=U7-3
Added Pin To Net: NetName=GND Pin=U8-3
Added Pin To Net: NetName=GND Pin=XP1-10
Added Net: Name=GND
Added Pin To Net: NetName=INPUT1 Pin=U1-4
Added Pin To Net: NetName=INPUT1 Pin=XP1-1
Added Net: Name=INPUT1
Added Pin To Net: NetName=INPUT2 Pin=U2-4
Added Pin To Net: NetName=INPUT2 Pin=XP1-2
Added Net: Name=INPUT2
Added Pin To Net: NetName=INPUT3 Pin=U3-4
Added Pin To Net: NetName=INPUT3 Pin=XP1-3
Added Net: Name=INPUT3
Added Pin To Net: NetName=INPUT4 Pin=U4-4
Added Pin To Net: NetName=INPUT4 Pin=XP1-4
Added Net: Name=INPUT4
Added Pin To Net: NetName=INPUT5 Pin=U5-4
Added Pin To Net: NetName=INPUT5 Pin=XP1-5
Added Net: Name=INPUT5
Added Pin To Net: NetName=INPUT6 Pin=U6-4
Added Pin To Net: NetName=INPUT6 Pin=XP1-6
Added Net: Name=INPUT6
Added Pin To Net: NetName=INPUT7 Pin=U7-4
Added Pin To Net: NetName=INPUT7 Pin=XP1-7
Added Net: Name=INPUT7
Added Pin To Net: NetName=INPUT8 Pin=U8-4
Added Pin To Net: NetName=INPUT8 Pin=XP1-8
Added Net: Name=INPUT8
Added Pin To Net: NetName=NetR1_1 Pin=R1-1
Added Pin To Net: NetName=NetR1_1 Pin=U4-1
Added Net: Name=NetR1_1
Added Pin To Net: NetName=NetR1_2 Pin=R1-2
Added Pin To Net: NetName=NetR1_2 Pin=R6-1
Added Pin To Net: NetName=NetR1_2 Pin=VD1-2
Added Net: Name=NetR1_2
Added Pin To Net: NetName=NetR2_1 Pin=R2-1
Added Pin To Net: NetName=NetR2_1 Pin=U5-1
Added Net: Name=NetR2_1
Added Pin To Net: NetName=NetR2_2 Pin=R2-2
Added Pin To Net: NetName=NetR2_2 Pin=R7-1
Added Pin To Net: NetName=NetR2_2 Pin=VD2-2
Added Net: Name=NetR2_2
Added Pin To Net: NetName=NetR3_1 Pin=R3-1
Added Pin To Net: NetName=NetR3_1 Pin=U2-1
Added Net: Name=NetR3_1
Added Pin To Net: NetName=NetR3_2 Pin=R3-2
Added Pin To Net: NetName=NetR3_2 Pin=R8-1
Added Pin To Net: NetName=NetR3_2 Pin=VD3-2
Added Net: Name=NetR3_2
Added Pin To Net: NetName=NetR4_1 Pin=R4-1
Added Pin To Net: NetName=NetR4_1 Pin=U3-1
Added Net: Name=NetR4_1
Added Pin To Net: NetName=NetR4_2 Pin=R4-2
Added Pin To Net: NetName=NetR4_2 Pin=R9-1
Added Pin To Net: NetName=NetR4_2 Pin=VD4-2
Added Net: Name=NetR4_2
Added Pin To Net: NetName=NetR5_1 Pin=R5-1
Added Pin To Net: NetName=NetR5_1 Pin=U1-1
Added Net: Name=NetR5_1
Added Pin To Net: NetName=NetR5_2 Pin=R5-2
Added Pin To Net: NetName=NetR5_2 Pin=R10-1
Added Pin To Net: NetName=NetR5_2 Pin=VD5-2
Added Net: Name=NetR5_2
Added Pin To Net: NetName=NetR6_2 Pin=R6-2
Added Pin To Net: NetName=NetR6_2 Pin=R11-1
Added Net: Name=NetR6_2
Added Pin To Net: NetName=NetR7_2 Pin=R7-2
Added Pin To Net: NetName=NetR7_2 Pin=R12-1
Added Net: Name=NetR7_2
Added Pin To Net: NetName=NetR8_2 Pin=R8-2
Added Pin To Net: NetName=NetR8_2 Pin=R13-1
Added Net: Name=NetR8_2
Added Pin To Net: NetName=NetR9_2 Pin=R9-2
Added Pin To Net: NetName=NetR9_2 Pin=R14-1
Added Net: Name=NetR9_2
Added Pin To Net: NetName=NetR10_2 Pin=R10-2
Added Pin To Net: NetName=NetR10_2 Pin=R15-1
Added Net: Name=NetR10_2
Added Pin To Net: NetName=NetR11_2 Pin=R11-2
Added Pin To Net: NetName=NetR11_2 Pin=R16-1
Added Net: Name=NetR11_2
Added Pin To Net: NetName=NetR12_2 Pin=R12-2
Added Pin To Net: NetName=NetR12_2 Pin=R17-1
Added Net: Name=NetR12_2
Added Pin To Net: NetName=NetR13_2 Pin=R13-2
Added Pin To Net: NetName=NetR13_2 Pin=R18-1
Added Net: Name=NetR13_2
Added Pin To Net: NetName=NetR14_2 Pin=R14-2
Added Pin To Net: NetName=NetR14_2 Pin=R19-1
Added Net: Name=NetR14_2
Added Pin To Net: NetName=NetR15_2 Pin=R15-2
Added Pin To Net: NetName=NetR15_2 Pin=R20-1
Added Net: Name=NetR15_2
Added Pin To Net: NetName=NetR21_1 Pin=R21-1
Added Pin To Net: NetName=NetR21_1 Pin=U6-1
Added Net: Name=NetR21_1
Added Pin To Net: NetName=NetR21_2 Pin=R21-2
Added Pin To Net: NetName=NetR21_2 Pin=R24-1
Added Pin To Net: NetName=NetR21_2 Pin=VD6-2
Added Net: Name=NetR21_2
Added Pin To Net: NetName=NetR22_1 Pin=R22-1
Added Pin To Net: NetName=NetR22_1 Pin=U7-1
Added Net: Name=NetR22_1
Added Pin To Net: NetName=NetR22_2 Pin=R22-2
Added Pin To Net: NetName=NetR22_2 Pin=R25-1
Added Pin To Net: NetName=NetR22_2 Pin=VD7-2
Added Net: Name=NetR22_2
Added Pin To Net: NetName=NetR23_1 Pin=R23-1
Added Pin To Net: NetName=NetR23_1 Pin=U8-1
Added Net: Name=NetR23_1
Added Pin To Net: NetName=NetR23_2 Pin=R23-2
Added Pin To Net: NetName=NetR23_2 Pin=R26-1
Added Pin To Net: NetName=NetR23_2 Pin=VD8-2
Added Net: Name=NetR23_2
Added Pin To Net: NetName=NetR24_2 Pin=R24-2
Added Pin To Net: NetName=NetR24_2 Pin=R27-1
Added Net: Name=NetR24_2
Added Pin To Net: NetName=NetR25_2 Pin=R25-2
Added Pin To Net: NetName=NetR25_2 Pin=R28-1
Added Net: Name=NetR25_2
Added Pin To Net: NetName=NetR26_2 Pin=R26-2
Added Pin To Net: NetName=NetR26_2 Pin=R29-1
Added Net: Name=NetR26_2
Added Pin To Net: NetName=NetR27_2 Pin=R27-2
Added Pin To Net: NetName=NetR27_2 Pin=R30-1
Added Net: Name=NetR27_2
Added Pin To Net: NetName=NetR28_2 Pin=R28-2
Added Pin To Net: NetName=NetR28_2 Pin=R31-1
Added Net: Name=NetR28_2
Added Pin To Net: NetName=NetR29_2 Pin=R29-2
Added Pin To Net: NetName=NetR29_2 Pin=R32-1
Added Net: Name=NetR29_2
Added Pin To Net: NetName=SW1_1 Pin=R20-2
Added Pin To Net: NetName=SW1_1 Pin=XT1-1
Added Net: Name=SW1_1
Added Pin To Net: NetName=SW1_2 Pin=U1-2
Added Pin To Net: NetName=SW1_2 Pin=VD5-1
Added Pin To Net: NetName=SW1_2 Pin=XT1-2
Added Net: Name=SW1_2
Added Pin To Net: NetName=SW2_1 Pin=R18-2
Added Pin To Net: NetName=SW2_1 Pin=XT1-3
Added Net: Name=SW2_1
Added Pin To Net: NetName=SW2_2 Pin=U2-2
Added Pin To Net: NetName=SW2_2 Pin=VD3-1
Added Pin To Net: NetName=SW2_2 Pin=XT1-4
Added Net: Name=SW2_2
Added Pin To Net: NetName=SW3_1 Pin=R19-2
Added Pin To Net: NetName=SW3_1 Pin=XT1-5
Added Net: Name=SW3_1
Added Pin To Net: NetName=SW3_2 Pin=U3-2
Added Pin To Net: NetName=SW3_2 Pin=VD4-1
Added Pin To Net: NetName=SW3_2 Pin=XT1-6
Added Net: Name=SW3_2
Added Pin To Net: NetName=SW4_1 Pin=R16-2
Added Pin To Net: NetName=SW4_1 Pin=XT1-7
Added Net: Name=SW4_1
Added Pin To Net: NetName=SW4_2 Pin=U4-2
Added Pin To Net: NetName=SW4_2 Pin=VD1-1
Added Pin To Net: NetName=SW4_2 Pin=XT1-8
Added Net: Name=SW4_2
Added Pin To Net: NetName=SW5_1 Pin=R17-2
Added Pin To Net: NetName=SW5_1 Pin=XT2-1
Added Net: Name=SW5_1
Added Pin To Net: NetName=SW5_2 Pin=U5-2
Added Pin To Net: NetName=SW5_2 Pin=VD2-1
Added Pin To Net: NetName=SW5_2 Pin=XT2-2
Added Net: Name=SW5_2
Added Pin To Net: NetName=SW6_1 Pin=R30-2
Added Pin To Net: NetName=SW6_1 Pin=XT2-3
Added Net: Name=SW6_1
Added Pin To Net: NetName=SW6_2 Pin=U6-2
Added Pin To Net: NetName=SW6_2 Pin=VD6-1
Added Pin To Net: NetName=SW6_2 Pin=XT2-4
Added Net: Name=SW6_2
Added Pin To Net: NetName=SW7_1 Pin=R31-2
Added Pin To Net: NetName=SW7_1 Pin=XT2-5
Added Net: Name=SW7_1
Added Pin To Net: NetName=SW7_2 Pin=U7-2
Added Pin To Net: NetName=SW7_2 Pin=VD7-1
Added Pin To Net: NetName=SW7_2 Pin=XT2-6
Added Net: Name=SW7_2
Added Pin To Net: NetName=SW8_1 Pin=R32-2
Added Pin To Net: NetName=SW8_1 Pin=XT2-7
Added Net: Name=SW8_1
Added Pin To Net: NetName=SW8_2 Pin=U8-2
Added Pin To Net: NetName=SW8_2 Pin=VD8-1
Added Pin To Net: NetName=SW8_2 Pin=XT2-8
Added Net: Name=SW8_2
Added Pin To Net: NetName=VCC Pin=XP1-9
Added Net: Name=VCC
Added Class: Name=SheetCircuitInputPowerModule220V
Added Room: Name=SheetCircuitInputPowerModule220V
